{"E:\\chinaunion\\shuyan\\datasophon\\datasophon-ui\\src\\api\\interceptors.ts": {"path":"E:\\chinaunion\\shuyan\\datasophon\\datasophon-ui\\src\\api\\interceptors.ts","statementMap":{"0":{"start":{"line":28,"column":27},"end":{"line":46,"column":null}},"1":{"start":{"line":48,"column":23},"end":{"line":80,"column":null}},"2":{"start":{"line":49,"column":2},"end":{"line":79,"column":null}},"3":{"start":{"line":51,"column":21},"end":{"line":51,"column":null}},"4":{"start":{"line":54,"column":20},"end":{"line":54,"column":71}},"5":{"start":{"line":56,"column":4},"end":{"line":56,"column":null}},"6":{"start":{"line":58,"column":4},"end":{"line":58,"column":null}},"7":{"start":{"line":60,"column":4},"end":{"line":68,"column":null}},"8":{"start":{"line":61,"column":6},"end":{"line":61,"column":null}},"9":{"start":{"line":62,"column":6},"end":{"line":62,"column":null}},"10":{"start":{"line":64,"column":6},"end":{"line":66,"column":null}},"11":{"start":{"line":65,"column":8},"end":{"line":65,"column":null}},"12":{"start":{"line":70,"column":17},"end":{"line":74,"column":null}},"13":{"start":{"line":76,"column":4},"end":{"line":76,"column":null}},"14":{"start":{"line":83,"column":0},"end":{"line":99,"column":null}},"15":{"start":{"line":86,"column":4},"end":{"line":91,"column":null}},"16":{"start":{"line":88,"column":6},"end":{"line":90,"column":null}},"17":{"start":{"line":89,"column":8},"end":{"line":89,"column":null}},"18":{"start":{"line":92,"column":4},"end":{"line":94,"column":null}},"19":{"start":{"line":95,"column":4},"end":{"line":95,"column":null}},"20":{"start":{"line":98,"column":4},"end":{"line":98,"column":null}},"21":{"start":{"line":102,"column":0},"end":{"line":115,"column":null}},"22":{"start":{"line":106,"column":4},"end":{"line":106,"column":null}},"23":{"start":{"line":109,"column":17},"end":{"line":109,"column":null}},"24":{"start":{"line":111,"column":4},"end":{"line":114,"column":null}}},"fnMap":{"0":{"name":"(anonymous_0)","decl":{"start":{"line":48,"column":23},"end":{"line":48,"column":24}},"loc":{"start":{"line":48,"column":24},"end":{"line":80,"column":null}},"line":48},"1":{"name":"(anonymous_1)","decl":{"start":{"line":64,"column":17},"end":{"line":64,"column":null}},"loc":{"start":{"line":64,"column":17},"end":{"line":66,"column":9}},"line":64},"2":{"name":"(anonymous_2)","decl":{"start":{"line":84,"column":2},"end":{"line":84,"column":3}},"loc":{"start":{"line":84,"column":3},"end":{"line":96,"column":null}},"line":84},"3":{"name":"(anonymous_3)","decl":{"start":{"line":97,"column":2},"end":{"line":97,"column":3}},"loc":{"start":{"line":97,"column":3},"end":{"line":99,"column":null}},"line":97},"4":{"name":"(anonymous_4)","decl":{"start":{"line":103,"column":2},"end":{"line":103,"column":3}},"loc":{"start":{"line":103,"column":3},"end":{"line":107,"column":null}},"line":103},"5":{"name":"(anonymous_5)","decl":{"start":{"line":108,"column":2},"end":{"line":108,"column":3}},"loc":{"start":{"line":108,"column":3},"end":{"line":115,"column":null}},"line":108}},"branchMap":{"0":{"loc":{"start":{"line":54,"column":20},"end":{"line":54,"column":71}},"type":"binary-expr","locations":[{"start":{"line":54,"column":20},"end":{"line":54,"column":48}},{"start":{"line":54,"column":52},"end":{"line":54,"column":71}}],"line":54},"1":{"loc":{"start":{"line":56,"column":29},"end":{"line":56,"column":51}},"type":"binary-expr","locations":[{"start":{"line":56,"column":29},"end":{"line":56,"column":44}},{"start":{"line":56,"column":48},"end":{"line":56,"column":51}}],"line":56},"2":{"loc":{"start":{"line":60,"column":4},"end":{"line":68,"column":null}},"type":"if","locations":[{"start":{"line":60,"column":4},"end":{"line":68,"column":null}},{"start":{},"end":{}}],"line":60},"3":{"loc":{"start":{"line":86,"column":4},"end":{"line":91,"column":null}},"type":"if","locations":[{"start":{"line":86,"column":4},"end":{"line":91,"column":null}},{"start":{},"end":{}}],"line":86},"4":{"loc":{"start":{"line":88,"column":6},"end":{"line":90,"column":null}},"type":"if","locations":[{"start":{"line":88,"column":6},"end":{"line":90,"column":null}},{"start":{},"end":{}}],"line":88},"5":{"loc":{"start":{"line":88,"column":10},"end":{"line":88,"column":61}},"type":"binary-expr","locations":[{"start":{"line":88,"column":10},"end":{"line":88,"column":30}},{"start":{"line":88,"column":34},"end":{"line":88,"column":61}}],"line":88},"6":{"loc":{"start":{"line":92,"column":37},"end":{"line":94,"column":null}},"type":"cond-expr","locations":[{"start":{"line":93,"column":8},"end":{"line":93,"column":26}},{"start":{"line":94,"column":8},"end":{"line":94,"column":null}}],"line":92}},"s":{"0":1,"1":1,"2":0,"3":0,"4":0,"5":0,"6":0,"7":0,"8":0,"9":0,"10":0,"11":0,"12":0,"13":0,"14":1,"15":0,"16":0,"17":0,"18":0,"19":0,"20":0,"21":1,"22":0,"23":0,"24":0},"f":{"0":0,"1":0,"2":0,"3":0,"4":0,"5":0},"b":{"0":[0,0],"1":[0,0],"2":[0,0],"3":[0,0],"4":[0,0],"5":[0,0],"6":[0,0]},"meta":{"lastBranch":7,"lastFunction":6,"lastStatement":25,"seen":{"s:28:27:46:Infinity":0,"s:48:23:80:Infinity":1,"f:48:23:48:24":0,"s:49:2:79:Infinity":2,"s:51:21:51:Infinity":3,"s:54:20:54:71":4,"b:54:20:54:48:54:52:54:71":0,"s:56:4:56:Infinity":5,"b:56:29:56:44:56:48:56:51":1,"s:58:4:58:Infinity":6,"b:60:4:68:Infinity:undefined:undefined:undefined:undefined":2,"s:60:4:68:Infinity":7,"s:61:6:61:Infinity":8,"s:62:6:62:Infinity":9,"s:64:6:66:Infinity":10,"f:64:17:64:Infinity":1,"s:65:8:65:Infinity":11,"s:70:17:74:Infinity":12,"s:76:4:76:Infinity":13,"s:83:0:99:Infinity":14,"f:84:2:84:3":2,"b:86:4:91:Infinity:undefined:undefined:undefined:undefined":3,"s:86:4:91:Infinity":15,"b:88:6:90:Infinity:undefined:undefined:undefined:undefined":4,"s:88:6:90:Infinity":16,"b:88:10:88:30:88:34:88:61":5,"s:89:8:89:Infinity":17,"s:92:4:94:Infinity":18,"b:93:8:93:26:94:8:94:Infinity":6,"s:95:4:95:Infinity":19,"f:97:2:97:3":3,"s:98:4:98:Infinity":20,"s:102:0:115:Infinity":21,"f:103:2:103:3":4,"s:106:4:106:Infinity":22,"f:108:2:108:3":5,"s:109:17:109:Infinity":23,"s:111:4:114:Infinity":24}}}
,"E:\\chinaunion\\shuyan\\datasophon\\datasophon-ui\\src\\api\\request.ts": {"path":"E:\\chinaunion\\shuyan\\datasophon\\datasophon-ui\\src\\api\\request.ts","statementMap":{"0":{"start":{"line":26,"column":28},"end":{"line":32,"column":null}},"1":{"start":{"line":27,"column":17},"end":{"line":27,"column":null}},"2":{"start":{"line":28,"column":2},"end":{"line":30,"column":null}},"3":{"start":{"line":29,"column":4},"end":{"line":29,"column":null}},"4":{"start":{"line":31,"column":2},"end":{"line":31,"column":null}},"5":{"start":{"line":34,"column":24},"end":{"line":44,"column":null}},"6":{"start":{"line":35,"column":2},"end":{"line":43,"column":null}},"7":{"start":{"line":36,"column":4},"end":{"line":42,"column":null}},"8":{"start":{"line":41,"column":6},"end":{"line":41,"column":null}},"9":{"start":{"line":46,"column":25},"end":{"line":57,"column":null}},"10":{"start":{"line":47,"column":2},"end":{"line":56,"column":null}},"11":{"start":{"line":48,"column":4},"end":{"line":55,"column":null}},"12":{"start":{"line":54,"column":6},"end":{"line":54,"column":null}},"13":{"start":{"line":58,"column":29},"end":{"line":68,"column":null}},"14":{"start":{"line":59,"column":2},"end":{"line":67,"column":null}},"15":{"start":{"line":60,"column":4},"end":{"line":66,"column":null}},"16":{"start":{"line":65,"column":6},"end":{"line":65,"column":null}},"17":{"start":{"line":71,"column":31},"end":{"line":82,"column":null}},"18":{"start":{"line":72,"column":2},"end":{"line":81,"column":null}},"19":{"start":{"line":73,"column":4},"end":{"line":80,"column":null}},"20":{"start":{"line":79,"column":6},"end":{"line":79,"column":null}}},"fnMap":{"0":{"name":"(anonymous_0)","decl":{"start":{"line":26,"column":28},"end":{"line":26,"column":38}},"loc":{"start":{"line":26,"column":42},"end":{"line":32,"column":null}},"line":26},"1":{"name":"(anonymous_1)","decl":{"start":{"line":34,"column":24},"end":{"line":34,"column":34}},"loc":{"start":{"line":34,"column":50},"end":{"line":44,"column":null}},"line":34},"2":{"name":"(anonymous_2)","decl":{"start":{"line":35,"column":21},"end":{"line":35,"column":22}},"loc":{"start":{"line":35,"column":31},"end":{"line":43,"column":null}},"line":35},"3":{"name":"(anonymous_3)","decl":{"start":{"line":40,"column":12},"end":{"line":40,"column":13}},"loc":{"start":{"line":40,"column":13},"end":{"line":42,"column":null}},"line":40},"4":{"name":"(anonymous_4)","decl":{"start":{"line":46,"column":25},"end":{"line":46,"column":35}},"loc":{"start":{"line":46,"column":51},"end":{"line":57,"column":null}},"line":46},"5":{"name":"(anonymous_5)","decl":{"start":{"line":47,"column":21},"end":{"line":47,"column":22}},"loc":{"start":{"line":47,"column":31},"end":{"line":56,"column":null}},"line":47},"6":{"name":"(anonymous_6)","decl":{"start":{"line":53,"column":12},"end":{"line":53,"column":13}},"loc":{"start":{"line":53,"column":13},"end":{"line":55,"column":null}},"line":53},"7":{"name":"(anonymous_7)","decl":{"start":{"line":58,"column":29},"end":{"line":58,"column":39}},"loc":{"start":{"line":58,"column":55},"end":{"line":68,"column":null}},"line":58},"8":{"name":"(anonymous_8)","decl":{"start":{"line":59,"column":21},"end":{"line":59,"column":22}},"loc":{"start":{"line":59,"column":31},"end":{"line":67,"column":null}},"line":59},"9":{"name":"(anonymous_9)","decl":{"start":{"line":64,"column":12},"end":{"line":64,"column":13}},"loc":{"start":{"line":64,"column":13},"end":{"line":66,"column":null}},"line":64},"10":{"name":"(anonymous_10)","decl":{"start":{"line":71,"column":31},"end":{"line":71,"column":41}},"loc":{"start":{"line":71,"column":57},"end":{"line":82,"column":null}},"line":71},"11":{"name":"(anonymous_11)","decl":{"start":{"line":72,"column":21},"end":{"line":72,"column":22}},"loc":{"start":{"line":72,"column":31},"end":{"line":81,"column":null}},"line":72},"12":{"name":"(anonymous_12)","decl":{"start":{"line":78,"column":12},"end":{"line":78,"column":13}},"loc":{"start":{"line":78,"column":13},"end":{"line":80,"column":null}},"line":78}},"branchMap":{"0":{"loc":{"start":{"line":34,"column":39},"end":{"line":34,"column":50}},"type":"default-arg","locations":[{"start":{"line":34,"column":48},"end":{"line":34,"column":50}}],"line":34},"1":{"loc":{"start":{"line":46,"column":40},"end":{"line":46,"column":51}},"type":"default-arg","locations":[{"start":{"line":46,"column":49},"end":{"line":46,"column":51}}],"line":46},"2":{"loc":{"start":{"line":58,"column":44},"end":{"line":58,"column":55}},"type":"default-arg","locations":[{"start":{"line":58,"column":53},"end":{"line":58,"column":55}}],"line":58},"3":{"loc":{"start":{"line":71,"column":46},"end":{"line":71,"column":57}},"type":"default-arg","locations":[{"start":{"line":71,"column":55},"end":{"line":71,"column":57}}],"line":71}},"s":{"0":1,"1":0,"2":0,"3":0,"4":0,"5":1,"6":0,"7":0,"8":0,"9":1,"10":0,"11":0,"12":0,"13":1,"14":0,"15":0,"16":0,"17":1,"18":0,"19":0,"20":0},"f":{"0":0,"1":0,"2":0,"3":0,"4":0,"5":0,"6":0,"7":0,"8":0,"9":0,"10":0,"11":0,"12":0},"b":{"0":[0],"1":[0],"2":[0],"3":[0]},"meta":{"lastBranch":4,"lastFunction":13,"lastStatement":21,"seen":{"s:26:28:32:Infinity":0,"f:26:28:26:38":0,"s:27:17:27:Infinity":1,"s:28:2:30:Infinity":2,"s:29:4:29:Infinity":3,"s:31:2:31:Infinity":4,"s:34:24:44:Infinity":5,"f:34:24:34:34":1,"b:34:48:34:50":0,"s:35:2:43:Infinity":6,"f:35:21:35:22":2,"s:36:4:42:Infinity":7,"f:40:12:40:13":3,"s:41:6:41:Infinity":8,"s:46:25:57:Infinity":9,"f:46:25:46:35":4,"b:46:49:46:51":1,"s:47:2:56:Infinity":10,"f:47:21:47:22":5,"s:48:4:55:Infinity":11,"f:53:12:53:13":6,"s:54:6:54:Infinity":12,"s:58:29:68:Infinity":13,"f:58:29:58:39":7,"b:58:53:58:55":2,"s:59:2:67:Infinity":14,"f:59:21:59:22":8,"s:60:4:66:Infinity":15,"f:64:12:64:13":9,"s:65:6:65:Infinity":16,"s:71:31:82:Infinity":17,"f:71:31:71:41":10,"b:71:55:71:57":3,"s:72:2:81:Infinity":18,"f:72:21:72:22":11,"s:73:4:80:Infinity":19,"f:78:12:78:13":12,"s:79:6:79:Infinity":20}}}
,"E:\\chinaunion\\shuyan\\datasophon\\datasophon-ui\\src\\components\\Common\\CommonBtnList\\index.tsx": {"path":"E:\\chinaunion\\shuyan\\datasophon\\datasophon-ui\\src\\components\\Common\\CommonBtnList\\index.tsx","statementMap":{"0":{"start":{"line":6,"column":6},"end":{"line":56,"column":null}},"1":{"start":{"line":7,"column":25},"end":{"line":9,"column":null}},"2":{"start":{"line":11,"column":8},"end":{"line":45,"column":null}},"3":{"start":{"line":12,"column":4},"end":{"line":44,"column":null}},"4":{"start":{"line":14,"column":6},"end":{"line":14,"column":null}},"5":{"start":{"line":16,"column":22},"end":{"line":16,"column":31}},"6":{"start":{"line":18,"column":6},"end":{"line":29,"column":null}},"7":{"start":{"line":20,"column":8},"end":{"line":20,"column":null}},"8":{"start":{"line":22,"column":8},"end":{"line":22,"column":null}},"9":{"start":{"line":25,"column":20},"end":{"line":25,"column":null}},"10":{"start":{"line":27,"column":8},"end":{"line":27,"column":null}},"11":{"start":{"line":28,"column":8},"end":{"line":28,"column":null}},"12":{"start":{"line":32,"column":6},"end":{"line":34,"column":null}},"13":{"start":{"line":33,"column":8},"end":{"line":33,"column":null}},"14":{"start":{"line":36,"column":6},"end":{"line":38,"column":null}},"15":{"start":{"line":49,"column":2},"end":{"line":52,"column":null}}},"fnMap":{"0":{"name":"(anonymous_0)","decl":{"start":{"line":6,"column":19},"end":{"line":6,"column":20}},"loc":{"start":{"line":6,"column":20},"end":{"line":56,"column":null}},"line":6},"1":{"name":"(anonymous_1)","decl":{"start":{"line":11,"column":39},"end":{"line":11,"column":null}},"loc":{"start":{"line":11,"column":39},"end":{"line":45,"column":5}},"line":11},"2":{"name":"(anonymous_2)","decl":{"start":{"line":12,"column":26},"end":{"line":12,"column":null}},"loc":{"start":{"line":12,"column":26},"end":{"line":44,"column":null}},"line":12},"3":{"name":"(anonymous_3)","decl":{"start":{"line":18,"column":18},"end":{"line":18,"column":null}},"loc":{"start":{"line":18,"column":18},"end":{"line":29,"column":null}},"line":18}},"branchMap":{"0":{"loc":{"start":{"line":25,"column":20},"end":{"line":25,"column":null}},"type":"binary-expr","locations":[{"start":{"line":25,"column":20},"end":{"line":25,"column":31}},{"start":{"line":25,"column":31},"end":{"line":25,"column":null}}],"line":25},"1":{"loc":{"start":{"line":32,"column":6},"end":{"line":34,"column":null}},"type":"if","locations":[{"start":{"line":32,"column":6},"end":{"line":34,"column":null}},{"start":{},"end":{}}],"line":32}},"s":{"0":1,"1":37,"2":37,"3":37,"4":156,"5":156,"6":156,"7":11,"8":11,"9":11,"10":10,"11":10,"12":156,"13":155,"14":156,"15":37},"f":{"0":37,"1":37,"2":156,"3":11},"b":{"0":[11,10],"1":[155,1]},"meta":{"lastBranch":2,"lastFunction":4,"lastStatement":16,"seen":{"s:6:6:56:Infinity":0,"f:6:19:6:20":0,"s:7:25:9:Infinity":1,"s:11:8:45:Infinity":2,"f:11:39:11:Infinity":1,"s:12:4:44:Infinity":3,"f:12:26:12:Infinity":2,"s:14:6:14:Infinity":4,"s:16:22:16:31":5,"s:18:6:29:Infinity":6,"f:18:18:18:Infinity":3,"s:20:8:20:Infinity":7,"s:22:8:22:Infinity":8,"s:25:20:25:Infinity":9,"b:25:20:25:31:25:31:25:Infinity":0,"s:27:8:27:Infinity":10,"s:28:8:28:Infinity":11,"b:32:6:34:Infinity:undefined:undefined:undefined:undefined":1,"s:32:6:34:Infinity":12,"s:33:8:33:Infinity":13,"s:36:6:38:Infinity":14,"s:49:2:52:Infinity":15}}}
,"E:\\chinaunion\\shuyan\\datasophon\\datasophon-ui\\src\\components\\Common\\CommonModal\\apiHook.tsx": {"path":"E:\\chinaunion\\shuyan\\datasophon\\datasophon-ui\\src\\components\\Common\\CommonModal\\apiHook.tsx","statementMap":{"0":{"start":{"line":9,"column":0},"end":{"line":9,"column":null}},"1":{"start":{"line":12,"column":44},"end":{"line":12,"column":null}},"2":{"start":{"line":13,"column":35},"end":{"line":26,"column":null}},"3":{"start":{"line":17,"column":2},"end":{"line":23,"column":null}},"4":{"start":{"line":20,"column":6},"end":{"line":22,"column":null}},"5":{"start":{"line":21,"column":8},"end":{"line":21,"column":null}},"6":{"start":{"line":25,"column":2},"end":{"line":25,"column":null}},"7":{"start":{"line":28,"column":0},"end":{"line":28,"column":null}},"8":{"start":{"line":30,"column":14},"end":{"line":180,"column":null}},"9":{"start":{"line":32,"column":22},"end":{"line":32,"column":42}},"10":{"start":{"line":35,"column":8},"end":{"line":35,"column":null}},"11":{"start":{"line":37,"column":53},"end":{"line":37,"column":null}},"12":{"start":{"line":39,"column":38},"end":{"line":39,"column":null}},"13":{"start":{"line":41,"column":23},"end":{"line":43,"column":null}},"14":{"start":{"line":42,"column":4},"end":{"line":42,"column":null}},"15":{"start":{"line":45,"column":21},"end":{"line":60,"column":null}},"16":{"start":{"line":46,"column":4},"end":{"line":46,"column":null}},"17":{"start":{"line":47,"column":4},"end":{"line":49,"column":null}},"18":{"start":{"line":48,"column":6},"end":{"line":48,"column":null}},"19":{"start":{"line":52,"column":19},"end":{"line":52,"column":51}},"20":{"start":{"line":55,"column":18},"end":{"line":56,"column":null}},"21":{"start":{"line":56,"column":6},"end":{"line":56,"column":null}},"22":{"start":{"line":59,"column":4},"end":{"line":59,"column":null}},"23":{"start":{"line":63,"column":2},"end":{"line":179,"column":null}},"24":{"start":{"line":64,"column":4},"end":{"line":64,"column":null}},"25":{"start":{"line":65,"column":4},"end":{"line":65,"column":null}},"26":{"start":{"line":67,"column":4},"end":{"line":77,"column":null}},"27":{"start":{"line":68,"column":6},"end":{"line":76,"column":null}},"28":{"start":{"line":69,"column":8},"end":{"line":75,"column":null}},"29":{"start":{"line":70,"column":10},"end":{"line":72,"column":null}},"30":{"start":{"line":71,"column":12},"end":{"line":71,"column":null}},"31":{"start":{"line":74,"column":10},"end":{"line":74,"column":null}},"32":{"start":{"line":79,"column":4},"end":{"line":81,"column":null}},"33":{"start":{"line":80,"column":6},"end":{"line":80,"column":null}},"34":{"start":{"line":83,"column":22},"end":{"line":89,"column":null}},"35":{"start":{"line":92,"column":4},"end":{"line":116,"column":null}},"36":{"start":{"line":94,"column":12},"end":{"line":94,"column":null}},"37":{"start":{"line":96,"column":6},"end":{"line":100,"column":null}},"38":{"start":{"line":104,"column":6},"end":{"line":114,"column":null}},"39":{"start":{"line":105,"column":8},"end":{"line":105,"column":null}},"40":{"start":{"line":106,"column":8},"end":{"line":106,"column":null}},"41":{"start":{"line":109,"column":8},"end":{"line":109,"column":null}},"42":{"start":{"line":111,"column":8},"end":{"line":111,"column":null}},"43":{"start":{"line":113,"column":8},"end":{"line":113,"column":null}},"44":{"start":{"line":119,"column":4},"end":{"line":119,"column":null}},"45":{"start":{"line":122,"column":4},"end":{"line":124,"column":null}},"46":{"start":{"line":123,"column":6},"end":{"line":123,"column":null}},"47":{"start":{"line":126,"column":18},"end":{"line":131,"column":null}},"48":{"start":{"line":128,"column":8},"end":{"line":128,"column":null}},"49":{"start":{"line":133,"column":4},"end":{"line":133,"column":null}},"50":{"start":{"line":135,"column":4},"end":{"line":145,"column":null}},"51":{"start":{"line":136,"column":6},"end":{"line":136,"column":null}},"52":{"start":{"line":137,"column":6},"end":{"line":137,"column":null}},"53":{"start":{"line":144,"column":6},"end":{"line":144,"column":null}},"54":{"start":{"line":148,"column":4},"end":{"line":153,"column":null}},"55":{"start":{"line":149,"column":6},"end":{"line":149,"column":null}},"56":{"start":{"line":151,"column":6},"end":{"line":151,"column":null}},"57":{"start":{"line":152,"column":6},"end":{"line":152,"column":null}},"58":{"start":{"line":160,"column":4},"end":{"line":163,"column":null}},"59":{"start":{"line":161,"column":12},"end":{"line":161,"column":null}},"60":{"start":{"line":162,"column":6},"end":{"line":162,"column":null}},"61":{"start":{"line":166,"column":16},"end":{"line":170,"column":null}},"62":{"start":{"line":172,"column":4},"end":{"line":174,"column":null}},"63":{"start":{"line":173,"column":6},"end":{"line":173,"column":null}},"64":{"start":{"line":176,"column":4},"end":{"line":176,"column":null}},"65":{"start":{"line":178,"column":4},"end":{"line":178,"column":null}}},"fnMap":{"0":{"name":"(anonymous_0)","decl":{"start":{"line":13,"column":35},"end":{"line":13,"column":null}},"loc":{"start":{"line":13,"column":35},"end":{"line":26,"column":null}},"line":13},"1":{"name":"(anonymous_1)","decl":{"start":{"line":19,"column":13},"end":{"line":19,"column":null}},"loc":{"start":{"line":19,"column":13},"end":{"line":23,"column":null}},"line":19},"2":{"name":"(anonymous_2)","decl":{"start":{"line":20,"column":18},"end":{"line":20,"column":null}},"loc":{"start":{"line":20,"column":18},"end":{"line":22,"column":null}},"line":20},"3":{"name":"(anonymous_3)","decl":{"start":{"line":30,"column":14},"end":{"line":30,"column":15}},"loc":{"start":{"line":30,"column":20},"end":{"line":180,"column":null}},"line":30},"4":{"name":"(anonymous_4)","decl":{"start":{"line":41,"column":23},"end":{"line":41,"column":null}},"loc":{"start":{"line":41,"column":23},"end":{"line":43,"column":null}},"line":41},"5":{"name":"(anonymous_5)","decl":{"start":{"line":45,"column":21},"end":{"line":45,"column":null}},"loc":{"start":{"line":45,"column":21},"end":{"line":60,"column":null}},"line":45},"6":{"name":"(anonymous_6)","decl":{"start":{"line":55,"column":35},"end":{"line":55,"column":null}},"loc":{"start":{"line":56,"column":6},"end":{"line":56,"column":null}},"line":56},"7":{"name":"(anonymous_7)","decl":{"start":{"line":63,"column":9},"end":{"line":63,"column":16}},"loc":{"start":{"line":63,"column":28},"end":{"line":179,"column":null}},"line":63},"8":{"name":"(anonymous_8)","decl":{"start":{"line":68,"column":31},"end":{"line":68,"column":null}},"loc":{"start":{"line":68,"column":31},"end":{"line":76,"column":null}},"line":68},"9":{"name":"(anonymous_9)","decl":{"start":{"line":70,"column":22},"end":{"line":70,"column":null}},"loc":{"start":{"line":70,"column":22},"end":{"line":72,"column":null}},"line":70},"10":{"name":"(anonymous_10)","decl":{"start":{"line":127,"column":16},"end":{"line":127,"column":null}},"loc":{"start":{"line":127,"column":16},"end":{"line":129,"column":null}},"line":127}},"branchMap":{"0":{"loc":{"start":{"line":47,"column":4},"end":{"line":49,"column":null}},"type":"if","locations":[{"start":{"line":47,"column":4},"end":{"line":49,"column":null}},{"start":{},"end":{}}],"line":47},"1":{"loc":{"start":{"line":47,"column":8},"end":{"line":47,"column":52}},"type":"binary-expr","locations":[{"start":{"line":47,"column":8},"end":{"line":47,"column":41}},{"start":{"line":47,"column":41},"end":{"line":47,"column":52}}],"line":47},"2":{"loc":{"start":{"line":52,"column":19},"end":{"line":52,"column":51}},"type":"binary-expr","locations":[{"start":{"line":52,"column":19},"end":{"line":52,"column":45}},{"start":{"line":52,"column":49},"end":{"line":52,"column":51}}],"line":52},"3":{"loc":{"start":{"line":63,"column":16},"end":{"line":63,"column":28}},"type":"default-arg","locations":[{"start":{"line":63,"column":26},"end":{"line":63,"column":28}}],"line":63},"4":{"loc":{"start":{"line":67,"column":4},"end":{"line":77,"column":null}},"type":"if","locations":[{"start":{"line":67,"column":4},"end":{"line":77,"column":null}},{"start":{},"end":{}}],"line":67},"5":{"loc":{"start":{"line":79,"column":4},"end":{"line":81,"column":null}},"type":"if","locations":[{"start":{"line":79,"column":4},"end":{"line":81,"column":null}},{"start":{},"end":{}}],"line":79},"6":{"loc":{"start":{"line":79,"column":8},"end":{"line":79,"column":33}},"type":"binary-expr","locations":[{"start":{"line":79,"column":8},"end":{"line":79,"column":15}},{"start":{"line":79,"column":15},"end":{"line":79,"column":33}}],"line":79},"7":{"loc":{"start":{"line":92,"column":4},"end":{"line":116,"column":null}},"type":"if","locations":[{"start":{"line":92,"column":4},"end":{"line":116,"column":null}},{"start":{},"end":{}}],"line":92},"8":{"loc":{"start":{"line":122,"column":4},"end":{"line":124,"column":null}},"type":"if","locations":[{"start":{"line":122,"column":4},"end":{"line":124,"column":null}},{"start":{},"end":{}}],"line":122},"9":{"loc":{"start":{"line":135,"column":4},"end":{"line":145,"column":null}},"type":"if","locations":[{"start":{"line":135,"column":4},"end":{"line":145,"column":null}},{"start":{"line":142,"column":11},"end":{"line":145,"column":null}}],"line":135},"10":{"loc":{"start":{"line":148,"column":4},"end":{"line":153,"column":null}},"type":"if","locations":[{"start":{"line":148,"column":4},"end":{"line":153,"column":null}},{"start":{},"end":{}}],"line":148},"11":{"loc":{"start":{"line":160,"column":4},"end":{"line":163,"column":null}},"type":"if","locations":[{"start":{"line":160,"column":4},"end":{"line":163,"column":null}},{"start":{},"end":{}}],"line":160},"12":{"loc":{"start":{"line":172,"column":4},"end":{"line":174,"column":null}},"type":"if","locations":[{"start":{"line":172,"column":4},"end":{"line":174,"column":null}},{"start":{},"end":{}}],"line":172}},"s":{"0":1,"1":1,"2":1,"3":1,"4":0,"5":0,"6":1,"7":1,"8":1,"9":10,"10":10,"11":10,"12":10,"13":10,"14":0,"15":10,"16":0,"17":0,"18":0,"19":0,"20":0,"21":0,"22":0,"23":10,"24":12,"25":12,"26":12,"27":12,"28":4,"29":4,"30":0,"31":1,"32":12,"33":0,"34":12,"35":12,"36":2,"37":2,"38":2,"39":2,"40":1,"41":1,"42":1,"43":1,"44":11,"45":11,"46":1,"47":10,"48":0,"49":10,"50":10,"51":9,"52":9,"53":1,"54":10,"55":9,"56":9,"57":9,"58":10,"59":10,"60":10,"61":10,"62":10,"63":2,"64":10,"65":10},"f":{"0":1,"1":0,"2":0,"3":10,"4":0,"5":0,"6":0,"7":12,"8":4,"9":0,"10":0},"b":{"0":[0,0],"1":[0,0],"2":[0,0],"3":[12],"4":[12,0],"5":[0,12],"6":[12,10],"7":[2,10],"8":[1,10],"9":[9,1],"10":[9,1],"11":[10,0],"12":[2,8]},"meta":{"lastBranch":13,"lastFunction":11,"lastStatement":66,"seen":{"s:9:0:9:Infinity":0,"s:12:44:12:Infinity":1,"s:13:35:26:Infinity":2,"f:13:35:13:Infinity":0,"s:17:2:23:Infinity":3,"f:19:13:19:Infinity":1,"s:20:6:22:Infinity":4,"f:20:18:20:Infinity":2,"s:21:8:21:Infinity":5,"s:25:2:25:Infinity":6,"s:28:0:28:Infinity":7,"s:30:14:180:Infinity":8,"f:30:14:30:15":3,"s:32:22:32:42":9,"s:35:8:35:Infinity":10,"s:37:53:37:Infinity":11,"s:39:38:39:Infinity":12,"s:41:23:43:Infinity":13,"f:41:23:41:Infinity":4,"s:42:4:42:Infinity":14,"s:45:21:60:Infinity":15,"f:45:21:45:Infinity":5,"s:46:4:46:Infinity":16,"b:47:4:49:Infinity:undefined:undefined:undefined:undefined":0,"s:47:4:49:Infinity":17,"b:47:8:47:41:47:41:47:52":1,"s:48:6:48:Infinity":18,"s:52:19:52:51":19,"b:52:19:52:45:52:49:52:51":2,"s:55:18:56:Infinity":20,"f:55:35:55:Infinity":6,"s:56:6:56:Infinity":21,"s:59:4:59:Infinity":22,"s:63:2:179:Infinity":23,"f:63:9:63:16":7,"b:63:26:63:28":3,"s:64:4:64:Infinity":24,"s:65:4:65:Infinity":25,"b:67:4:77:Infinity:undefined:undefined:undefined:undefined":4,"s:67:4:77:Infinity":26,"s:68:6:76:Infinity":27,"f:68:31:68:Infinity":8,"s:69:8:75:Infinity":28,"s:70:10:72:Infinity":29,"f:70:22:70:Infinity":9,"s:71:12:71:Infinity":30,"s:74:10:74:Infinity":31,"b:79:4:81:Infinity:undefined:undefined:undefined:undefined":5,"s:79:4:81:Infinity":32,"b:79:8:79:15:79:15:79:33":6,"s:80:6:80:Infinity":33,"s:83:22:89:Infinity":34,"b:92:4:116:Infinity:undefined:undefined:undefined:undefined":7,"s:92:4:116:Infinity":35,"s:94:12:94:Infinity":36,"s:96:6:100:Infinity":37,"s:104:6:114:Infinity":38,"s:105:8:105:Infinity":39,"s:106:8:106:Infinity":40,"s:109:8:109:Infinity":41,"s:111:8:111:Infinity":42,"s:113:8:113:Infinity":43,"s:119:4:119:Infinity":44,"b:122:4:124:Infinity:undefined:undefined:undefined:undefined":8,"s:122:4:124:Infinity":45,"s:123:6:123:Infinity":46,"s:126:18:131:Infinity":47,"f:127:16:127:Infinity":10,"s:128:8:128:Infinity":48,"s:133:4:133:Infinity":49,"b:135:4:145:Infinity:142:11:145:Infinity":9,"s:135:4:145:Infinity":50,"s:136:6:136:Infinity":51,"s:137:6:137:Infinity":52,"s:144:6:144:Infinity":53,"b:148:4:153:Infinity:undefined:undefined:undefined:undefined":10,"s:148:4:153:Infinity":54,"s:149:6:149:Infinity":55,"s:151:6:151:Infinity":56,"s:152:6:152:Infinity":57,"b:160:4:163:Infinity:undefined:undefined:undefined:undefined":11,"s:160:4:163:Infinity":58,"s:161:12:161:Infinity":59,"s:162:6:162:Infinity":60,"s:166:16:170:Infinity":61,"b:172:4:174:Infinity:undefined:undefined:undefined:undefined":12,"s:172:4:174:Infinity":62,"s:173:6:173:Infinity":63,"s:176:4:176:Infinity":64,"s:178:4:178:Infinity":65}}}
,"E:\\chinaunion\\shuyan\\datasophon\\datasophon-ui\\src\\components\\Common\\CommonModal\\elConfigProviderHocFn.tsx": {"path":"E:\\chinaunion\\shuyan\\datasophon\\datasophon-ui\\src\\components\\Common\\CommonModal\\elConfigProviderHocFn.tsx","statementMap":{"0":{"start":{"line":15,"column":14},"end":{"line":30,"column":null}},"1":{"start":{"line":16,"column":2},"end":{"line":29,"column":null}},"2":{"start":{"line":17,"column":4},"end":{"line":24,"column":null}}},"fnMap":{"0":{"name":"(anonymous_0)","decl":{"start":{"line":15,"column":14},"end":{"line":15,"column":33}},"loc":{"start":{"line":15,"column":33},"end":{"line":30,"column":null}},"line":15},"1":{"name":"(anonymous_1)","decl":{"start":{"line":16,"column":9},"end":{"line":16,"column":10}},"loc":{"start":{"line":16,"column":10},"end":{"line":29,"column":null}},"line":16}},"branchMap":{},"s":{"0":1,"1":12,"2":3},"f":{"0":12,"1":3},"b":{},"meta":{"lastBranch":0,"lastFunction":2,"lastStatement":3,"seen":{"s:15:14:30:Infinity":0,"f:15:14:15:33":0,"s:16:2:29:Infinity":1,"f:16:9:16:10":1,"s:17:4:24:Infinity":2}}}
,"E:\\chinaunion\\shuyan\\datasophon\\datasophon-ui\\src\\components\\Common\\CommonModal\\modalInstance.tsx": {"path":"E:\\chinaunion\\shuyan\\datasophon\\datasophon-ui\\src\\components\\Common\\CommonModal\\modalInstance.tsx","statementMap":{"0":{"start":{"line":7,"column":30},"end":{"line":9,"column":null}},"1":{"start":{"line":8,"column":2},"end":{"line":8,"column":null}},"2":{"start":{"line":12,"column":30},"end":{"line":16,"column":null}},"3":{"start":{"line":13,"column":2},"end":{"line":15,"column":null}}},"fnMap":{"0":{"name":"(anonymous_0)","decl":{"start":{"line":7,"column":30},"end":{"line":7,"column":31}},"loc":{"start":{"line":7,"column":31},"end":{"line":9,"column":null}},"line":7},"1":{"name":"(anonymous_1)","decl":{"start":{"line":12,"column":30},"end":{"line":12,"column":null}},"loc":{"start":{"line":12,"column":30},"end":{"line":16,"column":null}},"line":12}},"branchMap":{"0":{"loc":{"start":{"line":14,"column":11},"end":{"line":14,"column":null}},"type":"binary-expr","locations":[{"start":{"line":14,"column":11},"end":{"line":14,"column":23}},{"start":{"line":14,"column":23},"end":{"line":14,"column":null}}],"line":14}},"s":{"0":1,"1":89,"2":1,"3":54},"f":{"0":89,"1":54},"b":{"0":[54,0]},"meta":{"lastBranch":1,"lastFunction":2,"lastStatement":4,"seen":{"s:7:30:9:Infinity":0,"f:7:30:7:31":0,"s:8:2:8:Infinity":1,"s:12:30:16:Infinity":2,"f:12:30:12:Infinity":1,"s:13:2:15:Infinity":3,"b:14:11:14:23:14:23:14:Infinity":0}}}
,"E:\\chinaunion\\shuyan\\datasophon\\datasophon-ui\\src\\components\\Common\\CommonModal\\DefineModal\\api.tsx": {"path":"E:\\chinaunion\\shuyan\\datasophon\\datasophon-ui\\src\\components\\Common\\CommonModal\\DefineModal\\api.tsx","statementMap":{"0":{"start":{"line":4,"column":34},"end":{"line":31,"column":null}},"1":{"start":{"line":5,"column":2},"end":{"line":5,"column":null}},"2":{"start":{"line":6,"column":2},"end":{"line":29,"column":null}},"3":{"start":{"line":7,"column":19},"end":{"line":25,"column":null}},"4":{"start":{"line":8,"column":18},"end":{"line":8,"column":null}},"5":{"start":{"line":9,"column":6},"end":{"line":23,"column":null}},"6":{"start":{"line":10,"column":22},"end":{"line":10,"column":31}},"7":{"start":{"line":11,"column":21},"end":{"line":11,"column":null}},"8":{"start":{"line":12,"column":8},"end":{"line":20,"column":null}},"9":{"start":{"line":14,"column":24},"end":{"line":14,"column":null}},"10":{"start":{"line":15,"column":12},"end":{"line":15,"column":null}},"11":{"start":{"line":17,"column":12},"end":{"line":17,"column":null}},"12":{"start":{"line":19,"column":12},"end":{"line":19,"column":null}},"13":{"start":{"line":22,"column":8},"end":{"line":22,"column":null}},"14":{"start":{"line":27,"column":4},"end":{"line":27,"column":null}},"15":{"start":{"line":34,"column":14},"end":{"line":37,"column":null}},"16":{"start":{"line":36,"column":2},"end":{"line":36,"column":null}}},"fnMap":{"0":{"name":"(anonymous_0)","decl":{"start":{"line":4,"column":34},"end":{"line":4,"column":35}},"loc":{"start":{"line":4,"column":43},"end":{"line":31,"column":null}},"line":4},"1":{"name":"(anonymous_1)","decl":{"start":{"line":6,"column":36},"end":{"line":6,"column":null}},"loc":{"start":{"line":6,"column":36},"end":{"line":29,"column":null}},"line":6},"2":{"name":"(anonymous_2)","decl":{"start":{"line":7,"column":19},"end":{"line":7,"column":null}},"loc":{"start":{"line":7,"column":19},"end":{"line":25,"column":null}},"line":7},"3":{"name":"(anonymous_3)","decl":{"start":{"line":13,"column":36},"end":{"line":13,"column":null}},"loc":{"start":{"line":13,"column":36},"end":{"line":20,"column":null}},"line":13},"4":{"name":"(anonymous_4)","decl":{"start":{"line":34,"column":14},"end":{"line":34,"column":15}},"loc":{"start":{"line":34,"column":18},"end":{"line":37,"column":null}},"line":34}},"branchMap":{"0":{"loc":{"start":{"line":5,"column":11},"end":{"line":5,"column":40}},"type":"binary-expr","locations":[{"start":{"line":5,"column":11},"end":{"line":5,"column":24}},{"start":{"line":5,"column":28},"end":{"line":5,"column":40}}],"line":5},"1":{"loc":{"start":{"line":9,"column":6},"end":{"line":23,"column":null}},"type":"if","locations":[{"start":{"line":9,"column":6},"end":{"line":23,"column":null}},{"start":{"line":21,"column":13},"end":{"line":23,"column":null}}],"line":9},"2":{"loc":{"start":{"line":11,"column":21},"end":{"line":11,"column":null}},"type":"binary-expr","locations":[{"start":{"line":11,"column":21},"end":{"line":11,"column":33}},{"start":{"line":11,"column":37},"end":{"line":11,"column":null}}],"line":11},"3":{"loc":{"start":{"line":12,"column":8},"end":{"line":20,"column":null}},"type":"binary-expr","locations":[{"start":{"line":12,"column":8},"end":{"line":12,"column":25}},{"start":{"line":13,"column":11},"end":{"line":20,"column":null}}],"line":12},"4":{"loc":{"start":{"line":17,"column":12},"end":{"line":17,"column":null}},"type":"binary-expr","locations":[{"start":{"line":17,"column":12},"end":{"line":17,"column":19}},{"start":{"line":17,"column":19},"end":{"line":17,"column":33}},{"start":{"line":17,"column":37},"end":{"line":17,"column":null}}],"line":17}},"s":{"0":1,"1":5,"2":5,"3":2,"4":2,"5":2,"6":2,"7":2,"8":2,"9":0,"10":0,"11":0,"12":0,"13":0,"14":2,"15":1,"16":0},"f":{"0":5,"1":2,"2":2,"3":0,"4":0},"b":{"0":[5,4],"1":[2,0],"2":[2,2],"3":[2,1],"4":[0,0,0]},"meta":{"lastBranch":5,"lastFunction":5,"lastStatement":17,"seen":{"s:4:34:31:Infinity":0,"f:4:34:4:35":0,"s:5:2:5:Infinity":1,"b:5:11:5:24:5:28:5:40":0,"s:6:2:29:Infinity":2,"f:6:36:6:Infinity":1,"s:7:19:25:Infinity":3,"f:7:19:7:Infinity":2,"s:8:18:8:Infinity":4,"b:9:6:23:Infinity:21:13:23:Infinity":1,"s:9:6:23:Infinity":5,"s:10:22:10:31":6,"s:11:21:11:Infinity":7,"b:11:21:11:33:11:37:11:Infinity":2,"s:12:8:20:Infinity":8,"b:12:8:12:25:13:11:20:Infinity":3,"f:13:36:13:Infinity":3,"s:14:24:14:Infinity":9,"s:15:12:15:Infinity":10,"s:17:12:17:Infinity":11,"b:17:12:17:19:17:19:17:33:17:37:17:Infinity":4,"s:19:12:19:Infinity":12,"s:22:8:22:Infinity":13,"s:27:4:27:Infinity":14,"s:34:14:37:Infinity":15,"f:34:14:34:15":4,"s:36:2:36:Infinity":16}}}
,"E:\\chinaunion\\shuyan\\datasophon\\datasophon-ui\\src\\components\\Common\\CommonModal\\DefineModal\\index.tsx": {"path":"E:\\chinaunion\\shuyan\\datasophon\\datasophon-ui\\src\\components\\Common\\CommonModal\\DefineModal\\index.tsx","statementMap":{"0":{"start":{"line":8,"column":14},"end":{"line":149,"column":null}},"1":{"start":{"line":13,"column":3},"end":{"line":13,"column":null}},"2":{"start":{"line":15,"column":18},"end":{"line":18,"column":null}},"3":{"start":{"line":25,"column":6},"end":{"line":25,"column":null}},"4":{"start":{"line":27,"column":2},"end":{"line":27,"column":null}},"5":{"start":{"line":29,"column":8},"end":{"line":29,"column":null}},"6":{"start":{"line":31,"column":25},"end":{"line":34,"column":null}},"7":{"start":{"line":37,"column":8},"end":{"line":39,"column":null}},"8":{"start":{"line":38,"column":4},"end":{"line":38,"column":null}},"9":{"start":{"line":42,"column":8},"end":{"line":57,"column":null}},"10":{"start":{"line":45,"column":4},"end":{"line":48,"column":null}},"11":{"start":{"line":51,"column":4},"end":{"line":55,"column":null}},"12":{"start":{"line":53,"column":17},"end":{"line":53,"column":56}},"13":{"start":{"line":54,"column":6},"end":{"line":54,"column":null}},"14":{"start":{"line":59,"column":8},"end":{"line":91,"column":null}},"15":{"start":{"line":61,"column":4},"end":{"line":64,"column":null}},"16":{"start":{"line":68,"column":4},"end":{"line":70,"column":null}},"17":{"start":{"line":69,"column":6},"end":{"line":69,"column":null}},"18":{"start":{"line":73,"column":19},"end":{"line":73,"column":33}},"19":{"start":{"line":75,"column":4},"end":{"line":83,"column":null}},"20":{"start":{"line":76,"column":21},"end":{"line":76,"column":52}},"21":{"start":{"line":77,"column":18},"end":{"line":77,"column":null}},"22":{"start":{"line":79,"column":6},"end":{"line":82,"column":null}},"23":{"start":{"line":80,"column":8},"end":{"line":80,"column":null}},"24":{"start":{"line":81,"column":8},"end":{"line":81,"column":null}},"25":{"start":{"line":86,"column":4},"end":{"line":90,"column":null}},"26":{"start":{"line":95,"column":2},"end":{"line":105,"column":null}},"27":{"start":{"line":96,"column":4},"end":{"line":98,"column":null}},"28":{"start":{"line":97,"column":6},"end":{"line":97,"column":null}},"29":{"start":{"line":101,"column":4},"end":{"line":103,"column":null}},"30":{"start":{"line":102,"column":6},"end":{"line":102,"column":null}},"31":{"start":{"line":107,"column":8},"end":{"line":109,"column":null}},"32":{"start":{"line":108,"column":4},"end":{"line":108,"column":null}},"33":{"start":{"line":112,"column":14},"end":{"line":112,"column":null}},"34":{"start":{"line":115,"column":2},"end":{"line":144,"column":null}}},"fnMap":{"0":{"name":"(anonymous_0)","decl":{"start":{"line":8,"column":14},"end":{"line":8,"column":15}},"loc":{"start":{"line":8,"column":15},"end":{"line":149,"column":null}},"line":8},"1":{"name":"(anonymous_1)","decl":{"start":{"line":37,"column":31},"end":{"line":37,"column":null}},"loc":{"start":{"line":37,"column":31},"end":{"line":39,"column":5}},"line":37},"2":{"name":"(anonymous_2)","decl":{"start":{"line":42,"column":41},"end":{"line":42,"column":42}},"loc":{"start":{"line":42,"column":42},"end":{"line":57,"column":5}},"line":42},"3":{"name":"(anonymous_3)","decl":{"start":{"line":59,"column":37},"end":{"line":59,"column":null}},"loc":{"start":{"line":59,"column":37},"end":{"line":91,"column":5}},"line":59},"4":{"name":"(anonymous_4)","decl":{"start":{"line":95,"column":12},"end":{"line":95,"column":null}},"loc":{"start":{"line":95,"column":12},"end":{"line":105,"column":5}},"line":95},"5":{"name":"(anonymous_5)","decl":{"start":{"line":107,"column":47},"end":{"line":107,"column":48}},"loc":{"start":{"line":107,"column":48},"end":{"line":109,"column":5}},"line":107}},"branchMap":{"0":{"loc":{"start":{"line":51,"column":4},"end":{"line":55,"column":null}},"type":"if","locations":[{"start":{"line":51,"column":4},"end":{"line":55,"column":null}},{"start":{},"end":{}}],"line":51},"1":{"loc":{"start":{"line":53,"column":17},"end":{"line":53,"column":56}},"type":"binary-expr","locations":[{"start":{"line":53,"column":17},"end":{"line":53,"column":37}},{"start":{"line":53,"column":41},"end":{"line":53,"column":56}}],"line":53},"2":{"loc":{"start":{"line":54,"column":6},"end":{"line":54,"column":null}},"type":"binary-expr","locations":[{"start":{"line":54,"column":6},"end":{"line":54,"column":12}},{"start":{"line":54,"column":12},"end":{"line":54,"column":null}}],"line":54},"3":{"loc":{"start":{"line":68,"column":4},"end":{"line":70,"column":null}},"type":"if","locations":[{"start":{"line":68,"column":4},"end":{"line":70,"column":null}},{"start":{},"end":{}}],"line":68},"4":{"loc":{"start":{"line":75,"column":4},"end":{"line":83,"column":null}},"type":"if","locations":[{"start":{"line":75,"column":4},"end":{"line":83,"column":null}},{"start":{},"end":{}}],"line":75},"5":{"loc":{"start":{"line":76,"column":21},"end":{"line":76,"column":52}},"type":"binary-expr","locations":[{"start":{"line":76,"column":21},"end":{"line":76,"column":37}},{"start":{"line":76,"column":41},"end":{"line":76,"column":52}}],"line":76},"6":{"loc":{"start":{"line":77,"column":18},"end":{"line":77,"column":null}},"type":"binary-expr","locations":[{"start":{"line":77,"column":18},"end":{"line":77,"column":28}},{"start":{"line":77,"column":28},"end":{"line":77,"column":null}}],"line":77},"7":{"loc":{"start":{"line":79,"column":6},"end":{"line":82,"column":null}},"type":"if","locations":[{"start":{"line":79,"column":6},"end":{"line":82,"column":null}},{"start":{},"end":{}}],"line":79},"8":{"loc":{"start":{"line":96,"column":4},"end":{"line":98,"column":null}},"type":"if","locations":[{"start":{"line":96,"column":4},"end":{"line":98,"column":null}},{"start":{},"end":{}}],"line":96},"9":{"loc":{"start":{"line":101,"column":4},"end":{"line":103,"column":null}},"type":"if","locations":[{"start":{"line":101,"column":4},"end":{"line":103,"column":null}},{"start":{},"end":{}}],"line":101},"10":{"loc":{"start":{"line":101,"column":8},"end":{"line":101,"column":50}},"type":"binary-expr","locations":[{"start":{"line":101,"column":8},"end":{"line":101,"column":20}},{"start":{"line":101,"column":24},"end":{"line":101,"column":50}}],"line":101},"11":{"loc":{"start":{"line":112,"column":14},"end":{"line":112,"column":null}},"type":"binary-expr","locations":[{"start":{"line":112,"column":14},"end":{"line":112,"column":37}},{"start":{"line":112,"column":41},"end":{"line":112,"column":null}}],"line":112},"12":{"loc":{"start":{"line":138,"column":8},"end":{"line":144,"column":null}},"type":"binary-expr","locations":[{"start":{"line":138,"column":8},"end":{"line":138,"column":47}},{"start":{"line":138,"column":47},"end":{"line":144,"column":null}}],"line":138}},"s":{"0":1,"1":51,"2":51,"3":51,"4":51,"5":51,"6":51,"7":51,"8":0,"9":51,"10":0,"11":0,"12":0,"13":0,"14":51,"15":0,"16":0,"17":0,"18":0,"19":0,"20":0,"21":0,"22":0,"23":0,"24":0,"25":0,"26":51,"27":51,"28":7,"29":51,"30":7,"31":51,"32":2,"33":51,"34":51},"f":{"0":51,"1":0,"2":0,"3":0,"4":51,"5":2},"b":{"0":[0,0],"1":[0,0],"2":[0,0],"3":[0,0],"4":[0,0],"5":[0,0],"6":[0,0],"7":[0,0],"8":[7,44],"9":[7,44],"10":[51,49],"11":[51,50],"12":[51,50]},"meta":{"lastBranch":13,"lastFunction":6,"lastStatement":35,"seen":{"s:8:14:149:Infinity":0,"f:8:14:8:15":0,"s:13:3:13:Infinity":1,"s:15:18:18:Infinity":2,"s:25:6:25:Infinity":3,"s:27:2:27:Infinity":4,"s:29:8:29:Infinity":5,"s:31:25:34:Infinity":6,"s:37:8:39:Infinity":7,"f:37:31:37:Infinity":1,"s:38:4:38:Infinity":8,"s:42:8:57:Infinity":9,"f:42:41:42:42":2,"s:45:4:48:Infinity":10,"b:51:4:55:Infinity:undefined:undefined:undefined:undefined":0,"s:51:4:55:Infinity":11,"s:53:17:53:56":12,"b:53:17:53:37:53:41:53:56":1,"s:54:6:54:Infinity":13,"b:54:6:54:12:54:12:54:Infinity":2,"s:59:8:91:Infinity":14,"f:59:37:59:Infinity":3,"s:61:4:64:Infinity":15,"b:68:4:70:Infinity:undefined:undefined:undefined:undefined":3,"s:68:4:70:Infinity":16,"s:69:6:69:Infinity":17,"s:73:19:73:33":18,"b:75:4:83:Infinity:undefined:undefined:undefined:undefined":4,"s:75:4:83:Infinity":19,"s:76:21:76:52":20,"b:76:21:76:37:76:41:76:52":5,"s:77:18:77:Infinity":21,"b:77:18:77:28:77:28:77:Infinity":6,"b:79:6:82:Infinity:undefined:undefined:undefined:undefined":7,"s:79:6:82:Infinity":22,"s:80:8:80:Infinity":23,"s:81:8:81:Infinity":24,"s:86:4:90:Infinity":25,"s:95:2:105:Infinity":26,"f:95:12:95:Infinity":4,"b:96:4:98:Infinity:undefined:undefined:undefined:undefined":8,"s:96:4:98:Infinity":27,"s:97:6:97:Infinity":28,"b:101:4:103:Infinity:undefined:undefined:undefined:undefined":9,"s:101:4:103:Infinity":29,"b:101:8:101:20:101:24:101:50":10,"s:102:6:102:Infinity":30,"s:107:8:109:Infinity":31,"f:107:47:107:48":5,"s:108:4:108:Infinity":32,"s:112:14:112:Infinity":33,"b:112:14:112:37:112:41:112:Infinity":11,"s:115:2:144:Infinity":34,"b:138:8:138:47:138:47:144:Infinity":12}}}
,"E:\\chinaunion\\shuyan\\datasophon\\datasophon-ui\\src\\components\\Common\\CommonModal\\HackModal\\index.module.less": {"path":"E:\\chinaunion\\shuyan\\datasophon\\datasophon-ui\\src\\components\\Common\\CommonModal\\HackModal\\index.module.less","statementMap":{},"fnMap":{},"branchMap":{},"s":{},"f":{},"b":{},"meta":{"lastBranch":0,"lastFunction":0,"lastStatement":0,"seen":{}}}
,"E:\\chinaunion\\shuyan\\datasophon\\datasophon-ui\\src\\components\\Common\\CommonModal\\HackModal\\index.tsx": {"path":"E:\\chinaunion\\shuyan\\datasophon\\datasophon-ui\\src\\components\\Common\\CommonModal\\HackModal\\index.tsx","statementMap":{"0":{"start":{"line":5,"column":14},"end":{"line":47,"column":null}},"1":{"start":{"line":7,"column":18},"end":{"line":7,"column":null}},"2":{"start":{"line":10,"column":2},"end":{"line":10,"column":null}},"3":{"start":{"line":12,"column":2},"end":{"line":41,"column":null}}},"fnMap":{"0":{"name":"(anonymous_0)","decl":{"start":{"line":5,"column":14},"end":{"line":5,"column":15}},"loc":{"start":{"line":5,"column":15},"end":{"line":47,"column":null}},"line":5}},"branchMap":{"0":{"loc":{"start":{"line":7,"column":18},"end":{"line":7,"column":null}},"type":"binary-expr","locations":[{"start":{"line":7,"column":18},"end":{"line":7,"column":33}},{"start":{"line":7,"column":37},"end":{"line":7,"column":null}}],"line":7},"1":{"loc":{"start":{"line":28,"column":12},"end":{"line":30,"column":null}},"type":"cond-expr","locations":[{"start":{"line":29,"column":14},"end":{"line":29,"column":null}},{"start":{"line":30,"column":16},"end":{"line":30,"column":null}}],"line":28},"2":{"loc":{"start":{"line":34,"column":10},"end":{"line":35,"column":null}},"type":"binary-expr","locations":[{"start":{"line":34,"column":10},"end":{"line":34,"column":38}},{"start":{"line":34,"column":29},"end":{"line":35,"column":null}}],"line":34}},"s":{"0":1,"1":11,"2":11,"3":11},"f":{"0":11},"b":{"0":[11,10],"1":[1,10],"2":[11,10]},"meta":{"lastBranch":3,"lastFunction":1,"lastStatement":4,"seen":{"s:5:14:47:Infinity":0,"f:5:14:5:15":0,"s:7:18:7:Infinity":1,"b:7:18:7:33:7:37:7:Infinity":0,"s:10:2:10:Infinity":2,"s:12:2:41:Infinity":3,"b:29:14:29:Infinity:30:16:30:Infinity":1,"b:34:10:34:38:34:29:35:Infinity":2}}}
,"E:\\chinaunion\\shuyan\\datasophon\\datasophon-ui\\src\\components\\Common\\CommonTable\\index.tsx": {"path":"E:\\chinaunion\\shuyan\\datasophon\\datasophon-ui\\src\\components\\Common\\CommonTable\\index.tsx","statementMap":{"0":{"start":{"line":9,"column":6},"end":{"line":10,"column":null}},"1":{"start":{"line":10,"column":4},"end":{"line":10,"column":null}},"2":{"start":{"line":30,"column":34},"end":{"line":131,"column":null}},"3":{"start":{"line":32,"column":4},"end":{"line":34,"column":null}},"4":{"start":{"line":33,"column":8},"end":{"line":33,"column":null}},"5":{"start":{"line":35,"column":15},"end":{"line":118,"column":null}},"6":{"start":{"line":36,"column":8},"end":{"line":36,"column":null}},"7":{"start":{"line":38,"column":20},"end":{"line":101,"column":null}},"8":{"start":{"line":42,"column":16},"end":{"line":46,"column":null}},"9":{"start":{"line":43,"column":20},"end":{"line":43,"column":null}},"10":{"start":{"line":44,"column":23},"end":{"line":46,"column":null}},"11":{"start":{"line":45,"column":20},"end":{"line":45,"column":null}},"12":{"start":{"line":48,"column":16},"end":{"line":48,"column":null}},"13":{"start":{"line":51,"column":16},"end":{"line":51,"column":null}},"14":{"start":{"line":52,"column":16},"end":{"line":52,"column":null}},"15":{"start":{"line":55,"column":16},"end":{"line":90,"column":null}},"16":{"start":{"line":56,"column":37},"end":{"line":56,"column":null}},"17":{"start":{"line":57,"column":20},"end":{"line":75,"column":null}},"18":{"start":{"line":58,"column":41},"end":{"line":58,"column":53}},"19":{"start":{"line":59,"column":24},"end":{"line":59,"column":null}},"20":{"start":{"line":60,"column":52},"end":{"line":63,"column":null}},"21":{"start":{"line":65,"column":24},"end":{"line":74,"column":null}},"22":{"start":{"line":66,"column":40},"end":{"line":66,"column":null}},"23":{"start":{"line":67,"column":28},"end":{"line":67,"column":null}},"24":{"start":{"line":69,"column":28},"end":{"line":69,"column":null}},"25":{"start":{"line":71,"column":43},"end":{"line":71,"column":64}},"26":{"start":{"line":73,"column":28},"end":{"line":73,"column":null}},"27":{"start":{"line":76,"column":23},"end":{"line":90,"column":null}},"28":{"start":{"line":77,"column":37},"end":{"line":77,"column":null}},"29":{"start":{"line":78,"column":20},"end":{"line":89,"column":null}},"30":{"start":{"line":79,"column":41},"end":{"line":79,"column":null}},"31":{"start":{"line":80,"column":24},"end":{"line":87,"column":null}},"32":{"start":{"line":85,"column":32},"end":{"line":85,"column":null}},"33":{"start":{"line":92,"column":16},"end":{"line":98,"column":null}},"34":{"start":{"line":103,"column":21},"end":{"line":103,"column":null}},"35":{"start":{"line":105,"column":8},"end":{"line":115,"column":null}},"36":{"start":{"line":106,"column":12},"end":{"line":106,"column":null}},"37":{"start":{"line":108,"column":12},"end":{"line":110,"column":null}},"38":{"start":{"line":117,"column":8},"end":{"line":117,"column":null}},"39":{"start":{"line":122,"column":4},"end":{"line":126,"column":null}},"40":{"start":{"line":123,"column":8},"end":{"line":125,"column":null}},"41":{"start":{"line":124,"column":12},"end":{"line":124,"column":null}},"42":{"start":{"line":128,"column":4},"end":{"line":130,"column":null}},"43":{"start":{"line":129,"column":8},"end":{"line":129,"column":null}},"44":{"start":{"line":132,"column":14},"end":{"line":211,"column":null}},"45":{"start":{"line":135,"column":10},"end":{"line":135,"column":null}},"46":{"start":{"line":136,"column":22},"end":{"line":136,"column":null}},"47":{"start":{"line":139,"column":10},"end":{"line":142,"column":null}},"48":{"start":{"line":140,"column":8},"end":{"line":140,"column":null}},"49":{"start":{"line":141,"column":8},"end":{"line":141,"column":null}},"50":{"start":{"line":144,"column":4},"end":{"line":208,"column":null}},"51":{"start":{"line":159,"column":20},"end":{"line":159,"column":null}},"52":{"start":{"line":179,"column":20},"end":{"line":183,"column":null}},"53":{"start":{"line":180,"column":24},"end":{"line":182,"column":null}},"54":{"start":{"line":184,"column":20},"end":{"line":184,"column":null}},"55":{"start":{"line":194,"column":33},"end":{"line":205,"column":null}},"56":{"start":{"line":199,"column":24},"end":{"line":199,"column":null}}},"fnMap":{"0":{"name":"(anonymous_0)","decl":{"start":{"line":9,"column":32},"end":{"line":9,"column":null}},"loc":{"start":{"line":10,"column":4},"end":{"line":10,"column":null}},"line":10},"1":{"name":"(anonymous_1)","decl":{"start":{"line":30,"column":34},"end":{"line":30,"column":35}},"loc":{"start":{"line":30,"column":41},"end":{"line":131,"column":null}},"line":30},"2":{"name":"(anonymous_2)","decl":{"start":{"line":35,"column":15},"end":{"line":35,"column":16}},"loc":{"start":{"line":35,"column":24},"end":{"line":118,"column":null}},"line":35},"3":{"name":"(anonymous_3)","decl":{"start":{"line":39,"column":20},"end":{"line":39,"column":null}},"loc":{"start":{"line":39,"column":20},"end":{"line":49,"column":null}},"line":39},"4":{"name":"(anonymous_4)","decl":{"start":{"line":50,"column":17},"end":{"line":50,"column":null}},"loc":{"start":{"line":50,"column":17},"end":{"line":101,"column":null}},"line":50},"5":{"name":"(anonymous_5)","decl":{"start":{"line":57,"column":34},"end":{"line":57,"column":null}},"loc":{"start":{"line":57,"column":34},"end":{"line":75,"column":null}},"line":57},"6":{"name":"(anonymous_6)","decl":{"start":{"line":78,"column":34},"end":{"line":78,"column":null}},"loc":{"start":{"line":78,"column":34},"end":{"line":89,"column":null}},"line":78},"7":{"name":"(anonymous_7)","decl":{"start":{"line":84,"column":34},"end":{"line":84,"column":35}},"loc":{"start":{"line":84,"column":38},"end":{"line":86,"column":null}},"line":84},"8":{"name":"(anonymous_8)","decl":{"start":{"line":123,"column":15},"end":{"line":123,"column":16}},"loc":{"start":{"line":123,"column":33},"end":{"line":125,"column":null}},"line":123},"9":{"name":"(anonymous_9)","decl":{"start":{"line":128,"column":11},"end":{"line":128,"column":12}},"loc":{"start":{"line":128,"column":12},"end":{"line":130,"column":null}},"line":128},"10":{"name":"(anonymous_10)","decl":{"start":{"line":132,"column":14},"end":{"line":132,"column":15}},"loc":{"start":{"line":134,"column":1},"end":{"line":211,"column":null}},"line":134},"11":{"name":"(anonymous_11)","decl":{"start":{"line":139,"column":37},"end":{"line":139,"column":null}},"loc":{"start":{"line":139,"column":37},"end":{"line":142,"column":7}},"line":139},"12":{"name":"(anonymous_12)","decl":{"start":{"line":158,"column":16},"end":{"line":158,"column":25}},"loc":{"start":{"line":158,"column":30},"end":{"line":160,"column":null}},"line":158},"13":{"name":"(anonymous_13)","decl":{"start":{"line":178,"column":27},"end":{"line":178,"column":28}},"loc":{"start":{"line":178,"column":36},"end":{"line":185,"column":null}},"line":178},"14":{"name":"(anonymous_14)","decl":{"start":{"line":194,"column":27},"end":{"line":194,"column":33}},"loc":{"start":{"line":194,"column":33},"end":{"line":205,"column":null}},"line":194},"15":{"name":"(anonymous_15)","decl":{"start":{"line":198,"column":29},"end":{"line":198,"column":null}},"loc":{"start":{"line":198,"column":29},"end":{"line":200,"column":null}},"line":198}},"branchMap":{"0":{"loc":{"start":{"line":32,"column":4},"end":{"line":34,"column":null}},"type":"if","locations":[{"start":{"line":32,"column":4},"end":{"line":34,"column":null}},{"start":{},"end":{}}],"line":32},"1":{"loc":{"start":{"line":42,"column":16},"end":{"line":46,"column":null}},"type":"if","locations":[{"start":{"line":42,"column":16},"end":{"line":46,"column":null}},{"start":{"line":44,"column":23},"end":{"line":46,"column":null}}],"line":42},"2":{"loc":{"start":{"line":44,"column":23},"end":{"line":46,"column":null}},"type":"if","locations":[{"start":{"line":44,"column":23},"end":{"line":46,"column":null}},{"start":{},"end":{}}],"line":44},"3":{"loc":{"start":{"line":51,"column":39},"end":{"line":51,"column":61}},"type":"binary-expr","locations":[{"start":{"line":51,"column":39},"end":{"line":51,"column":48}},{"start":{"line":51,"column":52},"end":{"line":51,"column":61}}],"line":51},"4":{"loc":{"start":{"line":52,"column":26},"end":{"line":52,"column":46}},"type":"binary-expr","locations":[{"start":{"line":52,"column":26},"end":{"line":52,"column":33}},{"start":{"line":52,"column":37},"end":{"line":52,"column":46}}],"line":52},"5":{"loc":{"start":{"line":55,"column":16},"end":{"line":90,"column":null}},"type":"if","locations":[{"start":{"line":55,"column":16},"end":{"line":90,"column":null}},{"start":{"line":76,"column":23},"end":{"line":90,"column":null}}],"line":55},"6":{"loc":{"start":{"line":55,"column":37},"end":{"line":55,"column":57}},"type":"binary-expr","locations":[{"start":{"line":55,"column":37},"end":{"line":55,"column":46}},{"start":{"line":55,"column":50},"end":{"line":55,"column":57}}],"line":55},"7":{"loc":{"start":{"line":56,"column":37},"end":{"line":56,"column":null}},"type":"binary-expr","locations":[{"start":{"line":56,"column":37},"end":{"line":56,"column":48}},{"start":{"line":56,"column":52},"end":{"line":56,"column":null}}],"line":56},"8":{"loc":{"start":{"line":61,"column":45},"end":{"line":61,"column":120}},"type":"cond-expr","locations":[{"start":{"line":61,"column":56},"end":{"line":61,"column":114}},{"start":{"line":61,"column":117},"end":{"line":61,"column":120}}],"line":61},"9":{"loc":{"start":{"line":61,"column":59},"end":{"line":61,"column":114}},"type":"cond-expr","locations":[{"start":{"line":61,"column":81},"end":{"line":61,"column":107}},{"start":{"line":61,"column":110},"end":{"line":61,"column":114}}],"line":61},"10":{"loc":{"start":{"line":65,"column":24},"end":{"line":74,"column":null}},"type":"if","locations":[{"start":{"line":65,"column":24},"end":{"line":74,"column":null}},{"start":{},"end":{}}],"line":65},"11":{"loc":{"start":{"line":76,"column":23},"end":{"line":90,"column":null}},"type":"if","locations":[{"start":{"line":76,"column":23},"end":{"line":90,"column":null}},{"start":{},"end":{}}],"line":76},"12":{"loc":{"start":{"line":76,"column":27},"end":{"line":76,"column":126}},"type":"binary-expr","locations":[{"start":{"line":76,"column":27},"end":{"line":76,"column":67}},{"start":{"line":76,"column":67},"end":{"line":76,"column":126}}],"line":76},"13":{"loc":{"start":{"line":76,"column":42},"end":{"line":76,"column":62}},"type":"binary-expr","locations":[{"start":{"line":76,"column":42},"end":{"line":76,"column":51}},{"start":{"line":76,"column":55},"end":{"line":76,"column":62}}],"line":76},"14":{"loc":{"start":{"line":77,"column":37},"end":{"line":77,"column":null}},"type":"binary-expr","locations":[{"start":{"line":77,"column":37},"end":{"line":77,"column":48}},{"start":{"line":77,"column":52},"end":{"line":77,"column":null}}],"line":77},"15":{"loc":{"start":{"line":95,"column":34},"end":{"line":95,"column":52}},"type":"binary-expr","locations":[{"start":{"line":95,"column":34},"end":{"line":95,"column":45}},{"start":{"line":95,"column":49},"end":{"line":95,"column":52}}],"line":95},"16":{"loc":{"start":{"line":105,"column":8},"end":{"line":115,"column":null}},"type":"if","locations":[{"start":{"line":105,"column":8},"end":{"line":115,"column":null}},{"start":{},"end":{}}],"line":105},"17":{"loc":{"start":{"line":122,"column":4},"end":{"line":126,"column":null}},"type":"if","locations":[{"start":{"line":122,"column":4},"end":{"line":126,"column":null}},{"start":{},"end":{}}],"line":122},"18":{"loc":{"start":{"line":136,"column":22},"end":{"line":136,"column":null}},"type":"binary-expr","locations":[{"start":{"line":136,"column":22},"end":{"line":136,"column":42}},{"start":{"line":136,"column":46},"end":{"line":136,"column":null}}],"line":136},"19":{"loc":{"start":{"line":179,"column":20},"end":{"line":183,"column":null}},"type":"if","locations":[{"start":{"line":179,"column":20},"end":{"line":183,"column":null}},{"start":{},"end":{}}],"line":179},"20":{"loc":{"start":{"line":195,"column":16},"end":{"line":196,"column":null}},"type":"binary-expr","locations":[{"start":{"line":195,"column":16},"end":{"line":195,"column":44}},{"start":{"line":195,"column":28},"end":{"line":196,"column":null}}],"line":195}},"s":{"0":1,"1":2,"2":1,"3":29,"4":1,"5":29,"6":25,"7":25,"8":35,"9":2,"10":33,"11":3,"12":35,"13":33,"14":33,"15":33,"16":6,"17":6,"18":6,"19":6,"20":6,"21":6,"22":5,"23":5,"24":5,"25":5,"26":5,"27":27,"28":4,"29":4,"30":2,"31":2,"32":2,"33":33,"34":25,"35":25,"36":2,"37":2,"38":25,"39":29,"40":27,"41":23,"42":2,"43":2,"44":1,"45":14,"46":14,"47":14,"48":4,"49":4,"50":14,"51":1,"52":2,"53":1,"54":1,"55":14,"56":1},"f":{"0":2,"1":29,"2":25,"3":35,"4":33,"5":6,"6":2,"7":2,"8":23,"9":2,"10":14,"11":4,"12":1,"13":2,"14":14,"15":1},"b":{"0":[1,28],"1":[2,33],"2":[3,30],"3":[33,3],"4":[33,1],"5":[6,27],"6":[33,2],"7":[6,1],"8":[2,4],"9":[1,1],"10":[5,1],"11":[4,23],"12":[27,5],"13":[27,1],"14":[4,1],"15":[33,1],"16":[2,23],"17":[27,2],"18":[14,13],"19":[1,1],"20":[14,2]},"meta":{"lastBranch":21,"lastFunction":16,"lastStatement":57,"seen":{"s:9:6:10:Infinity":0,"f:9:32:9:Infinity":0,"s:10:4:10:Infinity":1,"s:30:34:131:Infinity":2,"f:30:34:30:35":1,"b:32:4:34:Infinity:undefined:undefined:undefined:undefined":0,"s:32:4:34:Infinity":3,"s:33:8:33:Infinity":4,"s:35:15:118:Infinity":5,"f:35:15:35:16":2,"s:36:8:36:Infinity":6,"s:38:20:101:Infinity":7,"f:39:20:39:Infinity":3,"b:42:16:46:Infinity:44:23:46:Infinity":1,"s:42:16:46:Infinity":8,"s:43:20:43:Infinity":9,"b:44:23:46:Infinity:undefined:undefined:undefined:undefined":2,"s:44:23:46:Infinity":10,"s:45:20:45:Infinity":11,"s:48:16:48:Infinity":12,"f:50:17:50:Infinity":4,"s:51:16:51:Infinity":13,"b:51:39:51:48:51:52:51:61":3,"s:52:16:52:Infinity":14,"b:52:26:52:33:52:37:52:46":4,"b:55:16:90:Infinity:76:23:90:Infinity":5,"s:55:16:90:Infinity":15,"b:55:37:55:46:55:50:55:57":6,"s:56:37:56:Infinity":16,"b:56:37:56:48:56:52:56:Infinity":7,"s:57:20:75:Infinity":17,"f:57:34:57:Infinity":5,"s:58:41:58:53":18,"s:59:24:59:Infinity":19,"s:60:52:63:Infinity":20,"b:61:56:61:114:61:117:61:120":8,"b:61:81:61:107:61:110:61:114":9,"b:65:24:74:Infinity:undefined:undefined:undefined:undefined":10,"s:65:24:74:Infinity":21,"s:66:40:66:Infinity":22,"s:67:28:67:Infinity":23,"s:69:28:69:Infinity":24,"s:71:43:71:64":25,"s:73:28:73:Infinity":26,"b:76:23:90:Infinity:undefined:undefined:undefined:undefined":11,"s:76:23:90:Infinity":27,"b:76:27:76:67:76:67:76:126":12,"b:76:42:76:51:76:55:76:62":13,"s:77:37:77:Infinity":28,"b:77:37:77:48:77:52:77:Infinity":14,"s:78:20:89:Infinity":29,"f:78:34:78:Infinity":6,"s:79:41:79:Infinity":30,"s:80:24:87:Infinity":31,"f:84:34:84:35":7,"s:85:32:85:Infinity":32,"s:92:16:98:Infinity":33,"b:95:34:95:45:95:49:95:52":15,"s:103:21:103:Infinity":34,"b:105:8:115:Infinity:undefined:undefined:undefined:undefined":16,"s:105:8:115:Infinity":35,"s:106:12:106:Infinity":36,"s:108:12:110:Infinity":37,"s:117:8:117:Infinity":38,"b:122:4:126:Infinity:undefined:undefined:undefined:undefined":17,"s:122:4:126:Infinity":39,"s:123:8:125:Infinity":40,"f:123:15:123:16":8,"s:124:12:124:Infinity":41,"s:128:4:130:Infinity":42,"f:128:11:128:12":9,"s:129:8:129:Infinity":43,"s:132:14:211:Infinity":44,"f:132:14:132:15":10,"s:135:10:135:Infinity":45,"s:136:22:136:Infinity":46,"b:136:22:136:42:136:46:136:Infinity":18,"s:139:10:142:Infinity":47,"f:139:37:139:Infinity":11,"s:140:8:140:Infinity":48,"s:141:8:141:Infinity":49,"s:144:4:208:Infinity":50,"f:158:16:158:25":12,"s:159:20:159:Infinity":51,"f:178:27:178:28":13,"b:179:20:183:Infinity:undefined:undefined:undefined:undefined":19,"s:179:20:183:Infinity":52,"s:180:24:182:Infinity":53,"s:184:20:184:Infinity":54,"f:194:27:194:33":14,"s:194:33:205:Infinity":55,"b:195:16:195:44:195:28:196:Infinity":20,"f:198:29:198:Infinity":15,"s:199:24:199:Infinity":56}}}
,"E:\\chinaunion\\shuyan\\datasophon\\datasophon-ui\\src\\components\\Common\\CommonTabs\\index.tsx": {"path":"E:\\chinaunion\\shuyan\\datasophon\\datasophon-ui\\src\\components\\Common\\CommonTabs\\index.tsx","statementMap":{"0":{"start":{"line":5,"column":14},"end":{"line":102,"column":null}},"1":{"start":{"line":17,"column":8},"end":{"line":17,"column":null}},"2":{"start":{"line":21,"column":35},"end":{"line":21,"column":null}},"3":{"start":{"line":25,"column":10},"end":{"line":50,"column":null}},"4":{"start":{"line":28,"column":34},"end":{"line":31,"column":null}},"5":{"start":{"line":34,"column":8},"end":{"line":48,"column":null}},"6":{"start":{"line":36,"column":12},"end":{"line":44,"column":null}},"7":{"start":{"line":37,"column":16},"end":{"line":42,"column":null}},"8":{"start":{"line":47,"column":12},"end":{"line":47,"column":null}},"9":{"start":{"line":52,"column":10},"end":{"line":76,"column":null}},"10":{"start":{"line":53,"column":8},"end":{"line":53,"column":null}},"11":{"start":{"line":54,"column":8},"end":{"line":75,"column":null}},"12":{"start":{"line":57,"column":16},"end":{"line":73,"column":null}},"13":{"start":{"line":58,"column":32},"end":{"line":58,"column":49}},"14":{"start":{"line":59,"column":20},"end":{"line":69,"column":null}},"15":{"start":{"line":74,"column":16},"end":{"line":74,"column":null}},"16":{"start":{"line":79,"column":4},"end":{"line":85,"column":null}},"17":{"start":{"line":80,"column":20},"end":{"line":80,"column":null}},"18":{"start":{"line":80,"column":38},"end":{"line":80,"column":null}},"19":{"start":{"line":81,"column":8},"end":{"line":83,"column":null}},"20":{"start":{"line":82,"column":12},"end":{"line":82,"column":null}},"21":{"start":{"line":89,"column":4},"end":{"line":99,"column":null}}},"fnMap":{"0":{"name":"(anonymous_0)","decl":{"start":{"line":5,"column":14},"end":{"line":5,"column":15}},"loc":{"start":{"line":5,"column":15},"end":{"line":102,"column":null}},"line":5},"1":{"name":"(anonymous_1)","decl":{"start":{"line":25,"column":33},"end":{"line":25,"column":40}},"loc":{"start":{"line":25,"column":40},"end":{"line":50,"column":7}},"line":25},"2":{"name":"(anonymous_2)","decl":{"start":{"line":52,"column":26},"end":{"line":52,"column":null}},"loc":{"start":{"line":52,"column":26},"end":{"line":76,"column":7}},"line":52},"3":{"name":"(anonymous_3)","decl":{"start":{"line":56,"column":17},"end":{"line":56,"column":null}},"loc":{"start":{"line":56,"column":17},"end":{"line":75,"column":null}},"line":56},"4":{"name":"(anonymous_4)","decl":{"start":{"line":79,"column":14},"end":{"line":79,"column":null}},"loc":{"start":{"line":79,"column":14},"end":{"line":85,"column":7}},"line":79},"5":{"name":"(anonymous_5)","decl":{"start":{"line":80,"column":31},"end":{"line":80,"column":38}},"loc":{"start":{"line":80,"column":38},"end":{"line":80,"column":null}},"line":80}},"branchMap":{"0":{"loc":{"start":{"line":15,"column":8},"end":{"line":15,"column":22}},"type":"default-arg","locations":[{"start":{"line":15,"column":17},"end":{"line":15,"column":22}}],"line":15},"1":{"loc":{"start":{"line":21,"column":47},"end":{"line":21,"column":null}},"type":"binary-expr","locations":[{"start":{"line":21,"column":47},"end":{"line":21,"column":63}},{"start":{"line":21,"column":47},"end":{"line":21,"column":88}},{"start":{"line":21,"column":88},"end":{"line":21,"column":null}}],"line":21},"2":{"loc":{"start":{"line":34,"column":8},"end":{"line":48,"column":null}},"type":"if","locations":[{"start":{"line":34,"column":8},"end":{"line":48,"column":null}},{"start":{},"end":{}}],"line":34},"3":{"loc":{"start":{"line":36,"column":12},"end":{"line":44,"column":null}},"type":"if","locations":[{"start":{"line":36,"column":12},"end":{"line":44,"column":null}},{"start":{},"end":{}}],"line":36},"4":{"loc":{"start":{"line":57,"column":16},"end":{"line":73,"column":null}},"type":"if","locations":[{"start":{"line":57,"column":16},"end":{"line":73,"column":null}},{"start":{},"end":{}}],"line":57},"5":{"loc":{"start":{"line":57,"column":20},"end":{"line":57,"column":54}},"type":"binary-expr","locations":[{"start":{"line":57,"column":20},"end":{"line":57,"column":33}},{"start":{"line":57,"column":37},"end":{"line":57,"column":54}}],"line":57},"6":{"loc":{"start":{"line":69,"column":37},"end":{"line":69,"column":null}},"type":"binary-expr","locations":[{"start":{"line":69,"column":37},"end":{"line":69,"column":46}},{"start":{"line":69,"column":50},"end":{"line":69,"column":null}}],"line":69},"7":{"loc":{"start":{"line":81,"column":8},"end":{"line":83,"column":null}},"type":"if","locations":[{"start":{"line":81,"column":8},"end":{"line":83,"column":null}},{"start":{},"end":{}}],"line":81},"8":{"loc":{"start":{"line":94,"column":23},"end":{"line":94,"column":null}},"type":"binary-expr","locations":[{"start":{"line":94,"column":23},"end":{"line":94,"column":36}},{"start":{"line":94,"column":36},"end":{"line":94,"column":null}}],"line":94},"9":{"loc":{"start":{"line":97,"column":29},"end":{"line":97,"column":null}},"type":"cond-expr","locations":[{"start":{"line":97,"column":70},"end":{"line":97,"column":77}},{"start":{"line":97,"column":77},"end":{"line":97,"column":null}}],"line":97}},"s":{"0":1,"1":58,"2":58,"3":58,"4":8,"5":8,"6":7,"7":2,"8":7,"9":58,"10":28,"11":28,"12":40,"13":3,"14":3,"15":40,"16":58,"17":57,"18":75,"19":57,"20":24,"21":58},"f":{"0":58,"1":8,"2":28,"3":40,"4":57,"5":75},"b":{"0":[58],"1":[58,54,1],"2":[7,1],"3":[2,5],"4":[3,37],"5":[40,3],"6":[3,2],"7":[24,33],"8":[58,3],"9":[56,2]},"meta":{"lastBranch":10,"lastFunction":6,"lastStatement":22,"seen":{"s:5:14:102:Infinity":0,"f:5:14:5:15":0,"s:17:8:17:Infinity":1,"b:15:17:15:22":0,"s:21:35:21:Infinity":2,"b:21:47:21:63:21:47:21:88:21:88:21:Infinity":1,"s:25:10:50:Infinity":3,"f:25:33:25:40":1,"s:28:34:31:Infinity":4,"b:34:8:48:Infinity:undefined:undefined:undefined:undefined":2,"s:34:8:48:Infinity":5,"b:36:12:44:Infinity:undefined:undefined:undefined:undefined":3,"s:36:12:44:Infinity":6,"s:37:16:42:Infinity":7,"s:47:12:47:Infinity":8,"s:52:10:76:Infinity":9,"f:52:26:52:Infinity":2,"s:53:8:53:Infinity":10,"s:54:8:75:Infinity":11,"f:56:17:56:Infinity":3,"b:57:16:73:Infinity:undefined:undefined:undefined:undefined":4,"s:57:16:73:Infinity":12,"b:57:20:57:33:57:37:57:54":5,"s:58:32:58:49":13,"s:59:20:69:Infinity":14,"b:69:37:69:46:69:50:69:Infinity":6,"s:74:16:74:Infinity":15,"s:79:4:85:Infinity":16,"f:79:14:79:Infinity":4,"s:80:20:80:Infinity":17,"f:80:31:80:38":5,"s:80:38:80:Infinity":18,"b:81:8:83:Infinity:undefined:undefined:undefined:undefined":7,"s:81:8:83:Infinity":19,"s:82:12:82:Infinity":20,"s:89:4:99:Infinity":21,"b:94:23:94:36:94:36:94:Infinity":8,"b:97:70:97:77:97:77:97:Infinity":9}}}
,"E:\\chinaunion\\shuyan\\datasophon\\datasophon-ui\\src\\components\\Common\\CommonTemplate\\index.tsx": {"path":"E:\\chinaunion\\shuyan\\datasophon\\datasophon-ui\\src\\components\\Common\\CommonTemplate\\index.tsx","statementMap":{"0":{"start":{"line":12,"column":14},"end":{"line":340,"column":null}},"1":{"start":{"line":20,"column":25},"end":{"line":331,"column":null}},"2":{"start":{"line":22,"column":8},"end":{"line":22,"column":null}},"3":{"start":{"line":24,"column":18},"end":{"line":328,"column":null}},"4":{"start":{"line":25,"column":27},"end":{"line":25,"column":null}},"5":{"start":{"line":30,"column":45},"end":{"line":30,"column":55}},"6":{"start":{"line":35,"column":16},"end":{"line":54,"column":null}},"7":{"start":{"line":39,"column":20},"end":{"line":50,"column":null}},"8":{"start":{"line":57,"column":36},"end":{"line":64,"column":null}},"9":{"start":{"line":67,"column":16},"end":{"line":322,"column":null}},"10":{"start":{"line":78,"column":20},"end":{"line":147,"column":null}},"11":{"start":{"line":79,"column":24},"end":{"line":86,"column":null}},"12":{"start":{"line":90,"column":27},"end":{"line":147,"column":null}},"13":{"start":{"line":91,"column":24},"end":{"line":99,"column":null}},"14":{"start":{"line":103,"column":27},"end":{"line":147,"column":null}},"15":{"start":{"line":104,"column":24},"end":{"line":115,"column":null}},"16":{"start":{"line":119,"column":27},"end":{"line":147,"column":null}},"17":{"start":{"line":120,"column":24},"end":{"line":122,"column":null}},"18":{"start":{"line":126,"column":27},"end":{"line":147,"column":null}},"19":{"start":{"line":127,"column":24},"end":{"line":143,"column":null}},"20":{"start":{"line":133,"column":40},"end":{"line":136,"column":null}},"21":{"start":{"line":152,"column":20},"end":{"line":321,"column":null}},"22":{"start":{"line":153,"column":24},"end":{"line":175,"column":null}},"23":{"start":{"line":161,"column":44},"end":{"line":169,"column":null}},"24":{"start":{"line":162,"column":48},"end":{"line":162,"column":null}},"25":{"start":{"line":162,"column":73},"end":{"line":162,"column":82}},"26":{"start":{"line":163,"column":48},"end":{"line":165,"column":null}},"27":{"start":{"line":164,"column":52},"end":{"line":164,"column":null}},"28":{"start":{"line":166,"column":48},"end":{"line":166,"column":null}},"29":{"start":{"line":168,"column":48},"end":{"line":168,"column":null}},"30":{"start":{"line":191,"column":27},"end":{"line":321,"column":null}},"31":{"start":{"line":192,"column":24},"end":{"line":209,"column":null}},"32":{"start":{"line":199,"column":44},"end":{"line":201,"column":null}},"33":{"start":{"line":200,"column":48},"end":{"line":200,"column":null}},"34":{"start":{"line":202,"column":44},"end":{"line":202,"column":null}},"35":{"start":{"line":235,"column":27},"end":{"line":321,"column":null}},"36":{"start":{"line":237,"column":44},"end":{"line":239,"column":null}},"37":{"start":{"line":241,"column":41},"end":{"line":241,"column":56}},"38":{"start":{"line":242,"column":24},"end":{"line":247,"column":null}},"39":{"start":{"line":243,"column":28},"end":{"line":243,"column":null}},"40":{"start":{"line":244,"column":28},"end":{"line":246,"column":null}},"41":{"start":{"line":245,"column":32},"end":{"line":245,"column":null}},"42":{"start":{"line":250,"column":24},"end":{"line":294,"column":null}},"43":{"start":{"line":257,"column":44},"end":{"line":259,"column":null}},"44":{"start":{"line":258,"column":48},"end":{"line":258,"column":null}},"45":{"start":{"line":260,"column":44},"end":{"line":260,"column":null}},"46":{"start":{"line":266,"column":36},"end":{"line":275,"column":null}},"47":{"start":{"line":320,"column":24},"end":{"line":320,"column":null}},"48":{"start":{"line":325,"column":16},"end":{"line":325,"column":null}},"49":{"start":{"line":330,"column":8},"end":{"line":330,"column":null}},"50":{"start":{"line":333,"column":4},"end":{"line":336,"column":null}}},"fnMap":{"0":{"name":"(anonymous_0)","decl":{"start":{"line":12,"column":14},"end":{"line":12,"column":15}},"loc":{"start":{"line":16,"column":1},"end":{"line":340,"column":null}},"line":16},"1":{"name":"(anonymous_1)","decl":{"start":{"line":20,"column":25},"end":{"line":20,"column":null}},"loc":{"start":{"line":20,"column":25},"end":{"line":331,"column":null}},"line":20},"2":{"name":"(anonymous_2)","decl":{"start":{"line":25,"column":20},"end":{"line":25,"column":27}},"loc":{"start":{"line":25,"column":27},"end":{"line":25,"column":null}},"line":25},"3":{"name":"(anonymous_3)","decl":{"start":{"line":26,"column":17},"end":{"line":26,"column":18}},"loc":{"start":{"line":26,"column":24},"end":{"line":328,"column":null}},"line":26},"4":{"name":"(anonymous_4)","decl":{"start":{"line":132,"column":58},"end":{"line":132,"column":null}},"loc":{"start":{"line":132,"column":58},"end":{"line":137,"column":42}},"line":132},"5":{"name":"(anonymous_5)","decl":{"start":{"line":160,"column":51},"end":{"line":160,"column":58}},"loc":{"start":{"line":160,"column":61},"end":{"line":171,"column":null}},"line":160},"6":{"name":"(anonymous_6)","decl":{"start":{"line":162,"column":66},"end":{"line":162,"column":73}},"loc":{"start":{"line":162,"column":73},"end":{"line":162,"column":82}},"line":162},"7":{"name":"(anonymous_7)","decl":{"start":{"line":198,"column":51},"end":{"line":198,"column":58}},"loc":{"start":{"line":198,"column":61},"end":{"line":205,"column":null}},"line":198},"8":{"name":"(anonymous_8)","decl":{"start":{"line":244,"column":54},"end":{"line":244,"column":null}},"loc":{"start":{"line":244,"column":54},"end":{"line":246,"column":null}},"line":244},"9":{"name":"(anonymous_9)","decl":{"start":{"line":256,"column":51},"end":{"line":256,"column":58}},"loc":{"start":{"line":256,"column":61},"end":{"line":262,"column":null}},"line":256},"10":{"name":"(anonymous_10)","decl":{"start":{"line":265,"column":44},"end":{"line":265,"column":45}},"loc":{"start":{"line":265,"column":83},"end":{"line":278,"column":null}},"line":265}},"branchMap":{"0":{"loc":{"start":{"line":14,"column":4},"end":{"line":14,"column":18}},"type":"default-arg","locations":[{"start":{"line":14,"column":16},"end":{"line":14,"column":18}}],"line":14},"1":{"loc":{"start":{"line":35,"column":16},"end":{"line":54,"column":null}},"type":"if","locations":[{"start":{"line":35,"column":16},"end":{"line":54,"column":null}},{"start":{},"end":{}}],"line":35},"2":{"loc":{"start":{"line":61,"column":26},"end":{"line":61,"column":93}},"type":"cond-expr","locations":[{"start":{"line":61,"column":39},"end":{"line":61,"column":84}},{"start":{"line":61,"column":84},"end":{"line":61,"column":93}}],"line":61},"3":{"loc":{"start":{"line":63,"column":34},"end":{"line":63,"column":null}},"type":"binary-expr","locations":[{"start":{"line":63,"column":34},"end":{"line":63,"column":44}},{"start":{"line":63,"column":48},"end":{"line":63,"column":null}}],"line":63},"4":{"loc":{"start":{"line":67,"column":16},"end":{"line":322,"column":null}},"type":"if","locations":[{"start":{"line":67,"column":16},"end":{"line":322,"column":null}},{"start":{"line":151,"column":23},"end":{"line":322,"column":null}}],"line":67},"5":{"loc":{"start":{"line":68,"column":20},"end":{"line":71,"column":null}},"type":"binary-expr","locations":[{"start":{"line":68,"column":20},"end":{"line":69,"column":null}},{"start":{"line":71,"column":20},"end":{"line":71,"column":null}}],"line":68},"6":{"loc":{"start":{"line":78,"column":20},"end":{"line":147,"column":null}},"type":"if","locations":[{"start":{"line":78,"column":20},"end":{"line":147,"column":null}},{"start":{"line":90,"column":27},"end":{"line":147,"column":null}}],"line":78},"7":{"loc":{"start":{"line":90,"column":27},"end":{"line":147,"column":null}},"type":"if","locations":[{"start":{"line":90,"column":27},"end":{"line":147,"column":null}},{"start":{"line":103,"column":27},"end":{"line":147,"column":null}}],"line":90},"8":{"loc":{"start":{"line":103,"column":27},"end":{"line":147,"column":null}},"type":"if","locations":[{"start":{"line":103,"column":27},"end":{"line":147,"column":null}},{"start":{"line":119,"column":27},"end":{"line":147,"column":null}}],"line":103},"9":{"loc":{"start":{"line":119,"column":27},"end":{"line":147,"column":null}},"type":"if","locations":[{"start":{"line":119,"column":27},"end":{"line":147,"column":null}},{"start":{"line":126,"column":27},"end":{"line":147,"column":null}}],"line":119},"10":{"loc":{"start":{"line":126,"column":27},"end":{"line":147,"column":null}},"type":"if","locations":[{"start":{"line":126,"column":27},"end":{"line":147,"column":null}},{"start":{},"end":{}}],"line":126},"11":{"loc":{"start":{"line":126,"column":31},"end":{"line":126,"column":89}},"type":"binary-expr","locations":[{"start":{"line":126,"column":31},"end":{"line":126,"column":57}},{"start":{"line":126,"column":57},"end":{"line":126,"column":89}}],"line":126},"12":{"loc":{"start":{"line":130,"column":38},"end":{"line":130,"column":null}},"type":"cond-expr","locations":[{"start":{"line":130,"column":71},"end":{"line":130,"column":84}},{"start":{"line":130,"column":84},"end":{"line":130,"column":null}}],"line":130},"13":{"loc":{"start":{"line":132,"column":36},"end":{"line":137,"column":44}},"type":"binary-expr","locations":[{"start":{"line":132,"column":36},"end":{"line":137,"column":42}},{"start":{"line":137,"column":42},"end":{"line":137,"column":44}}],"line":132},"14":{"loc":{"start":{"line":152,"column":20},"end":{"line":321,"column":null}},"type":"if","locations":[{"start":{"line":152,"column":20},"end":{"line":321,"column":null}},{"start":{"line":191,"column":27},"end":{"line":321,"column":null}}],"line":152},"15":{"loc":{"start":{"line":161,"column":44},"end":{"line":169,"column":null}},"type":"if","locations":[{"start":{"line":161,"column":44},"end":{"line":169,"column":null}},{"start":{"line":167,"column":51},"end":{"line":169,"column":null}}],"line":161},"16":{"loc":{"start":{"line":163,"column":48},"end":{"line":165,"column":null}},"type":"if","locations":[{"start":{"line":163,"column":48},"end":{"line":165,"column":null}},{"start":{},"end":{}}],"line":163},"17":{"loc":{"start":{"line":163,"column":52},"end":{"line":163,"column":79}},"type":"binary-expr","locations":[{"start":{"line":163,"column":52},"end":{"line":163,"column":61}},{"start":{"line":163,"column":61},"end":{"line":163,"column":79}}],"line":163},"18":{"loc":{"start":{"line":191,"column":27},"end":{"line":321,"column":null}},"type":"if","locations":[{"start":{"line":191,"column":27},"end":{"line":321,"column":null}},{"start":{"line":235,"column":27},"end":{"line":321,"column":null}}],"line":191},"19":{"loc":{"start":{"line":199,"column":44},"end":{"line":201,"column":null}},"type":"if","locations":[{"start":{"line":199,"column":44},"end":{"line":201,"colu
[...]
t":{"line":21,"column":20},"end":{"line":21,"column":40}},{"start":{"line":21,"column":33},"end":{"line":21,"column":55}},{"start":{"line":21,"column":55},"end":{"line":21,"column":68}}],"line":21},"2":{"loc":{"start":{"line":22,"column":11},"end":{"line":22,"column":null}},"type":"binary-expr","locations":[{"start":{"line":22,"column":11},"end":{"line":22,"column":20}},{"start":{"line":22,"column":24},"end":{"line":22,"column":null}}],"line":22},"3":{"loc":{"start":{"line":35,"column":2},"end":{"line":40,"column":null}},"type":"if","locations":[{"start":{"line":35,"column":2},"end":{"line":40,"column":null}},{"start":{},"end":{}}],"line":35},"4":{"loc":{"start":{"line":37,"column":4},"end":{"line":39,"column":null}},"type":"if","locations":[{"start":{"line":37,"column":4},"end":{"line":39,"column":null}},{"start":{},"end":{}}],"line":37},"5":{"loc":{"start":{"line":46,"column":2},"end":{"line":52,"column":null}},"type":"if","locations":[{"start":{"line":46,"column":2},"end":{"line":52,"column":null}},{"start":{"line":48,"column":9},"end":{"line":52,"column":null}}],"line":46},"6":{"loc":{"start":{"line":48,"column":9},"end":{"line":52,"column":null}},"type":"if","locations":[{"start":{"line":48,"column":9},"end":{"line":52,"column":null}},{"start":{"line":50,"column":9},"end":{"line":52,"column":null}}],"line":48},"7":{"loc":{"start":{"line":50,"column":9},"end":{"line":52,"column":null}},"type":"if","locations":[{"start":{"line":50,"column":9},"end":{"line":52,"column":null}},{"start":{},"end":{}}],"line":50},"8":{"loc":{"start":{"line":58,"column":20},"end":{"line":58,"column":30}},"type":"default-arg","locations":[{"start":{"line":58,"column":28},"end":{"line":58,"column":30}}],"line":58},"9":{"loc":{"start":{"line":58,"column":32},"end":{"line":58,"column":63}},"type":"default-arg","locations":[{"start":{"line":58,"column":39},"end":{"line":58,"column":63}}],"line":58},"10":{"loc":{"start":{"line":59,"column":2},"end":{"line":69,"column":null}},"type":"if","locations":[{"start":{"line":59,"column":2},"end":{"line":69,"column":null}},{"start":{"line":63,"column":9},"end":{"line":69,"column":null}}],"line":59},"11":{"loc":{"start":{"line":73,"column":2},"end":{"line":77,"column":null}},"type":"if","locations":[{"start":{"line":73,"column":2},"end":{"line":77,"column":null}},{"start":{},"end":{}}],"line":73},"12":{"loc":{"start":{"line":79,"column":2},"end":{"line":81,"column":null}},"type":"if","locations":[{"start":{"line":79,"column":2},"end":{"line":81,"column":null}},{"start":{},"end":{}}],"line":79},"13":{"loc":{"start":{"line":107,"column":2},"end":{"line":116,"column":null}},"type":"if","locations":[{"start":{"line":107,"column":2},"end":{"line":116,"column":null}},{"start":{"line":109,"column":9},"end":{"line":116,"column":null}}],"line":107},"14":{"loc":{"start":{"line":109,"column":9},"end":{"line":116,"column":null}},"type":"if","locations":[{"start":{"line":109,"column":9},"end":{"line":116,"column":null}},{"start":{"line":114,"column":9},"end":{"line":116,"column":null}}],"line":109},"15":{"loc":{"start":{"line":110,"column":4},"end":{"line":111,"column":null}},"type":"binary-expr","locations":[{"start":{"line":110,"column":4},"end":{"line":110,"column":null}},{"start":{"line":111,"column":4},"end":{"line":111,"column":null}}],"line":110},"16":{"loc":{"start":{"line":121,"column":28},"end":{"line":121,"column":37}},"type":"default-arg","locations":[{"start":{"line":121,"column":35},"end":{"line":121,"column":37}}],"line":121},"17":{"loc":{"start":{"line":128,"column":4},"end":{"line":130,"column":null}},"type":"if","locations":[{"start":{"line":128,"column":4},"end":{"line":130,"column":null}},{"start":{},"end":{}}],"line":128},"18":{"loc":{"start":{"line":132,"column":4},"end":{"line":134,"column":null}},"type":"if","locations":[{"start":{"line":132,"column":4},"end":{"line":134,"column":null}},{"start":{},"end":{}}],"line":132},"19":{"loc":{"start":{"line":143,"column":37},"end":{"line":143,"column":68}},"type":"default-arg","locations":[{"start":{"line":143,"column":44},"end":{"line":143,"column":68}}],"line":143},"20":{"loc":{"start":{"line":146,"column":2},"end":{"line":151,"column":null}},"type":"if","locations":[{"start":{"line":146,"column":2},"end":{"line":151,"column":null}},{"start":{},"end":{}}],"line":146},"21":{"loc":{"start":{"line":174,"column":4},"end":{"line":178,"column":null}},"type":"if","locations":[{"start":{"line":174,"column":4},"end":{"line":178,"column":null}},{"start":{"line":176,"column":11},"end":{"line":178,"column":null}}],"line":174},"22":{"loc":{"start":{"line":176,"column":11},"end":{"line":178,"column":null}},"type":"if","locations":[{"start":{"line":176,"column":11},"end":{"line":178,"column":null}},{"start":{},"end":{}}],"line":176}},"s":{"0":1,"1":0,"2":1,"3":0,"4":0,"5":0,"6":0,"7":0,"8":0,"9":0,"10":0,"11":0,"12":0,"13":0,"14":0,"15":0,"16":0,"17":0,"18":0,"19":0,"20":0,"21":0,"22":0,"23":0,"24":0,"25":0,"26":0,"27":0,"28":0,"29":0,"30":0,"31":0,"32":0,"33":1,"34":0,"35":0,"36":0,"37":0,"38":0,"39":0,"40":0,"41":0,"42":0,"43":0,"44":0,"45":0,"46":0,"47":0,"48":0,"49":0,"50":0,"51":0,"52":0,"53":0,"54":1,"55":0,"56":0,"57":0,"58":0,"59":0,"60":0,"61":0,"62":0,"63":0,"64":0,"65":0,"66":0},"f":{"0":0,"1":0,"2":0,"3":0,"4":0,"5":0,"6":0,"7":0,"8":0,"9":0,"10":0,"11":0},"b":{"0":[0,0],"1":[0,0,0,0],"2":[0,0],"3":[0,0],"4":[0,0],"5":[0,0],"6":[0,0],"7":[0,0],"8":[0],"9":[0],"10":[0,0],"11":[0,0],"12":[0,0],"13":[0,0],"14":[0,0],"15":[0,0],"16":[0],"17":[0,0],"18":[0,0],"19":[0],"20":[0,0],"21":[0,0],"22":[0,0]},"meta":{"lastBranch":23,"lastFunction":12,"lastStatement":67,"seen":{"s:12:37:14:Infinity":0,"f:12:37:12:38":0,"s:13:2:13:Infinity":1,"s:16:29:26:Infinity":2,"f:16:29:16:30":1,"s:17:17:17:Infinity":3,"b:21:2:25:Infinity:23:9:25:Infinity":0,"s:21:2:25:Infinity":4,"b:21:8:21:26:21:20:21:40:21:33:21:55:21:55:21:68":1,"s:22:4:22:Infinity":5,"b:22:11:22:20:22:24:22:Infinity":2,"s:24:4:24:Infinity":6,"f:28:16:28:30":2,"s:32:14:32:Infinity":7,"s:33:15:33:37":8,"s:34:19:34:34":9,"b:35:2:40:Infinity:undefined:undefined:undefined:undefined":3,"s:35:2:40:Infinity":10,"b:37:4:39:Infinity:undefined:undefined:undefined:undefined":4,"s:37:4:39:Infinity":11,"s:38:6:38:Infinity":12,"s:42:2:42:Infinity":13,"s:44:2:44:Infinity":14,"b:46:2:52:Infinity:48:9:52:Infinity":5,"s:46:2:52:Infinity":15,"s:47:4:47:Infinity":16,"b:48:9:52:Infinity:50:9:52:Infinity":6,"s:48:9:52:Infinity":17,"s:49:4:49:Infinity":18,"b:50:9:52:Infinity:undefined:undefined:undefined:undefined":7,"s:50:9:52:Infinity":19,"s:51:4:51:Infinity":20,"s:54:2:54:Infinity":21,"f:57:16:57:30":3,"s:58:68:58:Infinity":22,"b:58:28:58:30":8,"b:58:39:58:63":9,"b:59:2:69:Infinity:63:9:69:Infinity":10,"s:59:2:69:Infinity":23,"s:60:4:62:Infinity":24,"s:64:4:67:Infinity":25,"f:72:16:72:27":4,"b:73:2:77:Infinity:undefined:undefined:undefined:undefined":11,"s:73:2:77:Infinity":26,"s:74:4:76:Infinity":27,"b:79:2:81:Infinity:undefined:undefined:undefined:undefined":12,"s:79:2:81:Infinity":28,"s:80:4:80:Infinity":29,"s:83:2:83:Infinity":30,"s:86:18:86:Infinity":31,"s:88:2:90:Infinity":32,"s:105:29:119:Infinity":33,"f:105:29:105:30":5,"b:107:2:116:Infinity:109:9:116:Infinity":13,"s:107:2:116:Infinity":34,"s:108:4:108:Infinity":35,"b:109:9:116:Infinity:114:9:116:Infinity":14,"s:109:9:116:Infinity":36,"b:110:4:110:Infinity:111:4:111:Infinity":15,"s:113:4:113:Infinity":37,"s:115:4:115:Infinity":38,"s:118:2:118:Infinity":39,"f:121:9:121:23":6,"b:121:35:121:37":16,"s:122:12:122:14":40,"s:127:2:137:Infinity":41,"f:127:10:127:11":7,"b:128:4:130:Infinity:undefined:undefined:undefined:undefined":17,"s:128:4:130:Infinity":42,"s:129:6:129:Infinity":43,"b:132:4:134:Infinity:undefined:undefined:undefined:undefined":18,"s:132:4:134:Infinity":44,"s:133:6:133:Infinity":45,"s:136:4:136:Infinity":46,"s:140:2:140:Infinity":47,"f:143:16:143:37":8,"b:143:44:143:68":19,"s:144:15:144:41":48,"b:146:2:151:Infinity:undefined:undefined:undefined:undefined":20,"s:146:2:151:Infinity":49,"s:147:4:147:Infinity":50,"s:148:4:149:Infinity":51,"s:159:8:159:51":52,"s:161:2:161:Infinity":53,"s:163:32:184:Infinity":54,"f:163:32:163:33":9,"s:168:21:168:Infinity":55,"s:169:17:169:34":56,"s:171:16:171:Infinity":57,"s:173:2:181:Infinity":58,"f:173:24:173:25":10,"b:174:4:178:Infinity:176:11:178:Infinity":21,"s:174:4:178:Infinity":59,"s:175:6:175:Infinity":60,"b:176:11:178:Infinity:undefined:undefined:undefined:undefined":22,"s:176:11:178:Infinity":61,"s:177:6:177:Infinity":62,"s:180:4:180:Infinity":63,"s:183:2:183:Infinity":64,"f:186:16:186:38":11,"s:188:21:188:Infinity":65,"s:190:2:190:Infinity":66}}}
,"E:\\chinaunion\\shuyan\\datasophon\\datasophon-ui\\src\\utils\\util.ts": {"path":"E:\\chinaunion\\shuyan\\datasophon\\datasophon-ui\\src\\utils\\util.ts","statementMap":{"0":{"start":{"line":7,"column":2},"end":{"line":7,"column":null}},"1":{"start":{"line":14,"column":2},"end":{"line":19,"column":null}},"2":{"start":{"line":15,"column":18},"end":{"line":15,"column":null}},"3":{"start":{"line":16,"column":4},"end":{"line":18,"column":null}},"4":{"start":{"line":17,"column":6},"end":{"line":17,"column":null}},"5":{"start":{"line":23,"column":2},"end":{"line":23,"column":null}},"6":{"start":{"line":27,"column":18},"end":{"line":34,"column":null}},"7":{"start":{"line":29,"column":6},"end":{"line":29,"column":null}},"8":{"start":{"line":32,"column":6},"end":{"line":32,"column":null}},"9":{"start":{"line":35,"column":2},"end":{"line":35,"column":null}},"10":{"start":{"line":39,"column":2},"end":{"line":70,"column":null}},"11":{"start":{"line":40,"column":4},"end":{"line":42,"column":null}},"12":{"start":{"line":41,"column":6},"end":{"line":41,"column":null}},"13":{"start":{"line":44,"column":18},"end":{"line":44,"column":30}},"14":{"start":{"line":46,"column":24},"end":{"line":46,"column":40}},"15":{"start":{"line":48,"column":4},"end":{"line":53,"column":null}},"16":{"start":{"line":49,"column":6},"end":{"line":51,"column":null}},"17":{"start":{"line":50,"column":8},"end":{"line":50,"column":null}},"18":{"start":{"line":52,"column":6},"end":{"line":52,"column":null}},"19":{"start":{"line":55,"column":4},"end":{"line":60,"column":null}},"20":{"start":{"line":56,"column":6},"end":{"line":58,"column":null}},"21":{"start":{"line":57,"column":8},"end":{"line":57,"column":null}},"22":{"start":{"line":59,"column":6},"end":{"line":59,"column":null}},"23":{"start":{"line":62,"column":4},"end":{"line":69,"column":null}},"24":{"start":{"line":73,"column":35},"end":{"line":83,"column":null}},"25":{"start":{"line":74,"column":2},"end":{"line":82,"column":null}},"26":{"start":{"line":75,"column":4},"end":{"line":75,"column":null}},"27":{"start":{"line":77,"column":4},"end":{"line":79,"column":null}},"28":{"start":{"line":78,"column":6},"end":{"line":78,"column":null}},"29":{"start":{"line":81,"column":4},"end":{"line":81,"column":null}},"30":{"start":{"line":85,"column":34},"end":{"line":93,"column":null}},"31":{"start":{"line":86,"column":2},"end":{"line":88,"column":null}},"32":{"start":{"line":87,"column":4},"end":{"line":87,"column":null}},"33":{"start":{"line":90,"column":2},"end":{"line":90,"column":null}},"34":{"start":{"line":92,"column":2},"end":{"line":92,"column":null}},"35":{"start":{"line":95,"column":28},"end":{"line":95,"column":null}},"36":{"start":{"line":97,"column":23},"end":{"line":99,"column":null}},"37":{"start":{"line":98,"column":2},"end":{"line":98,"column":null}},"38":{"start":{"line":101,"column":18},"end":{"line":101,"column":43}}},"fnMap":{"0":{"name":"isDef","decl":{"start":{"line":6,"column":16},"end":{"line":6,"column":22}},"loc":{"start":{"line":6,"column":23},"end":{"line":8,"column":null}},"line":6},"1":{"name":"remove","decl":{"start":{"line":13,"column":16},"end":{"line":13,"column":23}},"loc":{"start":{"line":13,"column":32},"end":{"line":20,"column":null}},"line":13},"2":{"name":"isRegExp","decl":{"start":{"line":22,"column":16},"end":{"line":22,"column":25}},"loc":{"start":{"line":22,"column":26},"end":{"line":24,"column":null}},"line":22},"3":{"name":"enquireScreen","decl":{"start":{"line":26,"column":16},"end":{"line":26,"column":30}},"loc":{"start":{"line":26,"column":34},"end":{"line":36,"column":null}},"line":26},"4":{"name":"(anonymous_4)","decl":{"start":{"line":28,"column":4},"end":{"line":28,"column":11}},"loc":{"start":{"line":28,"column":11},"end":{"line":30,"column":null}},"line":28},"5":{"name":"(anonymous_5)","decl":{"start":{"line":31,"column":4},"end":{"line":31,"column":13}},"loc":{"start":{"line":31,"column":13},"end":{"line":33,"column":null}},"line":31},"6":{"name":"showComfirmModal","decl":{"start":{"line":38,"column":16},"end":{"line":38,"column":33}},"loc":{"start":{"line":38,"column":57},"end":{"line":71,"column":null}},"line":38},"7":{"name":"(anonymous_7)","decl":{"start":{"line":39,"column":21},"end":{"line":39,"column":22}},"loc":{"start":{"line":39,"column":22},"end":{"line":70,"column":null}},"line":39},"8":{"name":"(anonymous_8)","decl":{"start":{"line":48,"column":19},"end":{"line":48,"column":null}},"loc":{"start":{"line":48,"column":19},"end":{"line":53,"column":null}},"line":48},"9":{"name":"(anonymous_9)","decl":{"start":{"line":55,"column":23},"end":{"line":55,"column":null}},"loc":{"start":{"line":55,"column":23},"end":{"line":60,"column":null}},"line":55},"10":{"name":"(anonymous_10)","decl":{"start":{"line":73,"column":35},"end":{"line":73,"column":36}},"loc":{"start":{"line":73,"column":36},"end":{"line":83,"column":null}},"line":73},"11":{"name":"(anonymous_11)","decl":{"start":{"line":85,"column":34},"end":{"line":85,"column":null}},"loc":{"start":{"line":85,"column":34},"end":{"line":93,"column":null}},"line":85},"12":{"name":"(anonymous_12)","decl":{"start":{"line":97,"column":23},"end":{"line":97,"column":24}},"loc":{"start":{"line":97,"column":24},"end":{"line":99,"column":null}},"line":97}},"branchMap":{"0":{"loc":{"start":{"line":7,"column":9},"end":{"line":7,"column":null}},"type":"binary-expr","locations":[{"start":{"line":7,"column":9},"end":{"line":7,"column":28}},{"start":{"line":7,"column":28},"end":{"line":7,"column":null}}],"line":7},"1":{"loc":{"start":{"line":14,"column":2},"end":{"line":19,"column":null}},"type":"if","locations":[{"start":{"line":14,"column":2},"end":{"line":19,"column":null}},{"start":{},"end":{}}],"line":14},"2":{"loc":{"start":{"line":16,"column":4},"end":{"line":18,"column":null}},"type":"if","locations":[{"start":{"line":16,"column":4},"end":{"line":18,"column":null}},{"start":{},"end":{}}],"line":16},"3":{"loc":{"start":{"line":29,"column":6},"end":{"line":29,"column":null}},"type":"binary-expr","locations":[{"start":{"line":29,"column":6},"end":{"line":29,"column":14}},{"start":{"line":29,"column":14},"end":{"line":29,"column":null}}],"line":29},"4":{"loc":{"start":{"line":32,"column":6},"end":{"line":32,"column":null}},"type":"binary-expr","locations":[{"start":{"line":32,"column":6},"end":{"line":32,"column":14}},{"start":{"line":32,"column":14},"end":{"line":32,"column":null}}],"line":32},"5":{"loc":{"start":{"line":40,"column":4},"end":{"line":42,"column":null}},"type":"if","locations":[{"start":{"line":40,"column":4},"end":{"line":42,"column":null}},{"start":{},"end":{}}],"line":40},"6":{"loc":{"start":{"line":49,"column":6},"end":{"line":51,"column":null}},"type":"if","locations":[{"start":{"line":49,"column":6},"end":{"line":51,"column":null}},{"start":{},"end":{}}],"line":49},"7":{"loc":{"start":{"line":56,"column":6},"end":{"line":58,"column":null}},"type":"if","locations":[{"start":{"line":56,"column":6},"end":{"line":58,"column":null}},{"start":{},"end":{}}],"line":56},"8":{"loc":{"start":{"line":74,"column":2},"end":{"line":82,"column":null}},"type":"if","locations":[{"start":{"line":74,"column":2},"end":{"line":82,"column":null}},{"start":{"line":76,"column":9},"end":{"line":82,"column":null}}],"line":74},"9":{"loc":{"start":{"line":75,"column":20},"end":{"line":75,"column":null}},"type":"binary-expr","locations":[{"start":{"line":75,"column":20},"end":{"line":75,"column":31}},{"start":{"line":75,"column":35},"end":{"line":75,"column":42}},{"start":{"line":75,"column":46},"end":{"line":75,"column":null}}],"line":75},"10":{"loc":{"start":{"line":77,"column":4},"end":{"line":79,"column":null}},"type":"if","locations":[{"start":{"line":77,"column":4},"end":{"line":79,"column":null}},{"start":{},"end":{}}],"line":77},"11":{"loc":{"start":{"line":77,"column":8},"end":{"line":77,"column":64}},"type":"binary-expr","locations":[{"start":{"line":77,"column":8},"end":{"line":77,"column":15}},{"start":{"line":77,"column":19},"end":{"line":77,"column":64}}],"line":77},"12":{"loc":{"start":{"line":81,"column":18},"end":{"line":81,"column":null}},"type":"binary-expr","locations":[{"start":{"line":81,"column":18},"end":{"line":81,"column":29}},{"start":{"line":81,"column":33},"end":{"line":81,"column":40}},{"start":{"line":81,"column":44},"end":{"line":81,"column":null}}],"line":81},"13":{"loc":{"start":{"line":86,"column":2},"end":{"line":88,"column":null}},"type":"if","locations":[{"start":{"line":86,"column":2},"end":{"line":88,"column":null}},{"start":{},"end":{}}],"line":86},"14":{"loc":{"start":{"line":98,"column":2},"end":{"line":98,"column":null}},"type":"binary-expr","locations":[{"start":{"line":98,"column":2},"end":{"line":98,"column":24}},{"start":{"line":98,"column":16},"end":{"line":98,"column":44}},{"start":{"line":98,"column":44},"end":{"line":98,"column":null}}],"line":98}},"s":{"0":0,"1":0,"2":0,"3":0,"4":0,"5":0,"6":0,"7":0,"8":0,"9":0,"10":0,"11":0,"12":0,"13":0,"14":0,"15":0,"16":0,"17":0,"18":0,"19":0,"20":0,"21":0,"22":0,"23":0,"24":1,"25":0,"26":0,"27":0,"28":0,"29":0,"30":1,"31":12,"32":1,"33":12,"34":12,"35":1,"36":1,"37":0,"38":1},"f":{"0":0,"1":0,"2":0,"3":0,"4":0,"5":0,"6":0,"7":0,"8":0,"9":0,"10":0,"11":12,"12":0},"b":{"0":[0,0],"1":[0,0],"2":[0,0],"3":[0,0],"4":[0,0],"5":[0,0],"6":[0,0],"7":[0,0],"8":[0,0],"9":[0,0,0],"10":[0,0],"11":[0,0],"12":[0,0,0],"13":[1,11],"14":[0,0,0]},"meta":{"lastBranch":15,"lastFunction":13,"lastStatement":39,"seen":{"f:6:16:6:22":0,"s:7:2:7:Infinity":0,"b:7:9:7:28:7:28:7:Infinity":0,"f:13:16:13:23":1,"b:14:2:19:Infinity:undefined:undefined:undefined:undefined":1,"s:14:2:19:Infinity":1,"s:15:18:15:Infinity":2,"b:16:4:18:Infinity:undefined:undefined:undefined:undefined":2,"s:16:4:18:Infinity":3,"s:17:6:17:Infinity":4,"f:22:16:22:25":2,"s:23:2:23:Infinity":5,"f:26:16:26:30":3,"s:27:18:34:Infinity":6,"f:28:4:28:11":4,"s:29:6:29:Infinity":7,"b:29:6:29:14:29:14:29:Infinity":3,"f:31:4:31:13":5,"s:32:6:32:Infinity":8,"b:32:6:32:14:32:14:32:Infinity":4,"s:35:2:35:Infinity":9,"f:38:16:38:33":6,"s:39:2:70:Infinity":10,"f:39:21:39:22":7,"b:40:4:42:Infinity:undefined:undefined:undefined:undefined":5,"s:40:4:42:Infinity":11,"s:41:6:41:Infinity":12,"s:44:18:44:30":13,"s:46:24:46:40":14,"s:48:4:53:Infinity":15,"f:48:19:48:Infinity":8,"b:49:6:51:Infinity:undefined:undefined:undefined:undefined":6,"s:49:6:51:Infinity":16,"s:50:8:50:Infinity":17,"s:52:6:52:Infinity":18,"s:55:4:60:Infinity":19,"f:55:23:55:Infinity":9,"b:56:6:58:Infinity:undefined:undefined:undefined:undefined":7,"s:56:6:58:Infinity":20,"s:57:8:57:Infinity":21,"s:59:6:59:Infinity":22,"s:62:4:69:Infinity":23,"s:73:35:83:Infinity":24,"f:73:35:73:36":10,"b:74:2:82:Infinity:76:9:82:Infinity":8,"s:74:2:82:Infinity":25,"s:75:4:75:Infinity":26,"b:75:20:75:31:75:35:75:42:75:46:75:Infinity":9,"b:77:4:79:Infinity:undefined:undefined:undefined:undefined":10,"s:77:4:79:Infinity":27,"b:77:8:77:15:77:19:77:64":11,"s:78:6:78:Infinity":28,"s:81:4:81:Infinity":29,"b:81:18:81:29:81:33:81:40:81:44:81:Infinity":12,"s:85:34:93:Infinity":30,"f:85:34:85:Infinity":11,"b:86:2:88:Infinity:undefined:undefined:undefined:undefined":13,"s:86:2:88:Infinity":31,"s:87:4:87:Infinity":32,"s:90:2:90:Infinity":33,"s:92:2:92:Infinity":34,"s:95:28:95:Infinity":35,"s:97:23:99:Infinity":36,"f:97:23:97:24":12,"s:98:2:98:Infinity":37,"b:98:2:98:24:98:16:98:44:98:44:98:Infinity":14,"s:101:18:101:43":38}}}
}
