mode: set
github.com/88fantasy/datasophon/datasophon-cli-go/internal/cli/init/allhost.go:15.37,15.64 1 0
github.com/88fantasy/datasophon/datasophon-cli-go/internal/cli/init/allhost.go:17.69,19.2 1 0
github.com/88fantasy/datasophon/datasophon-cli-go/internal/cli/init/allhost.go:21.59,29.16 5 0
github.com/88fantasy/datasophon/datasophon-cli-go/internal/cli/init/allhost.go:29.16,32.3 2 0
github.com/88fantasy/datasophon/datasophon-cli-go/internal/cli/init/allhost.go:34.2,34.33 1 0
github.com/88fantasy/datasophon/datasophon-cli-go/internal/cli/init/allhost.go:34.33,36.3 1 0
github.com/88fantasy/datasophon/datasophon-cli-go/internal/cli/init/allhost.go:38.2,44.12 6 0
github.com/88fantasy/datasophon/datasophon-cli-go/internal/cli/init/allhost.go:47.60,51.55 1 0
github.com/88fantasy/datasophon/datasophon-cli-go/internal/cli/init/allhost.go:51.55,53.4 1 0
github.com/88fantasy/datasophon/datasophon-cli-go/internal/cli/init/allhost.go:55.2,56.12 2 0
github.com/88fantasy/datasophon/datasophon-cli-go/internal/cli/init/base.go:19.63,21.2 1 0
github.com/88fantasy/datasophon/datasophon-cli-go/internal/cli/init/base.go:24.53,31.2 6 0
github.com/88fantasy/datasophon/datasophon-cli-go/internal/cli/init/base.go:34.71,36.2 1 0
github.com/88fantasy/datasophon/datasophon-cli-go/internal/cli/init/bash.go:16.34,16.66 1 0
github.com/88fantasy/datasophon/datasophon-cli-go/internal/cli/init/bash.go:18.66,20.2 1 0
github.com/88fantasy/datasophon/datasophon-cli-go/internal/cli/init/bash.go:22.56,24.53 1 0
github.com/88fantasy/datasophon/datasophon-cli-go/internal/cli/init/bash.go:24.53,26.22 2 0
github.com/88fantasy/datasophon/datasophon-cli-go/internal/cli/init/bash.go:26.22,28.24 2 0
github.com/88fantasy/datasophon/datasophon-cli-go/internal/cli/init/bash.go:28.24,29.69 1 0
github.com/88fantasy/datasophon/datasophon-cli-go/internal/cli/init/bash.go:29.69,32.6 2 0
github.com/88fantasy/datasophon/datasophon-cli-go/internal/cli/init/bash.go:38.2,38.87 1 0
github.com/88fantasy/datasophon/datasophon-cli-go/internal/cli/init/bash.go:38.87,40.3 1 0
github.com/88fantasy/datasophon/datasophon-cli-go/internal/cli/init/bash.go:43.2,43.82 1 0
github.com/88fantasy/datasophon/datasophon-cli-go/internal/cli/init/bash.go:43.82,46.3 2 0
github.com/88fantasy/datasophon/datasophon-cli-go/internal/cli/init/bash.go:48.2,49.12 2 0
github.com/88fantasy/datasophon/datasophon-cli-go/internal/cli/init/bash.go:52.57,56.55 1 0
github.com/88fantasy/datasophon/datasophon-cli-go/internal/cli/init/bash.go:56.55,58.4 1 0
github.com/88fantasy/datasophon/datasophon-cli-go/internal/cli/init/bash.go:60.2,61.12 2 0
github.com/88fantasy/datasophon/datasophon-cli-go/internal/cli/init/bin_package.go:22.40,22.83 1 0
github.com/88fantasy/datasophon/datasophon-cli-go/internal/cli/init/bin_package.go:24.72,26.2 1 0
github.com/88fantasy/datasophon/datasophon-cli-go/internal/cli/init/bin_package.go:28.63,32.55 1 0
github.com/88fantasy/datasophon/datasophon-cli-go/internal/cli/init/bin_package.go:32.55,34.4 1 0
github.com/88fantasy/datasophon/datasophon-cli-go/internal/cli/init/bin_package.go:36.2,42.12 7 0
github.com/88fantasy/datasophon/datasophon-cli-go/internal/cli/init/bin_package.go:45.62,48.33 2 0
github.com/88fantasy/datasophon/datasophon-cli-go/internal/cli/init/bin_package.go:48.33,51.3 2 0
github.com/88fantasy/datasophon/datasophon-cli-go/internal/cli/init/bin_package.go:54.2,54.58 1 0
github.com/88fantasy/datasophon/datasophon-cli-go/internal/cli/init/bin_package.go:54.58,56.3 1 0
github.com/88fantasy/datasophon/datasophon-cli-go/internal/cli/init/bin_package.go:59.2,59.76 1 0
github.com/88fantasy/datasophon/datasophon-cli-go/internal/cli/init/bin_package.go:59.76,61.3 1 0
github.com/88fantasy/datasophon/datasophon-cli-go/internal/cli/init/bin_package.go:61.8,62.88 1 0
github.com/88fantasy/datasophon/datasophon-cli-go/internal/cli/init/bin_package.go:62.88,65.4 2 0
github.com/88fantasy/datasophon/datasophon-cli-go/internal/cli/init/bin_package.go:66.3,67.86 2 0
github.com/88fantasy/datasophon/datasophon-cli-go/internal/cli/init/bin_package.go:67.86,70.4 2 0
github.com/88fantasy/datasophon/datasophon-cli-go/internal/cli/init/bin_package.go:71.3,71.67 1 0
github.com/88fantasy/datasophon/datasophon-cli-go/internal/cli/init/bin_package.go:75.2,75.41 1 0
github.com/88fantasy/datasophon/datasophon-cli-go/internal/cli/init/bin_package.go:75.41,77.3 1 0
github.com/88fantasy/datasophon/datasophon-cli-go/internal/cli/init/bin_package.go:78.2,78.12 1 0
github.com/88fantasy/datasophon/datasophon-cli-go/internal/cli/init/docker.go:27.36,27.61 1 0
github.com/88fantasy/datasophon/datasophon-cli-go/internal/cli/init/docker.go:29.68,31.2 1 0
github.com/88fantasy/datasophon/datasophon-cli-go/internal/cli/init/docker.go:33.59,37.55 1 0
github.com/88fantasy/datasophon/datasophon-cli-go/internal/cli/init/docker.go:37.55,39.4 1 0
github.com/88fantasy/datasophon/datasophon-cli-go/internal/cli/init/docker.go:41.2,54.12 14 0
github.com/88fantasy/datasophon/datasophon-cli-go/internal/cli/init/docker.go:57.58,58.25 1 0
github.com/88fantasy/datasophon/datasophon-cli-go/internal/cli/init/docker.go:58.25,61.3 2 0
github.com/88fantasy/datasophon/datasophon-cli-go/internal/cli/init/docker.go:63.2,64.40 2 0
github.com/88fantasy/datasophon/datasophon-cli-go/internal/cli/init/docker.go:64.40,65.24 1 0
github.com/88fantasy/datasophon/datasophon-cli-go/internal/cli/init/docker.go:65.24,72.4 6 0
github.com/88fantasy/datasophon/datasophon-cli-go/internal/cli/init/docker.go:72.9,75.4 2 0
github.com/88fantasy/datasophon/datasophon-cli-go/internal/cli/init/docker.go:78.2,79.42 2 0
github.com/88fantasy/datasophon/datasophon-cli-go/internal/cli/init/docker.go:79.42,81.3 1 0
github.com/88fantasy/datasophon/datasophon-cli-go/internal/cli/init/docker.go:82.2,85.39 2 0
github.com/88fantasy/datasophon/datasophon-cli-go/internal/cli/init/docker.go:85.39,87.3 1 0
github.com/88fantasy/datasophon/datasophon-cli-go/internal/cli/init/docker.go:89.2,89.35 1 0
github.com/88fantasy/datasophon/datasophon-cli-go/internal/cli/init/docker.go:89.35,92.3 2 0
github.com/88fantasy/datasophon/datasophon-cli-go/internal/cli/init/docker.go:94.2,121.64 15 0
github.com/88fantasy/datasophon/datasophon-cli-go/internal/cli/init/docker.go:121.64,124.3 2 0
github.com/88fantasy/datasophon/datasophon-cli-go/internal/cli/init/docker.go:125.2,125.104 1 0
github.com/88fantasy/datasophon/datasophon-cli-go/internal/cli/init/docker.go:125.104,128.3 2 0
github.com/88fantasy/datasophon/datasophon-cli-go/internal/cli/init/docker.go:129.2,130.12 2 0
github.com/88fantasy/datasophon/datasophon-cli-go/internal/cli/init/docker.go:133.35,158.2 1 0
github.com/88fantasy/datasophon/datasophon-cli-go/internal/cli/init/firewall.go:15.38,15.66 1 0
github.com/88fantasy/datasophon/datasophon-cli-go/internal/cli/init/firewall.go:17.70,19.2 1 0
github.com/88fantasy/datasophon/datasophon-cli-go/internal/cli/init/firewall.go:21.60,27.23 5 0
github.com/88fantasy/datasophon/datasophon-cli-go/internal/cli/init/firewall.go:27.23,31.3 3 0
github.com/88fantasy/datasophon/datasophon-cli-go/internal/cli/init/firewall.go:33.2,34.15 2 0
github.com/88fantasy/datasophon/datasophon-cli-go/internal/cli/init/firewall.go:34.15,35.53 1 0
github.com/88fantasy/datasophon/datasophon-cli-go/internal/cli/init/firewall.go:35.53,38.4 2 0
github.com/88fantasy/datasophon/datasophon-cli-go/internal/cli/init/firewall.go:39.3,39.50 1 0
github.com/88fantasy/datasophon/datasophon-cli-go/internal/cli/init/firewall.go:39.50,42.4 2 0
github.com/88fantasy/datasophon/datasophon-cli-go/internal/cli/init/firewall.go:44.2,45.12 2 0
github.com/88fantasy/datasophon/datasophon-cli-go/internal/cli/init/firewall.go:48.61,52.55 1 0
github.com/88fantasy/datasophon/datasophon-cli-go/internal/cli/init/firewall.go:52.55,54.4 1 0
github.com/88fantasy/datasophon/datasophon-cli-go/internal/cli/init/firewall.go:56.2,57.12 2 0
github.com/88fantasy/datasophon/datasophon-cli-go/internal/cli/init/helm.go:24.34,24.57 1 0
github.com/88fantasy/datasophon/datasophon-cli-go/internal/cli/init/helm.go:26.66,28.2 1 0
github.com/88fantasy/datasophon/datasophon-cli-go/internal/cli/init/helm.go:30.57,34.55 1 0
github.com/88fantasy/datasophon/datasophon-cli-go/internal/cli/init/helm.go:34.55,36.4 1 0
github.com/88fantasy/datasophon/datasophon-cli-go/internal/cli/init/helm.go:38.2,48.12 11 0
github.com/88fantasy/datasophon/datasophon-cli-go/internal/cli/init/helm.go:51.56,52.25 1 0
github.com/88fantasy/datasophon/datasophon-cli-go/internal/cli/init/helm.go:52.25,55.3 2 0
github.com/88fantasy/datasophon/datasophon-cli-go/internal/cli/init/helm.go:56.2,56.52 1 0
github.com/88fantasy/datasophon/datasophon-cli-go/internal/cli/init/helm.go:56.52,59.3 2 0
github.com/88fantasy/datasophon/datasophon-cli-go/internal/cli/init/helm.go:61.2,62.42 2 0
github.com/88fantasy/datasophon/datasophon-cli-go/internal/cli/init/helm.go:62.42,64.3 1 0
github.com/88fantasy/datasophon/datasophon-cli-go/internal/cli/init/helm.go:65.2,68.39 2 0
github.com/88fantasy/datasophon/datasophon-cli-go/internal/cli/init/helm.go:68.39,70.3 1 0
github.com/88fantasy/datasophon/datasophon-cli-go/internal/cli/init/helm.go:72.2,72.35 1 0
github.com/88fantasy/datasophon/datasophon-cli-go/internal/cli/init/helm.go:72.35,75.3 2 0
github.com/88fantasy/datasophon/datasophon-cli-go/internal/cli/init/helm.go:76.2,81.12 6 0
github.com/88fantasy/datasophon/datasophon-cli-go/internal/cli/init/helmify.go:24.37,24.63 1 0
github.com/88fantasy/datasophon/datasophon-cli-go/internal/cli/init/helmify.go:26.69,28.2 1 0
github.com/88fantasy/datasophon/datasophon-cli-go/internal/cli/init/helmify.go:30.60,34.55 1 0
github.com/88fantasy/datasophon/datasophon-cli-go/internal/cli/init/helmify.go:34.55,36.4 1 0
github.com/88fantasy/datasophon/datasophon-cli-go/internal/cli/init/helmify.go:38.2,48.12 11 0
github.com/88fantasy/datasophon/datasophon-cli-go/internal/cli/init/helmify.go:51.59,52.25 1 0
github.com/88fantasy/datasophon/datasophon-cli-go/internal/cli/init/helmify.go:52.25,55.3 2 0
github.com/88fantasy/datasophon/datasophon-cli-go/internal/cli/init/helmify.go:56.2,56.56 1 0
github.com/88fantasy/datasophon/datasophon-cli-go/internal/cli/init/helmify.go:56.56,59.3 2 0
github.com/88fantasy/datasophon/datasophon-cli-go/internal/cli/init/helmify.go:61.2,62.42 2 0
github.com/88fantasy/datasophon/datasophon-cli-go/internal/cli/init/helmify.go:62.42,64.3 1 0
github.com/88fantasy/datasophon/datasophon-cli-go/internal/cli/init/helmify.go:65.2,68.39 2 0
github.com/88fantasy/datasophon/datasophon-cli-go/internal/cli/init/helmify.go:68.39,70.3 1 0
github.com/88fantasy/datasophon/datasophon-cli-go/internal/cli/init/helmify.go:72.2,72.35 1 0
github.com/88fantasy/datasophon/datasophon-cli-go/internal/cli/init/helmify.go:72.35,75.3 2 0
github.com/88fantasy/datasophon/datasophon-cli-go/internal/cli/init/helmify.go:76.2,81.12 6 0
github.com/88fantasy/datasophon/datasophon-cli-go/internal/cli/init/hostname.go:19.38,19.68 1 0
github.com/88fantasy/datasophon/datasophon-cli-go/internal/cli/init/hostname.go:21.70,23.2 1 0
github.com/88fantasy/datasophon/datasophon-cli-go/internal/cli/init/hostname.go:25.60,27.51 2 0
github.com/88fantasy/datasophon/datasophon-cli-go/internal/cli/init/hostname.go:27.51,30.3 2 0
github.com/88fantasy/datasophon/datasophon-cli-go/internal/cli/init/hostname.go:30.8,32.3 1 0
github.com/88fantasy/datasophon/datasophon-cli-go/internal/cli/init/hostname.go:33.2,37.61 4 0
github.com/88fantasy/datasophon/datasophon-cli-go/internal/cli/init/hostname.go:37.61,40.3 2 0
github.com/88fantasy/datasophon/datasophon-cli-go/internal/cli/init/hostname.go:41.2,42.12 2 0
github.com/88fantasy/datasophon/datasophon-cli-go/internal/cli/init/hostname.go:45.61,49.55 1 0
github.com/88fantasy/datasophon/datasophon-cli-go/internal/cli/init/hostname.go:49.55,51.4 1 0
github.com/88fantasy/datasophon/datasophon-cli-go/internal/cli/init/hostname.go:53.2,56.12 4 0
github.com/88fantasy/datasophon/datasophon-cli-go/internal/cli/init/hugepage.go:16.38,16.69 1 0
github.com/88fantasy/datasophon/datasophon-cli-go/internal/cli/init/hugepage.go:18.70,20.2 1 0
github.com/88fantasy/datasophon/datasophon-cli-go/internal/cli/init/hugepage.go:22.61,26.55 1 0
github.com/88fantasy/datasophon/datasophon-cli-go/internal/cli/init/hugepage.go:26.55,28.4 1 0
github.com/88fantasy/datasophon/datasophon-cli-go/internal/cli/init/hugepage.go:30.2,31.12 2 0
github.com/88fantasy/datasophon/datasophon-cli-go/internal/cli/init/hugepage.go:34.60,38.23 4 0
github.com/88fantasy/datasophon/datasophon-cli-go/internal/cli/init/hugepage.go:38.23,40.3 1 0
github.com/88fantasy/datasophon/datasophon-cli-go/internal/cli/init/hugepage.go:41.2,41.39 1 0
github.com/88fantasy/datasophon/datasophon-cli-go/internal/cli/init/hugepage.go:41.39,44.3 2 0
github.com/88fantasy/datasophon/datasophon-cli-go/internal/cli/init/hugepage.go:45.2,52.16 4 0
github.com/88fantasy/datasophon/datasophon-cli-go/internal/cli/init/hugepage.go:52.16,57.3 2 0
github.com/88fantasy/datasophon/datasophon-cli-go/internal/cli/init/hugepage.go:58.2,59.12 2 0
github.com/88fantasy/datasophon/datasophon-cli-go/internal/cli/init/init.go:8.50,63.2 29 0
github.com/88fantasy/datasophon/datasophon-cli-go/internal/cli/init/jdk17.go:26.35,26.62 1 0
github.com/88fantasy/datasophon/datasophon-cli-go/internal/cli/init/jdk17.go:28.67,30.2 1 0
github.com/88fantasy/datasophon/datasophon-cli-go/internal/cli/init/jdk17.go:32.57,36.42 3 0
github.com/88fantasy/datasophon/datasophon-cli-go/internal/cli/init/jdk17.go:36.42,38.3 1 0
github.com/88fantasy/datasophon/datasophon-cli-go/internal/cli/init/jdk17.go:40.2,41.34 2 0
github.com/88fantasy/datasophon/datasophon-cli-go/internal/cli/init/jdk17.go:41.34,44.3 2 0
github.com/88fantasy/datasophon/datasophon-cli-go/internal/cli/init/jdk17.go:46.2,69.12 18 0
github.com/88fantasy/datasophon/datasophon-cli-go/internal/cli/init/jdk17.go:72.58,76.55 1 0
github.com/88fantasy/datasophon/datasophon-cli-go/internal/cli/init/jdk17.go:76.55,78.4 1 0
github.com/88fantasy/datasophon/datasophon-cli-go/internal/cli/init/jdk17.go:80.2,83.12 4 0
github.com/88fantasy/datasophon/datasophon-cli-go/internal/cli/init/jdk8.go:20.34,20.60 1 0
github.com/88fantasy/datasophon/datasophon-cli-go/internal/cli/init/jdk8.go:22.66,24.2 1 0
github.com/88fantasy/datasophon/datasophon-cli-go/internal/cli/init/jdk8.go:26.57,30.55 1 0
github.com/88fantasy/datasophon/datasophon-cli-go/internal/cli/init/jdk8.go:30.55,32.4 1 0
github.com/88fantasy/datasophon/datasophon-cli-go/internal/cli/init/jdk8.go:34.2,37.12 4 0
github.com/88fantasy/datasophon/datasophon-cli-go/internal/cli/init/jdk8.go:40.56,44.42 4 0
github.com/88fantasy/datasophon/datasophon-cli-go/internal/cli/init/jdk8.go:44.42,46.3 1 0
github.com/88fantasy/datasophon/datasophon-cli-go/internal/cli/init/jdk8.go:47.2,51.48 4 0
github.com/88fantasy/datasophon/datasophon-cli-go/internal/cli/init/jdk8.go:51.48,54.3 2 0
github.com/88fantasy/datasophon/datasophon-cli-go/internal/cli/init/jdk8.go:56.2,59.82 2 0
github.com/88fantasy/datasophon/datasophon-cli-go/internal/cli/init/jdk8.go:59.82,61.3 1 0
github.com/88fantasy/datasophon/datasophon-cli-go/internal/cli/init/jdk8.go:64.2,89.55 18 0
github.com/88fantasy/datasophon/datasophon-cli-go/internal/cli/init/jdk8.go:89.55,91.3 1 0
github.com/88fantasy/datasophon/datasophon-cli-go/internal/cli/init/jdk8.go:92.2,105.12 11 0
github.com/88fantasy/datasophon/datasophon-cli-go/internal/cli/init/k8s_base_services.go:44.45,44.73 1 0
github.com/88fantasy/datasophon/datasophon-cli-go/internal/cli/init/k8s_base_services.go:46.77,48.2 1 0
github.com/88fantasy/datasophon/datasophon-cli-go/internal/cli/init/k8s_base_services.go:50.68,54.55 1 0
github.com/88fantasy/datasophon/datasophon-cli-go/internal/cli/init/k8s_base_services.go:54.55,56.4 1 0
github.com/88fantasy/datasophon/datasophon-cli-go/internal/cli/init/k8s_base_services.go:58.2,85.12 28 0
github.com/88fantasy/datasophon/datasophon-cli-go/internal/cli/init/k8s_base_services.go:88.67,89.25 1 0
github.com/88fantasy/datasophon/datasophon-cli-go/internal/cli/init/k8s_base_services.go:89.25,92.3 2 0
github.com/88fantasy/datasophon/datasophon-cli-go/internal/cli/init/k8s_base_services.go:93.2,102.71 8 0
github.com/88fantasy/datasophon/datasophon-cli-go/internal/cli/init/k8s_base_services.go:102.71,103.24 1 0
github.com/88fantasy/datasophon/datasophon-cli-go/internal/cli/init/k8s_base_services.go:103.24,108.4 4 0
github.com/88fantasy/datasophon/datasophon-cli-go/internal/cli/init/k8s_base_services.go:108.9,111.4 2 0
github.com/88fantasy/datasophon/datasophon-cli-go/internal/cli/init/k8s_base_services.go:115.2,118.23 4 0
github.com/88fantasy/datasophon/datasophon-cli-go/internal/cli/init/k8s_base_services.go:118.23,120.3 1 0
github.com/88fantasy/datasophon/datasophon-cli-go/internal/cli/init/k8s_base_services.go:120.8,122.3 1 0
github.com/88fantasy/datasophon/datasophon-cli-go/internal/cli/init/k8s_base_services.go:123.2,128.22 5 0
github.com/88fantasy/datasophon/datasophon-cli-go/internal/cli/init/k8s_base_services.go:128.22,131.3 2 0
github.com/88fantasy/datasophon/datasophon-cli-go/internal/cli/init/k8s_base_services.go:134.2,134.14 1 0
github.com/88fantasy/datasophon/datasophon-cli-go/internal/cli/init/k8s_base_services.go:134.14,137.49 3 0
github.com/88fantasy/datasophon/datasophon-cli-go/internal/cli/init/k8s_base_services.go:137.49,140.4 2 0
github.com/88fantasy/datasophon/datasophon-cli-go/internal/cli/init/k8s_base_services.go:141.3,141.35 1 0
github.com/88fantasy/datasophon/datasophon-cli-go/internal/cli/init/k8s_base_services.go:145.2,151.4 1 0
github.com/88fantasy/datasophon/datasophon-cli-go/internal/cli/init/k8s_base_services.go:151.4,154.40 1 0
github.com/88fantasy/datasophon/datasophon-cli-go/internal/cli/init/k8s_base_services.go:154.40,156.4 1 0
github.com/88fantasy/datasophon/datasophon-cli-go/internal/cli/init/k8s_base_services.go:160.2,161.68 2 0
github.com/88fantasy/datasophon/datasophon-cli-go/internal/cli/init/k8s_base_services.go:161.68,163.3 1 0
github.com/88fantasy/datasophon/datasophon-cli-go/internal/cli/init/k8s_base_services.go:164.2,168.65 3 0
github.com/88fantasy/datasophon/datasophon-cli-go/internal/cli/init/k8s_base_services.go:168.65,170.3 1 0
github.com/88fantasy/datasophon/datasophon-cli-go/internal/cli/init/k8s_base_services.go:171.2,171.63 1 0
github.com/88fantasy/datasophon/datasophon-cli-go/internal/cli/init/k8s_base_services.go:171.63,173.3 1 0
github.com/88fantasy/datasophon/datasophon-cli-go/internal/cli/init/k8s_base_services.go:174.2,174.66 1 0
github.com/88fantasy/datasophon/datasophon-cli-go/internal/cli/init/k8s_base_services.go:174.66,176.3 1 0
github.com/88fantasy/datasophon/datasophon-cli-go/internal/cli/init/k8s_base_services.go:179.2,179.26 1 0
github.com/88fantasy/datasophon/datasophon-cli-go/internal/cli/init/k8s_base_services.go:179.26,180.32 1 0
github.com/88fantasy/datasophon/datasophon-cli-go/internal/cli/init/k8s_base_services.go:180.32,181.9 1 0
github.com/88fantasy/datasophon/datasophon-cli-go/internal/cli/init/k8s_base_services.go:183.3,185.14 3 0
github.com/88fantasy/datasophon/datasophon-cli-go/internal/cli/init/k8s_base_services.go:185.14,188.4 2 0
github.com/88fantasy/datasophon/datasophon-cli-go/internal/cli/init/k8s_base_services.go:192.2,192.34 1 0
github.com/88fantasy/datasophon/datasophon-cli-go/internal/cli/init/k8s_base_services.go:192.34,194.3 1 0
github.com/88fantasy/datasophon/datasophon-cli-go/internal/cli/init/k8s_base_services.go:196.2,197.12 2 0
github.com/88fantasy/datasophon/datasophon-cli-go/internal/cli/init/k8s_base_services.go:200.75,202.12 2 0
github.com/88fantasy/datasophon/datasophon-cli-go/internal/cli/init/k8s_base_services.go:202.12,204.3 1 0
github.com/88fantasy/datasophon/datasophon-cli-go/internal/cli/init/k8s_base_services.go:205.2,205.50 1 0
github.com/88fantasy/datasophon/datasophon-cli-go/internal/cli/init/k8s_base_services.go:208.75,209.11 1 0
github.com/88fantasy/datasophon/datasophon-cli-go/internal/cli/init/k8s_base_services.go:209.11,211.3 1 0
github.com/88fantasy/datasophon/datasophon-cli-go/internal/cli/init/k8s_base_services.go:212.2,212.12 1 0
github.com/88fantasy/datasophon/datasophon-cli-go/internal/cli/init/k8s_base_services.go:217.78,219.53 2 0
github.com/88fantasy/datasophon/datasophon-cli-go/internal/cli/init/k8s_base_services.go:219.53,221.3 1 0
github.com/88fantasy/datasophon/datasophon-cli-go/internal/cli/init/k8s_base_services.go:222.2,223.24 2 0
github.com/88fantasy/datasophon/datasophon-cli-go/internal/cli/init/k8s_base_services.go:223.24,225.3 1 0
github.com/88fantasy/datasophon/datasophon-cli-go/internal/cli/init/k8s_base_services.go:226.2,226.34 1 0
github.com/88fantasy/datasophon/datasophon-cli-go/internal/cli/init/k8s_base_services.go:226.34,227.43 1 0
github.com/88fantasy/datasophon/datasophon-cli-go/internal/cli/init/k8s_base_services.go:227.43,229.4 1 0
github.com/88fantasy/datasophon/datasophon-cli-go/internal/cli/init/k8s_base_services.go:231.2,231.13 1 0
github.com/88fantasy/datasophon/datasophon-cli-go/internal/cli/init/k8s_base_services.go:234.112,236.18 2 0
github.com/88fantasy/datasophon/datasophon-cli-go/internal/cli/init/k8s_base_services.go:236.18,238.3 1 0
github.com/88fantasy/datasophon/datasophon-cli-go/internal/cli/init/k8s_base_services.go:239.2,239.23 1 0
github.com/88fantasy/datasophon/datasophon-cli-go/internal/cli/init/k8s_base_services.go:239.23,241.3 1 0
github.com/88fantasy/datasophon/datasophon-cli-go/internal/cli/init/k8s_base_services.go:242.2,244.16 3 0
github.com/88fantasy/datasophon/datasophon-cli-go/internal/cli/init/k8s_base_services.go:244.16,247.3 2 0
github.com/88fantasy/datasophon/datasophon-cli-go/internal/cli/init/k8s_base_services.go:248.2,248.12 1 0
github.com/88fantasy/datasophon/datasophon-cli-go/internal/cli/init/k8s_registry_conf.go:21.45,21.90 1 0
github.com/88fantasy/datasophon/datasophon-cli-go/internal/cli/init/k8s_registry_conf.go:23.77,25.2 1 0
github.com/88fantasy/datasophon/datasophon-cli-go/internal/cli/init/k8s_registry_conf.go:27.68,31.55 1 0
github.com/88fantasy/datasophon/datasophon-cli-go/internal/cli/init/k8s_registry_conf.go:31.55,33.4 1 0
github.com/88fantasy/datasophon/datasophon-cli-go/internal/cli/init/k8s_registry_conf.go:35.2,39.12 5 0
github.com/88fantasy/datasophon/datasophon-cli-go/internal/cli/init/k8s_registry_conf.go:42.67,43.25 1 0
github.com/88fantasy/datasophon/datasophon-cli-go/internal/cli/init/k8s_registry_conf.go:43.25,46.3 2 0
github.com/88fantasy/datasophon/datasophon-cli-go/internal/cli/init/k8s_registry_conf.go:48.2,54.38 6 0
github.com/88fantasy/datasophon/datasophon-cli-go/internal/cli/init/k8s_registry_conf.go:54.38,57.3 2 0
github.com/88fantasy/datasophon/datasophon-cli-go/internal/cli/init/k8s_registry_conf.go:58.2,58.42 1 0
github.com/88fantasy/datasophon/datasophon-cli-go/internal/cli/init/k8s_registry_conf.go:58.42,61.3 2 0
github.com/88fantasy/datasophon/datasophon-cli-go/internal/cli/init/k8s_registry_conf.go:63.2,72.66 4 0
github.com/88fantasy/datasophon/datasophon-cli-go/internal/cli/init/k8s_registry_conf.go:72.66,81.3 3 0
github.com/88fantasy/datasophon/datasophon-cli-go/internal/cli/init/k8s_registry_conf.go:82.2,84.12 3 0
github.com/88fantasy/datasophon/datasophon-cli-go/internal/cli/init/kubectl.go:24.37,24.63 1 0
github.com/88fantasy/datasophon/datasophon-cli-go/internal/cli/init/kubectl.go:26.69,28.2 1 0
github.com/88fantasy/datasophon/datasophon-cli-go/internal/cli/init/kubectl.go:30.60,34.55 1 0
github.com/88fantasy/datasophon/datasophon-cli-go/internal/cli/init/kubectl.go:34.55,36.4 1 0
github.com/88fantasy/datasophon/datasophon-cli-go/internal/cli/init/kubectl.go:38.2,48.12 11 0
github.com/88fantasy/datasophon/datasophon-cli-go/internal/cli/init/kubectl.go:51.59,52.25 1 0
github.com/88fantasy/datasophon/datasophon-cli-go/internal/cli/init/kubectl.go:52.25,55.3 2 0
github.com/88fantasy/datasophon/datasophon-cli-go/internal/cli/init/kubectl.go:56.2,56.55 1 0
github.com/88fantasy/datasophon/datasophon-cli-go/internal/cli/init/kubectl.go:56.55,59.3 2 0
github.com/88fantasy/datasophon/datasophon-cli-go/internal/cli/init/kubectl.go:61.2,62.42 2 0
github.com/88fantasy/datasophon/datasophon-cli-go/internal/cli/init/kubectl.go:62.42,64.3 1 0
github.com/88fantasy/datasophon/datasophon-cli-go/internal/cli/init/kubectl.go:65.2,68.39 2 0
github.com/88fantasy/datasophon/datasophon-cli-go/internal/cli/init/kubectl.go:68.39,70.3 1 0
github.com/88fantasy/datasophon/datasophon-cli-go/internal/cli/init/kubectl.go:72.2,72.35 1 0
github.com/88fantasy/datasophon/datasophon-cli-go/internal/cli/init/kubectl.go:72.35,75.3 2 0
github.com/88fantasy/datasophon/datasophon-cli-go/internal/cli/init/kubectl.go:76.2,78.12 3 0
github.com/88fantasy/datasophon/datasophon-cli-go/internal/cli/init/kuboard.go:26.40,26.66 1 0
github.com/88fantasy/datasophon/datasophon-cli-go/internal/cli/init/kuboard.go:28.72,30.2 1 0
github.com/88fantasy/datasophon/datasophon-cli-go/internal/cli/init/kuboard.go:32.63,36.55 1 0
github.com/88fantasy/datasophon/datasophon-cli-go/internal/cli/init/kuboard.go:36.55,38.4 1 0
github.com/88fantasy/datasophon/datasophon-cli-go/internal/cli/init/kuboard.go:40.2,49.12 10 0
github.com/88fantasy/datasophon/datasophon-cli-go/internal/cli/init/kuboard.go:52.62,53.25 1 0
github.com/88fantasy/datasophon/datasophon-cli-go/internal/cli/init/kuboard.go:53.25,56.3 2 0
github.com/88fantasy/datasophon/datasophon-cli-go/internal/cli/init/kuboard.go:57.2,58.42 2 0
github.com/88fantasy/datasophon/datasophon-cli-go/internal/cli/init/kuboard.go:58.42,61.3 2 0
github.com/88fantasy/datasophon/datasophon-cli-go/internal/cli/init/kuboard.go:63.2,65.12 3 0
github.com/88fantasy/datasophon/datasophon-cli-go/internal/cli/init/kuboard.go:65.12,67.3 1 0
github.com/88fantasy/datasophon/datasophon-cli-go/internal/cli/init/kuboard.go:68.2,72.43 3 0
github.com/88fantasy/datasophon/datasophon-cli-go/internal/cli/init/kuboard.go:72.43,74.3 1 0
github.com/88fantasy/datasophon/datasophon-cli-go/internal/cli/init/kuboard.go:77.2,81.31 3 0
github.com/88fantasy/datasophon/datasophon-cli-go/internal/cli/init/kuboard.go:81.31,83.48 2 0
github.com/88fantasy/datasophon/datasophon-cli-go/internal/cli/init/kuboard.go:83.48,86.4 2 0
github.com/88fantasy/datasophon/datasophon-cli-go/internal/cli/init/kuboard.go:90.2,91.42 2 0
github.com/88fantasy/datasophon/datasophon-cli-go/internal/cli/init/kuboard.go:91.42,94.3 2 0
github.com/88fantasy/datasophon/datasophon-cli-go/internal/cli/init/kuboard.go:95.2,96.12 2 0
github.com/88fantasy/datasophon/datasophon-cli-go/internal/cli/init/library.go:17.37,17.68 1 0
github.com/88fantasy/datasophon/datasophon-cli-go/internal/cli/init/library.go:19.69,21.2 1 0
github.com/88fantasy/datasophon/datasophon-cli-go/internal/cli/init/library.go:23.59,27.23 3 0
github.com/88fantasy/datasophon/datasophon-cli-go/internal/cli/init/library.go:27.23,28.36 1 0
github.com/88fantasy/datasophon/datasophon-cli-go/internal/cli/init/library.go:28.36,30.4 1 0
github.com/88fantasy/datasophon/datasophon-cli-go/internal/cli/init/library.go:31.3,42.55 12 0
github.com/88fantasy/datasophon/datasophon-cli-go/internal/cli/init/library.go:42.55,44.4 1 0
github.com/88fantasy/datasophon/datasophon-cli-go/internal/cli/init/library.go:45.8,45.30 1 0
github.com/88fantasy/datasophon/datasophon-cli-go/internal/cli/init/library.go:45.30,54.55 9 0
github.com/88fantasy/datasophon/datasophon-cli-go/internal/cli/init/library.go:54.55,56.4 1 0
github.com/88fantasy/datasophon/datasophon-cli-go/internal/cli/init/library.go:58.2,58.12 1 0
github.com/88fantasy/datasophon/datasophon-cli-go/internal/cli/init/library.go:61.70,63.45 2 0
github.com/88fantasy/datasophon/datasophon-cli-go/internal/cli/init/library.go:63.45,65.3 1 0
github.com/88fantasy/datasophon/datasophon-cli-go/internal/cli/init/library.go:68.62,75.2 6 0
github.com/88fantasy/datasophon/datasophon-cli-go/internal/cli/init/library.go:77.58,79.105 2 0
github.com/88fantasy/datasophon/datasophon-cli-go/internal/cli/init/library.go:79.105,83.3 3 0
github.com/88fantasy/datasophon/datasophon-cli-go/internal/cli/init/library.go:86.61,95.2 8 0
github.com/88fantasy/datasophon/datasophon-cli-go/internal/cli/init/library.go:97.89,100.23 3 0
github.com/88fantasy/datasophon/datasophon-cli-go/internal/cli/init/library.go:100.23,102.3 1 0
github.com/88fantasy/datasophon/datasophon-cli-go/internal/cli/init/library.go:102.8,104.3 1 0
github.com/88fantasy/datasophon/datasophon-cli-go/internal/cli/init/library.go:105.2,105.49 1 0
github.com/88fantasy/datasophon/datasophon-cli-go/internal/cli/init/library.go:105.49,108.3 2 0
github.com/88fantasy/datasophon/datasophon-cli-go/internal/cli/init/library.go:109.2,109.12 1 0
github.com/88fantasy/datasophon/datasophon-cli-go/internal/cli/init/library.go:112.60,116.55 1 0
github.com/88fantasy/datasophon/datasophon-cli-go/internal/cli/init/library.go:116.55,118.4 1 0
github.com/88fantasy/datasophon/datasophon-cli-go/internal/cli/init/library.go:120.2,121.12 2 0
github.com/88fantasy/datasophon/datasophon-cli-go/internal/cli/init/mysql_app_db.go:23.40,23.83 1 0
github.com/88fantasy/datasophon/datasophon-cli-go/internal/cli/init/mysql_app_db.go:25.72,27.2 1 0
github.com/88fantasy/datasophon/datasophon-cli-go/internal/cli/init/mysql_app_db.go:29.63,33.55 1 0
github.com/88fantasy/datasophon/datasophon-cli-go/internal/cli/init/mysql_app_db.go:33.55,35.4 1 0
github.com/88fantasy/datasophon/datasophon-cli-go/internal/cli/init/mysql_app_db.go:37.2,47.12 11 0
github.com/88fantasy/datasophon/datasophon-cli-go/internal/cli/init/mysql_app_db.go:50.62,53.23 3 0
github.com/88fantasy/datasophon/datasophon-cli-go/internal/cli/init/mysql_app_db.go:53.23,55.3 1 0
github.com/88fantasy/datasophon/datasophon-cli-go/internal/cli/init/mysql_app_db.go:57.2,58.40 2 0
github.com/88fantasy/datasophon/datasophon-cli-go/internal/cli/init/mysql_app_db.go:58.40,60.3 1 0
github.com/88fantasy/datasophon/datasophon-cli-go/internal/cli/init/mysql_app_db.go:60.8,62.3 1 0
github.com/88fantasy/datasophon/datasophon-cli-go/internal/cli/init/mysql_app_db.go:63.2,63.12 1 0
github.com/88fantasy/datasophon/datasophon-cli-go/internal/cli/init/mysql_app_db.go:66.68,79.28 5 0
github.com/88fantasy/datasophon/datasophon-cli-go/internal/cli/init/mysql_app_db.go:79.28,83.3 1 0
github.com/88fantasy/datasophon/datasophon-cli-go/internal/cli/init/mysql_app_db.go:83.8,87.3 1 0
github.com/88fantasy/datasophon/datasophon-cli-go/internal/cli/init/mysql_app_db.go:88.2,91.80 2 0
github.com/88fantasy/datasophon/datasophon-cli-go/internal/cli/init/mysql_app_db.go:95.60,95.84 1 0
github.com/88fantasy/datasophon/datasophon-cli-go/internal/cli/init/nmap.go:14.34,14.57 1 0
github.com/88fantasy/datasophon/datasophon-cli-go/internal/cli/init/nmap.go:16.66,18.2 1 0
github.com/88fantasy/datasophon/datasophon-cli-go/internal/cli/init/nmap.go:21.54,21.78 1 0
github.com/88fantasy/datasophon/datasophon-cli-go/internal/cli/init/nmap.go:23.56,25.48 2 0
github.com/88fantasy/datasophon/datasophon-cli-go/internal/cli/init/nmap.go:25.48,28.3 2 0
github.com/88fantasy/datasophon/datasophon-cli-go/internal/cli/init/nmap.go:29.2,30.12 2 0
github.com/88fantasy/datasophon/datasophon-cli-go/internal/cli/init/ntp_slave.go:19.38,19.66 1 0
github.com/88fantasy/datasophon/datasophon-cli-go/internal/cli/init/ntp_slave.go:21.70,23.2 1 0
github.com/88fantasy/datasophon/datasophon-cli-go/internal/cli/init/ntp_slave.go:25.61,29.55 1 0
github.com/88fantasy/datasophon/datasophon-cli-go/internal/cli/init/ntp_slave.go:29.55,31.4 1 0
github.com/88fantasy/datasophon/datasophon-cli-go/internal/cli/init/ntp_slave.go:33.2,36.12 4 0
github.com/88fantasy/datasophon/datasophon-cli-go/internal/cli/init/ntp_slave.go:39.60,47.23 7 0
github.com/88fantasy/datasophon/datasophon-cli-go/internal/cli/init/ntp_slave.go:47.23,53.3 5 0
github.com/88fantasy/datasophon/datasophon-cli-go/internal/cli/init/ntp_slave.go:55.2,56.47 2 0
github.com/88fantasy/datasophon/datasophon-cli-go/internal/cli/init/ntp_slave.go:56.47,59.3 2 0
github.com/88fantasy/datasophon/datasophon-cli-go/internal/cli/init/ntp_slave.go:60.2,77.23 6 0
github.com/88fantasy/datasophon/datasophon-cli-go/internal/cli/init/ntp_slave.go:77.23,80.3 2 0
github.com/88fantasy/datasophon/datasophon-cli-go/internal/cli/init/ntp_slave.go:80.8,82.3 1 0
github.com/88fantasy/datasophon/datasophon-cli-go/internal/cli/init/ntp_slave.go:83.2,85.12 3 0
github.com/88fantasy/datasophon/datasophon-cli-go/internal/cli/init/offline_server.go:20.43,20.77 1 0
github.com/88fantasy/datasophon/datasophon-cli-go/internal/cli/init/offline_server.go:22.75,24.2 1 0
github.com/88fantasy/datasophon/datasophon-cli-go/internal/cli/init/offline_server.go:27.63,27.87 1 0
github.com/88fantasy/datasophon/datasophon-cli-go/internal/cli/init/offline_server.go:29.65,30.22 1 0
github.com/88fantasy/datasophon/datasophon-cli-go/internal/cli/init/offline_server.go:30.22,33.3 2 0
github.com/88fantasy/datasophon/datasophon-cli-go/internal/cli/init/offline_server.go:34.2,39.40 5 0
github.com/88fantasy/datasophon/datasophon-cli-go/internal/cli/init/offline_server.go:39.40,42.3 2 0
github.com/88fantasy/datasophon/datasophon-cli-go/internal/cli/init/offline_server.go:43.2,43.38 1 0
github.com/88fantasy/datasophon/datasophon-cli-go/internal/cli/init/offline_server.go:43.38,46.3 2 0
github.com/88fantasy/datasophon/datasophon-cli-go/internal/cli/init/offline_server.go:48.2,48.23 1 0
github.com/88fantasy/datasophon/datasophon-cli-go/internal/cli/init/offline_server.go:48.23,53.52 5 0
github.com/88fantasy/datasophon/datasophon-cli-go/internal/cli/init/offline_server.go:53.52,55.4 1 0
github.com/88fantasy/datasophon/datasophon-cli-go/internal/cli/init/offline_server.go:56.3,56.64 1 0
github.com/88fantasy/datasophon/datasophon-cli-go/internal/cli/init/offline_server.go:56.64,58.4 1 0
github.com/88fantasy/datasophon/datasophon-cli-go/internal/cli/init/offline_server.go:59.3,59.51 1 0
github.com/88fantasy/datasophon/datasophon-cli-go/internal/cli/init/offline_server.go:59.51,64.4 4 0
github.com/88fantasy/datasophon/datasophon-cli-go/internal/cli/init/offline_server.go:65.3,65.67 1 0
github.com/88fantasy/datasophon/datasophon-cli-go/internal/cli/init/offline_server.go:65.67,67.4 1 0
github.com/88fantasy/datasophon/datasophon-cli-go/internal/cli/init/offline_server.go:68.8,68.30 1 0
github.com/88fantasy/datasophon/datasophon-cli-go/internal/cli/init/offline_server.go:68.30,72.55 4 0
github.com/88fantasy/datasophon/datasophon-cli-go/internal/cli/init/offline_server.go:72.55,74.4 1 0
github.com/88fantasy/datasophon/datasophon-cli-go/internal/cli/init/offline_server.go:75.3,75.62 1 0
github.com/88fantasy/datasophon/datasophon-cli-go/internal/cli/init/offline_server.go:75.62,77.4 1 0
github.com/88fantasy/datasophon/datasophon-cli-go/internal/cli/init/offline_server.go:78.3,82.65 5 0
github.com/88fantasy/datasophon/datasophon-cli-go/internal/cli/init/offline_server.go:82.65,84.4 1 0
github.com/88fantasy/datasophon/datasophon-cli-go/internal/cli/init/offline_server.go:85.8,88.3 2 0
github.com/88fantasy/datasophon/datasophon-cli-go/internal/cli/init/offline_server.go:89.2,89.12 1 0
github.com/88fantasy/datasophon/datasophon-cli-go/internal/cli/init/offline_server.go:93.62,104.2 4 0
github.com/88fantasy/datasophon/datasophon-cli-go/internal/cli/init/offline_server.go:107.62,114.2 4 0
github.com/88fantasy/datasophon/datasophon-cli-go/internal/cli/init/offline_slave.go:21.42,21.75 1 0
github.com/88fantasy/datasophon/datasophon-cli-go/internal/cli/init/offline_slave.go:23.74,25.2 1 0
github.com/88fantasy/datasophon/datasophon-cli-go/internal/cli/init/offline_slave.go:27.65,31.55 1 0
github.com/88fantasy/datasophon/datasophon-cli-go/internal/cli/init/offline_slave.go:31.55,33.4 1 0
github.com/88fantasy/datasophon/datasophon-cli-go/internal/cli/init/offline_slave.go:35.2,40.12 6 0
github.com/88fantasy/datasophon/datasophon-cli-go/internal/cli/init/offline_slave.go:43.64,48.23 4 0
github.com/88fantasy/datasophon/datasophon-cli-go/internal/cli/init/offline_slave.go:48.23,49.23 1 0
github.com/88fantasy/datasophon/datasophon-cli-go/internal/cli/init/offline_slave.go:49.23,51.4 1 0
github.com/88fantasy/datasophon/datasophon-cli-go/internal/cli/init/offline_slave.go:52.3,55.52 4 0
github.com/88fantasy/datasophon/datasophon-cli-go/internal/cli/init/offline_slave.go:55.52,57.4 1 0
github.com/88fantasy/datasophon/datasophon-cli-go/internal/cli/init/offline_slave.go:58.3,58.41 1 0
github.com/88fantasy/datasophon/datasophon-cli-go/internal/cli/init/offline_slave.go:59.8,59.30 1 0
github.com/88fantasy/datasophon/datasophon-cli-go/internal/cli/init/offline_slave.go:59.30,60.23 1 0
github.com/88fantasy/datasophon/datasophon-cli-go/internal/cli/init/offline_slave.go:60.23,62.4 1 0
github.com/88fantasy/datasophon/datasophon-cli-go/internal/cli/init/offline_slave.go:63.3,65.55 3 0
github.com/88fantasy/datasophon/datasophon-cli-go/internal/cli/init/offline_slave.go:65.55,67.4 1 0
github.com/88fantasy/datasophon/datasophon-cli-go/internal/cli/init/offline_slave.go:68.3,68.41 1 0
github.com/88fantasy/datasophon/datasophon-cli-go/internal/cli/init/offline_slave.go:69.8,72.3 2 0
github.com/88fantasy/datasophon/datasophon-cli-go/internal/cli/init/offline_slave.go:73.2,73.12 1 0
github.com/88fantasy/datasophon/datasophon-cli-go/internal/cli/init/offline_slave.go:76.59,77.58 1 0
github.com/88fantasy/datasophon/datasophon-cli-go/internal/cli/init/offline_slave.go:77.58,81.3 2 0
github.com/88fantasy/datasophon/datasophon-cli-go/internal/cli/init/offline_slave.go:82.2,82.73 1 0
github.com/88fantasy/datasophon/datasophon-cli-go/internal/cli/init/os_safe_conf.go:23.40,23.80 1 0
github.com/88fantasy/datasophon/datasophon-cli-go/internal/cli/init/os_safe_conf.go:25.72,27.2 1 0
github.com/88fantasy/datasophon/datasophon-cli-go/internal/cli/init/os_safe_conf.go:29.63,33.55 1 0
github.com/88fantasy/datasophon/datasophon-cli-go/internal/cli/init/os_safe_conf.go:33.55,35.4 1 0
github.com/88fantasy/datasophon/datasophon-cli-go/internal/cli/init/os_safe_conf.go:37.2,38.12 2 0
github.com/88fantasy/datasophon/datasophon-cli-go/internal/cli/init/os_safe_conf.go:41.62,47.44 5 0
github.com/88fantasy/datasophon/datasophon-cli-go/internal/cli/init/os_safe_conf.go:47.44,49.3 1 0
github.com/88fantasy/datasophon/datasophon-cli-go/internal/cli/init/os_safe_conf.go:50.2,50.50 1 0
github.com/88fantasy/datasophon/datasophon-cli-go/internal/cli/init/os_safe_conf.go:50.50,52.3 1 0
github.com/88fantasy/datasophon/datasophon-cli-go/internal/cli/init/os_safe_conf.go:53.2,59.23 5 0
github.com/88fantasy/datasophon/datasophon-cli-go/internal/cli/init/os_safe_conf.go:59.23,63.3 3 0
github.com/88fantasy/datasophon/datasophon-cli-go/internal/cli/init/os_safe_conf.go:64.2,64.91 1 0
github.com/88fantasy/datasophon/datasophon-cli-go/internal/cli/init/os_safe_conf.go:64.91,66.3 1 0
github.com/88fantasy/datasophon/datasophon-cli-go/internal/cli/init/os_safe_conf.go:67.2,67.48 1 0
github.com/88fantasy/datasophon/datasophon-cli-go/internal/cli/init/os_safe_conf.go:67.48,69.3 1 0
github.com/88fantasy/datasophon/datasophon-cli-go/internal/cli/init/os_safe_conf.go:70.2,70.69 1 0
github.com/88fantasy/datasophon/datasophon-cli-go/internal/cli/init/os_safe_conf.go:70.69,72.3 1 0
github.com/88fantasy/datasophon/datasophon-cli-go/internal/cli/init/os_safe_conf.go:73.2,73.67 1 0
github.com/88fantasy/datasophon/datasophon-cli-go/internal/cli/init/os_safe_conf.go:73.67,75.3 1 0
github.com/88fantasy/datasophon/datasophon-cli-go/internal/cli/init/os_safe_conf.go:77.2,79.50 3 0
github.com/88fantasy/datasophon/datasophon-cli-go/internal/cli/init/os_safe_conf.go:79.50,81.3 1 0
github.com/88fantasy/datasophon/datasophon-cli-go/internal/cli/init/os_safe_conf.go:82.2,82.47 1 0
github.com/88fantasy/datasophon/datasophon-cli-go/internal/cli/init/os_safe_conf.go:82.47,84.3 1 0
github.com/88fantasy/datasophon/datasophon-cli-go/internal/cli/init/os_safe_conf.go:85.2,85.54 1 0
github.com/88fantasy/datasophon/datasophon-cli-go/internal/cli/init/os_safe_conf.go:85.54,87.3 1 0
github.com/88fantasy/datasophon/datasophon-cli-go/internal/cli/init/os_safe_conf.go:88.2,88.50 1 0
github.com/88fantasy/datasophon/datasophon-cli-go/internal/cli/init/os_safe_conf.go:88.50,90.3 1 0
github.com/88fantasy/datasophon/datasophon-cli-go/internal/cli/init/os_safe_conf.go:91.2,91.42 1 0
github.com/88fantasy/datasophon/datasophon-cli-go/internal/cli/init/os_safe_conf.go:91.42,93.3 1 0
github.com/88fantasy/datasophon/datasophon-cli-go/internal/cli/init/os_safe_conf.go:94.2,94.51 1 0
github.com/88fantasy/datasophon/datasophon-cli-go/internal/cli/init/os_safe_conf.go:94.51,96.3 1 0
github.com/88fantasy/datasophon/datasophon-cli-go/internal/cli/init/os_safe_conf.go:97.2,97.48 1 0
github.com/88fantasy/datasophon/datasophon-cli-go/internal/cli/init/os_safe_conf.go:97.48,99.3 1 0
github.com/88fantasy/datasophon/datasophon-cli-go/internal/cli/init/os_safe_conf.go:101.2,102.12 2 0
github.com/88fantasy/datasophon/datasophon-cli-go/internal/cli/init/os_safe_conf.go:107.94,109.42 2 0
github.com/88fantasy/datasophon/datasophon-cli-go/internal/cli/init/os_safe_conf.go:109.42,111.30 2 0
github.com/88fantasy/datasophon/datasophon-cli-go/internal/cli/init/os_safe_conf.go:111.30,113.4 1 0
github.com/88fantasy/datasophon/datasophon-cli-go/internal/cli/init/os_safe_conf.go:114.3,114.13 1 0
github.com/88fantasy/datasophon/datasophon-cli-go/internal/cli/init/os_safe_conf.go:117.2,120.6 3 0
github.com/88fantasy/datasophon/datasophon-cli-go/internal/cli/init/os_safe_conf.go:120.6,125.29 3 0
github.com/88fantasy/datasophon/datasophon-cli-go/internal/cli/init/os_safe_conf.go:125.29,128.17 2 0
github.com/88fantasy/datasophon/datasophon-cli-go/internal/cli/init/os_safe_conf.go:128.17,131.5 2 0
github.com/88fantasy/datasophon/datasophon-cli-go/internal/cli/init/os_safe_conf.go:132.9,133.9 1 0
github.com/88fantasy/datasophon/datasophon-cli-go/internal/cli/init/os_safe_conf.go:137.2,138.20 2 0
github.com/88fantasy/datasophon/datasophon-cli-go/internal/cli/init/os_safe_conf.go:138.20,144.29 3 0
github.com/88fantasy/datasophon/datasophon-cli-go/internal/cli/init/os_safe_conf.go:144.29,146.4 1 0
github.com/88fantasy/datasophon/datasophon-cli-go/internal/cli/init/os_safe_conf.go:146.9,148.4 1 0
github.com/88fantasy/datasophon/datasophon-cli-go/internal/cli/init/os_safe_conf.go:149.8,151.3 1 0
github.com/88fantasy/datasophon/datasophon-cli-go/internal/cli/init/os_safe_conf.go:153.2,153.8 1 0
github.com/88fantasy/datasophon/datasophon-cli-go/internal/cli/init/os_safe_conf.go:153.8,156.3 2 0
github.com/88fantasy/datasophon/datasophon-cli-go/internal/cli/init/os_safe_conf.go:157.2,158.29 2 0
github.com/88fantasy/datasophon/datasophon-cli-go/internal/cli/init/os_safe_conf.go:158.29,160.3 1 0
github.com/88fantasy/datasophon/datasophon-cli-go/internal/cli/init/os_safe_conf.go:161.2,161.12 1 0
github.com/88fantasy/datasophon/datasophon-cli-go/internal/cli/init/os_safe_conf.go:164.58,171.2 6 0
github.com/88fantasy/datasophon/datasophon-cli-go/internal/cli/init/os_safe_conf.go:174.50,177.2 2 0
github.com/88fantasy/datasophon/datasophon-cli-go/internal/cli/init/os_safe_conf.go:180.56,183.2 2 0
github.com/88fantasy/datasophon/datasophon-cli-go/internal/cli/init/os_safe_conf.go:186.49,196.31 3 0
github.com/88fantasy/datasophon/datasophon-cli-go/internal/cli/init/os_safe_conf.go:196.31,198.21 2 0
github.com/88fantasy/datasophon/datasophon-cli-go/internal/cli/init/os_safe_conf.go:198.21,199.12 1 0
github.com/88fantasy/datasophon/datasophon-cli-go/internal/cli/init/os_safe_conf.go:201.3,202.39 2 0
github.com/88fantasy/datasophon/datasophon-cli-go/internal/cli/init/os_safe_conf.go:202.39,204.12 2 0
github.com/88fantasy/datasophon/datasophon-cli-go/internal/cli/init/os_safe_conf.go:206.3,206.61 1 0
github.com/88fantasy/datasophon/datasophon-cli-go/internal/cli/init/os_safe_conf.go:206.61,208.4 1 0
github.com/88fantasy/datasophon/datasophon-cli-go/internal/cli/init/os_safe_conf.go:208.9,210.4 1 0
github.com/88fantasy/datasophon/datasophon-cli-go/internal/cli/init/os_safe_conf.go:215.82,220.2 2 0
github.com/88fantasy/datasophon/datasophon-cli-go/internal/cli/init/os_safe_conf.go:223.54,225.101 2 0
github.com/88fantasy/datasophon/datasophon-cli-go/internal/cli/init/os_safe_conf.go:225.101,227.3 1 0
github.com/88fantasy/datasophon/datasophon-cli-go/internal/cli/init/os_safe_conf.go:228.2,228.101 1 0
github.com/88fantasy/datasophon/datasophon-cli-go/internal/cli/init/os_safe_conf.go:228.101,230.3 1 0
github.com/88fantasy/datasophon/datasophon-cli-go/internal/cli/init/os_safe_conf.go:231.2,231.84 1 0
github.com/88fantasy/datasophon/datasophon-cli-go/internal/cli/init/os_safe_conf.go:235.75,239.38 2 0
github.com/88fantasy/datasophon/datasophon-cli-go/internal/cli/init/os_safe_conf.go:239.38,241.3 1 0
github.com/88fantasy/datasophon/datasophon-cli-go/internal/cli/init/os_safe_conf.go:242.2,244.25 1 0
github.com/88fantasy/datasophon/datasophon-cli-go/internal/cli/init/os_safe_conf.go:248.74,254.2 2 0
github.com/88fantasy/datasophon/datasophon-cli-go/internal/cli/init/os_safe_conf.go:257.45,262.29 4 0
github.com/88fantasy/datasophon/datasophon-cli-go/internal/cli/init/os_safe_conf.go:262.29,264.16 2 0
github.com/88fantasy/datasophon/datasophon-cli-go/internal/cli/init/os_safe_conf.go:264.16,266.4 1 0
github.com/88fantasy/datasophon/datasophon-cli-go/internal/cli/init/os_safe_conf.go:266.9,268.4 1 0
github.com/88fantasy/datasophon/datasophon-cli-go/internal/cli/init/os_safe_conf.go:273.55,277.29 3 0
github.com/88fantasy/datasophon/datasophon-cli-go/internal/cli/init/os_safe_conf.go:277.29,279.17 2 0
github.com/88fantasy/datasophon/datasophon-cli-go/internal/cli/init/os_safe_conf.go:279.17,281.12 2 0
github.com/88fantasy/datasophon/datasophon-cli-go/internal/cli/init/os_safe_conf.go:283.3,283.100 1 0
github.com/88fantasy/datasophon/datasophon-cli-go/internal/cli/init/os_safe_conf.go:283.100,285.4 1 0
github.com/88fantasy/datasophon/datasophon-cli-go/internal/cli/init/os_safe_conf.go:285.9,287.4 1 0
github.com/88fantasy/datasophon/datasophon-cli-go/internal/cli/init/os_safe_conf.go:292.56,294.48 2 0
github.com/88fantasy/datasophon/datasophon-cli-go/internal/cli/init/os_safe_conf.go:294.48,296.3 1 0
github.com/88fantasy/datasophon/datasophon-cli-go/internal/cli/init/os_safe_conf.go:297.2,297.103 1 0
github.com/88fantasy/datasophon/datasophon-cli-go/internal/cli/init/os_safe_conf.go:297.103,299.3 1 0
github.com/88fantasy/datasophon/datasophon-cli-go/internal/cli/init/os_safe_conf.go:301.2,301.47 1 0
github.com/88fantasy/datasophon/datasophon-cli-go/internal/cli/init/os_safe_conf.go:301.47,303.3 1 0
github.com/88fantasy/datasophon/datasophon-cli-go/internal/cli/init/os_safe_conf.go:304.2,304.74 1 0
github.com/88fantasy/datasophon/datasophon-cli-go/internal/cli/init/os_safe_conf.go:308.53,311.87 2 0
github.com/88fantasy/datasophon/datasophon-cli-go/internal/cli/init/os_safe_conf.go:311.87,313.3 1 0
github.com/88fantasy/datasophon/datasophon-cli-go/internal/cli/init/os_safe_conf.go:314.2,315.12 2 0
github.com/88fantasy/datasophon/datasophon-cli-go/internal/cli/init/os_safe_conf.go:319.60,322.84 2 0
github.com/88fantasy/datasophon/datasophon-cli-go/internal/cli/init/os_safe_conf.go:322.84,324.3 1 0
github.com/88fantasy/datasophon/datasophon-cli-go/internal/cli/init/os_safe_conf.go:325.2,326.12 2 0
github.com/88fantasy/datasophon/datasophon-cli-go/internal/cli/init/os_safe_conf.go:330.56,332.91 2 0
github.com/88fantasy/datasophon/datasophon-cli-go/internal/cli/init/os_safe_conf.go:332.91,334.3 1 0
github.com/88fantasy/datasophon/datasophon-cli-go/internal/cli/init/os_safe_conf.go:335.2,335.85 1 0
github.com/88fantasy/datasophon/datasophon-cli-go/internal/cli/init/os_safe_conf.go:335.85,338.3 2 0
github.com/88fantasy/datasophon/datasophon-cli-go/internal/cli/init/os_safe_conf.go:339.2,339.12 1 0
github.com/88fantasy/datasophon/datasophon-cli-go/internal/cli/init/os_safe_conf.go:343.48,345.40 2 0
github.com/88fantasy/datasophon/datasophon-cli-go/internal/cli/init/os_safe_conf.go:345.40,347.3 1 0
github.com/88fantasy/datasophon/datasophon-cli-go/internal/cli/init/os_safe_conf.go:348.2,352.107 3 0
github.com/88fantasy/datasophon/datasophon-cli-go/internal/cli/init/os_safe_conf.go:352.107,354.3 1 0
github.com/88fantasy/datasophon/datasophon-cli-go/internal/cli/init/os_safe_conf.go:355.2,355.24 1 0
github.com/88fantasy/datasophon/datasophon-cli-go/internal/cli/init/os_safe_conf.go:359.57,361.95 2 0
github.com/88fantasy/datasophon/datasophon-cli-go/internal/cli/init/os_safe_conf.go:361.95,363.3 1 0
github.com/88fantasy/datasophon/datasophon-cli-go/internal/cli/init/os_safe_conf.go:364.2,364.24 1 0
github.com/88fantasy/datasophon/datasophon-cli-go/internal/cli/init/os_safe_conf.go:368.54,370.92 2 0
github.com/88fantasy/datasophon/datasophon-cli-go/internal/cli/init/os_safe_conf.go:370.92,372.3 1 0
github.com/88fantasy/datasophon/datasophon-cli-go/internal/cli/init/os_safe_conf.go:373.2,373.24 1 0
github.com/88fantasy/datasophon/datasophon-cli-go/internal/cli/init/os_safe_conf.go:376.74,377.49 1 0
github.com/88fantasy/datasophon/datasophon-cli-go/internal/cli/init/os_safe_conf.go:377.49,379.24 2 0
github.com/88fantasy/datasophon/datasophon-cli-go/internal/cli/init/os_safe_conf.go:379.24,381.4 1 0
github.com/88fantasy/datasophon/datasophon-cli-go/internal/cli/init/os_safe_conf.go:381.9,383.4 1 0
github.com/88fantasy/datasophon/datasophon-cli-go/internal/cli/init/os_safe_conf.go:385.2,385.72 1 0
github.com/88fantasy/datasophon/datasophon-cli-go/internal/cli/init/os_safe_conf.go:388.46,389.82 1 0
github.com/88fantasy/datasophon/datasophon-cli-go/internal/cli/init/os_safe_conf.go:389.82,392.3 2 0
github.com/88fantasy/datasophon/datasophon-cli-go/internal/cli/init/os_safe_conf.go:393.2,394.12 2 0
github.com/88fantasy/datasophon/datasophon-cli-go/internal/cli/init/os_safe_conf.go:397.46,399.24 2 0
github.com/88fantasy/datasophon/datasophon-cli-go/internal/cli/init/os_safe_conf.go:399.24,402.3 2 0
github.com/88fantasy/datasophon/datasophon-cli-go/internal/cli/init/os_safe_conf.go:403.2,403.12 1 0
github.com/88fantasy/datasophon/datasophon-cli-go/internal/cli/init/osuser.go:18.36,18.64 1 0
github.com/88fantasy/datasophon/datasophon-cli-go/internal/cli/init/osuser.go:20.68,22.2 1 0
github.com/88fantasy/datasophon/datasophon-cli-go/internal/cli/init/osuser.go:24.58,26.92 1 0
github.com/88fantasy/datasophon/datasophon-cli-go/internal/cli/init/osuser.go:26.92,27.66 1 0
github.com/88fantasy/datasophon/datasophon-cli-go/internal/cli/init/osuser.go:27.66,29.4 1 0
github.com/88fantasy/datasophon/datasophon-cli-go/internal/cli/init/osuser.go:29.9,32.4 2 0
github.com/88fantasy/datasophon/datasophon-cli-go/internal/cli/init/osuser.go:36.2,36.92 1 0
github.com/88fantasy/datasophon/datasophon-cli-go/internal/cli/init/osuser.go:36.92,37.105 1 0
github.com/88fantasy/datasophon/datasophon-cli-go/internal/cli/init/osuser.go:37.105,39.4 1 0
github.com/88fantasy/datasophon/datasophon-cli-go/internal/cli/init/osuser.go:39.9,42.4 2 0
github.com/88fantasy/datasophon/datasophon-cli-go/internal/cli/init/osuser.go:45.2,50.12 5 0
github.com/88fantasy/datasophon/datasophon-cli-go/internal/cli/init/osuser.go:53.59,57.55 1 0
github.com/88fantasy/datasophon/datasophon-cli-go/internal/cli/init/osuser.go:57.55,59.4 1 0
github.com/88fantasy/datasophon/datasophon-cli-go/internal/cli/init/osuser.go:61.2,62.12 2 0
github.com/88fantasy/datasophon/datasophon-cli-go/internal/cli/init/registry_decode.go:22.44,22.78 1 0
github.com/88fantasy/datasophon/datasophon-cli-go/internal/cli/init/registry_decode.go:24.76,26.2 1 0
github.com/88fantasy/datasophon/datasophon-cli-go/internal/cli/init/registry_decode.go:28.67,32.55 1 0
github.com/88fantasy/datasophon/datasophon-cli-go/internal/cli/init/registry_decode.go:32.55,34.4 1 0
github.com/88fantasy/datasophon/datasophon-cli-go/internal/cli/init/registry_decode.go:36.2,44.12 9 0
github.com/88fantasy/datasophon/datasophon-cli-go/internal/cli/init/registry_decode.go:47.66,48.15 1 0
github.com/88fantasy/datasophon/datasophon-cli-go/internal/cli/init/registry_decode.go:48.15,51.3 2 0
github.com/88fantasy/datasophon/datasophon-cli-go/internal/cli/init/registry_decode.go:53.2,63.4 6 0
github.com/88fantasy/datasophon/datasophon-cli-go/internal/cli/init/registry_decode.go:63.4,64.50 1 0
github.com/88fantasy/datasophon/datasophon-cli-go/internal/cli/init/registry_decode.go:64.50,67.4 2 0
github.com/88fantasy/datasophon/datasophon-cli-go/internal/cli/init/registry_decode.go:71.2,73.71 3 0
github.com/88fantasy/datasophon/datasophon-cli-go/internal/cli/init/registry_decode.go:73.71,75.3 1 0
github.com/88fantasy/datasophon/datasophon-cli-go/internal/cli/init/registry_decode.go:75.8,77.3 1 0
github.com/88fantasy/datasophon/datasophon-cli-go/internal/cli/init/registry_decode.go:79.2,80.12 2 0
github.com/88fantasy/datasophon/datasophon-cli-go/internal/cli/init/selinux.go:16.37,16.68 1 0
github.com/88fantasy/datasophon/datasophon-cli-go/internal/cli/init/selinux.go:18.69,20.2 1 0
github.com/88fantasy/datasophon/datasophon-cli-go/internal/cli/init/selinux.go:22.59,24.16 2 0
github.com/88fantasy/datasophon/datasophon-cli-go/internal/cli/init/selinux.go:24.16,26.3 1 0
github.com/88fantasy/datasophon/datasophon-cli-go/internal/cli/init/selinux.go:27.2,27.48 1 0
github.com/88fantasy/datasophon/datasophon-cli-go/internal/cli/init/selinux.go:27.48,29.60 2 0
github.com/88fantasy/datasophon/datasophon-cli-go/internal/cli/init/selinux.go:29.60,31.4 1 0
github.com/88fantasy/datasophon/datasophon-cli-go/internal/cli/init/selinux.go:32.3,32.113 1 0
github.com/88fantasy/datasophon/datasophon-cli-go/internal/cli/init/selinux.go:32.113,35.4 2 0
github.com/88fantasy/datasophon/datasophon-cli-go/internal/cli/init/selinux.go:37.2,38.12 2 0
github.com/88fantasy/datasophon/datasophon-cli-go/internal/cli/init/selinux.go:41.60,45.55 1 0
github.com/88fantasy/datasophon/datasophon-cli-go/internal/cli/init/selinux.go:45.55,47.4 1 0
github.com/88fantasy/datasophon/datasophon-cli-go/internal/cli/init/selinux.go:49.2,50.12 2 0
github.com/88fantasy/datasophon/datasophon-cli-go/internal/cli/init/ssh_free.go:20.46,22.16 2 0
github.com/88fantasy/datasophon/datasophon-cli-go/internal/cli/init/ssh_free.go:22.16,24.3 1 0
github.com/88fantasy/datasophon/datasophon-cli-go/internal/cli/init/ssh_free.go:26.2,28.52 3 0
github.com/88fantasy/datasophon/datasophon-cli-go/internal/cli/init/ssh_free.go:28.52,30.13 2 0
github.com/88fantasy/datasophon/datasophon-cli-go/internal/cli/init/ssh_free.go:30.13,32.4 1 0
github.com/88fantasy/datasophon/datasophon-cli-go/internal/cli/init/ssh_free.go:32.9,36.34 4 0
github.com/88fantasy/datasophon/datasophon-cli-go/internal/cli/init/ssh_free.go:36.34,38.5 1 0
github.com/88fantasy/datasophon/datasophon-cli-go/internal/cli/init/ssh_free.go:42.2,42.33 1 0
github.com/88fantasy/datasophon/datasophon-cli-go/internal/cli/init/ssh_free.go:42.33,44.16 2 0
github.com/88fantasy/datasophon/datasophon-cli-go/internal/cli/init/ssh_free.go:44.16,46.4 1 0
github.com/88fantasy/datasophon/datasophon-cli-go/internal/cli/init/ssh_free.go:47.3,50.14 3 0
github.com/88fantasy/datasophon/datasophon-cli-go/internal/cli/init/ssh_free.go:50.14,55.34 5 0
github.com/88fantasy/datasophon/datasophon-cli-go/internal/cli/init/ssh_free.go:55.34,57.5 1 0
github.com/88fantasy/datasophon/datasophon-cli-go/internal/cli/init/ssh_free.go:60.2,61.12 2 0
github.com/88fantasy/datasophon/datasophon-cli-go/internal/cli/init/ssh_free.go:64.57,69.55 2 0
github.com/88fantasy/datasophon/datasophon-cli-go/internal/cli/init/ssh_free.go:69.55,71.4 1 0
github.com/88fantasy/datasophon/datasophon-cli-go/internal/cli/init/ssh_free.go:73.2,75.12 3 0
github.com/88fantasy/datasophon/datasophon-cli-go/internal/cli/init/swap.go:16.34,16.63 1 0
github.com/88fantasy/datasophon/datasophon-cli-go/internal/cli/init/swap.go:18.66,20.2 1 0
github.com/88fantasy/datasophon/datasophon-cli-go/internal/cli/init/swap.go:22.56,23.76 1 0
github.com/88fantasy/datasophon/datasophon-cli-go/internal/cli/init/swap.go:23.76,25.3 1 0
github.com/88fantasy/datasophon/datasophon-cli-go/internal/cli/init/swap.go:26.2,26.72 1 0
github.com/88fantasy/datasophon/datasophon-cli-go/internal/cli/init/swap.go:26.72,28.3 1 0
github.com/88fantasy/datasophon/datasophon-cli-go/internal/cli/init/swap.go:31.2,31.60 1 0
github.com/88fantasy/datasophon/datasophon-cli-go/internal/cli/init/swap.go:31.60,34.27 3 0
github.com/88fantasy/datasophon/datasophon-cli-go/internal/cli/init/swap.go:34.27,35.45 1 0
github.com/88fantasy/datasophon/datasophon-cli-go/internal/cli/init/swap.go:35.45,38.10 3 0
github.com/88fantasy/datasophon/datasophon-cli-go/internal/cli/init/swap.go:41.3,41.13 1 0
github.com/88fantasy/datasophon/datasophon-cli-go/internal/cli/init/swap.go:41.13,43.4 1 0
github.com/88fantasy/datasophon/datasophon-cli-go/internal/cli/init/swap.go:44.3,44.45 1 0
github.com/88fantasy/datasophon/datasophon-cli-go/internal/cli/init/swap.go:47.2,47.63 1 0
github.com/88fantasy/datasophon/datasophon-cli-go/internal/cli/init/swap.go:47.63,49.3 1 0
github.com/88fantasy/datasophon/datasophon-cli-go/internal/cli/init/swap.go:50.2,50.64 1 0
github.com/88fantasy/datasophon/datasophon-cli-go/internal/cli/init/swap.go:50.64,52.3 1 0
github.com/88fantasy/datasophon/datasophon-cli-go/internal/cli/init/swap.go:53.2,53.50 1 0
github.com/88fantasy/datasophon/datasophon-cli-go/internal/cli/init/swap.go:53.50,55.3 1 0
github.com/88fantasy/datasophon/datasophon-cli-go/internal/cli/init/swap.go:56.2,57.12 2 0
github.com/88fantasy/datasophon/datasophon-cli-go/internal/cli/init/swap.go:60.57,64.55 1 0
github.com/88fantasy/datasophon/datasophon-cli-go/internal/cli/init/swap.go:64.55,66.4 1 0
github.com/88fantasy/datasophon/datasophon-cli-go/internal/cli/init/swap.go:68.2,69.12 2 0
github.com/88fantasy/datasophon/datasophon-cli-go/internal/cli/init/systemconf.go:17.40,17.77 1 0
github.com/88fantasy/datasophon/datasophon-cli-go/internal/cli/init/systemconf.go:19.72,21.2 1 0
github.com/88fantasy/datasophon/datasophon-cli-go/internal/cli/init/systemconf.go:23.63,27.55 1 0
github.com/88fantasy/datasophon/datasophon-cli-go/internal/cli/init/systemconf.go:27.55,29.4 1 0
github.com/88fantasy/datasophon/datasophon-cli-go/internal/cli/init/systemconf.go:31.2,32.12 2 0
github.com/88fantasy/datasophon/datasophon-cli-go/internal/cli/init/systemconf.go:35.62,38.15 2 0
github.com/88fantasy/datasophon/datasophon-cli-go/internal/cli/init/systemconf.go:38.15,42.74 4 0
github.com/88fantasy/datasophon/datasophon-cli-go/internal/cli/init/systemconf.go:42.74,45.4 2 0
github.com/88fantasy/datasophon/datasophon-cli-go/internal/cli/init/systemconf.go:46.3,46.43 1 0
github.com/88fantasy/datasophon/datasophon-cli-go/internal/cli/init/systemconf.go:50.2,51.16 2 0
github.com/88fantasy/datasophon/datasophon-cli-go/internal/cli/init/systemconf.go:51.16,69.75 5 0
github.com/88fantasy/datasophon/datasophon-cli-go/internal/cli/init/systemconf.go:69.75,72.4 2 0
github.com/88fantasy/datasophon/datasophon-cli-go/internal/cli/init/systemconf.go:73.3,73.43 1 0
github.com/88fantasy/datasophon/datasophon-cli-go/internal/cli/init/systemconf.go:77.2,77.42 1 0
github.com/88fantasy/datasophon/datasophon-cli-go/internal/cli/init/systemconf.go:77.42,82.3 1 0
github.com/88fantasy/datasophon/datasophon-cli-go/internal/cli/init/systemconf.go:85.2,86.16 2 0
github.com/88fantasy/datasophon/datasophon-cli-go/internal/cli/init/systemconf.go:86.16,90.66 4 0
github.com/88fantasy/datasophon/datasophon-cli-go/internal/cli/init/systemconf.go:90.66,93.4 2 0
github.com/88fantasy/datasophon/datasophon-cli-go/internal/cli/init/systemconf.go:94.3,94.43 1 0
github.com/88fantasy/datasophon/datasophon-cli-go/internal/cli/init/systemconf.go:97.2,97.56 1 0
github.com/88fantasy/datasophon/datasophon-cli-go/internal/cli/init/systemconf.go:97.56,99.3 1 0
github.com/88fantasy/datasophon/datasophon-cli-go/internal/cli/init/systemconf.go:102.2,102.29 1 0
github.com/88fantasy/datasophon/datasophon-cli-go/internal/cli/init/systemconf.go:102.29,103.48 1 0
github.com/88fantasy/datasophon/datasophon-cli-go/internal/cli/init/systemconf.go:103.48,106.4 2 0
github.com/88fantasy/datasophon/datasophon-cli-go/internal/cli/init/systemconf.go:107.3,107.44 1 0
github.com/88fantasy/datasophon/datasophon-cli-go/internal/cli/init/systemconf.go:107.44,110.4 2 0
github.com/88fantasy/datasophon/datasophon-cli-go/internal/cli/init/systemconf.go:111.3,114.53 3 0
github.com/88fantasy/datasophon/datasophon-cli-go/internal/cli/init/systemconf.go:114.53,117.4 2 0
github.com/88fantasy/datasophon/datasophon-cli-go/internal/cli/init/systemconf.go:118.3,119.56 2 0
github.com/88fantasy/datasophon/datasophon-cli-go/internal/cli/init/systemconf.go:119.56,121.4 1 0
github.com/88fantasy/datasophon/datasophon-cli-go/internal/cli/init/systemconf.go:122.3,123.85 2 0
github.com/88fantasy/datasophon/datasophon-cli-go/internal/cli/init/systemconf.go:123.85,125.4 1 0
github.com/88fantasy/datasophon/datasophon-cli-go/internal/cli/init/systemconf.go:128.2,129.12 2 0
github.com/88fantasy/datasophon/datasophon-cli-go/internal/cli/init/systemconf.go:133.63,135.52 2 0
github.com/88fantasy/datasophon/datasophon-cli-go/internal/cli/init/systemconf.go:135.52,137.31 2 0
github.com/88fantasy/datasophon/datasophon-cli-go/internal/cli/init/systemconf.go:137.31,138.34 1 0
github.com/88fantasy/datasophon/datasophon-cli-go/internal/cli/init/systemconf.go:138.34,140.10 2 0
github.com/88fantasy/datasophon/datasophon-cli-go/internal/cli/init/systemconf.go:143.3,143.12 1 0
github.com/88fantasy/datasophon/datasophon-cli-go/internal/cli/init/systemconf.go:143.12,145.4 1 0
github.com/88fantasy/datasophon/datasophon-cli-go/internal/cli/init/systemconf.go:147.2,147.15 1 0
github.com/88fantasy/datasophon/datasophon-cli-go/internal/cli/init/tar.go:19.33,19.55 1 0
github.com/88fantasy/datasophon/datasophon-cli-go/internal/cli/init/tar.go:21.65,23.2 1 0
github.com/88fantasy/datasophon/datasophon-cli-go/internal/cli/init/tar.go:25.56,29.55 1 0
github.com/88fantasy/datasophon/datasophon-cli-go/internal/cli/init/tar.go:29.55,31.4 1 0
github.com/88fantasy/datasophon/datasophon-cli-go/internal/cli/init/tar.go:33.2,35.12 3 0
github.com/88fantasy/datasophon/datasophon-cli-go/internal/cli/init/tar.go:38.55,40.16 2 0
github.com/88fantasy/datasophon/datasophon-cli-go/internal/cli/init/tar.go:40.16,43.3 2 0
github.com/88fantasy/datasophon/datasophon-cli-go/internal/cli/init/tar.go:44.2,45.12 2 0
github.com/88fantasy/datasophon/datasophon-cli-go/internal/cli/init/util.go:21.9,22.51 1 1
github.com/88fantasy/datasophon/datasophon-cli-go/internal/cli/init/util.go:22.51,25.3 2 1
github.com/88fantasy/datasophon/datasophon-cli-go/internal/cli/init/util.go:26.2,26.21 1 1
github.com/88fantasy/datasophon/datasophon-cli-go/internal/cli/init/util.go:26.21,29.3 2 1
github.com/88fantasy/datasophon/datasophon-cli-go/internal/cli/init/util.go:30.2,34.16 4 1
github.com/88fantasy/datasophon/datasophon-cli-go/internal/cli/init/util.go:34.16,36.3 1 0
github.com/88fantasy/datasophon/datasophon-cli-go/internal/cli/init/util.go:37.2,37.28 1 1
github.com/88fantasy/datasophon/datasophon-cli-go/internal/cli/init/util.go:37.28,39.3 1 1
github.com/88fantasy/datasophon/datasophon-cli-go/internal/cli/init/util.go:40.2,41.16 2 1
github.com/88fantasy/datasophon/datasophon-cli-go/internal/cli/init/util.go:41.16,43.3 1 0
github.com/88fantasy/datasophon/datasophon-cli-go/internal/cli/init/util.go:44.2,45.38 2 1
github.com/88fantasy/datasophon/datasophon-cli-go/internal/cli/init/util.go:45.38,47.3 1 1
github.com/88fantasy/datasophon/datasophon-cli-go/internal/cli/init/util.go:48.2,49.21 2 1
github.com/88fantasy/datasophon/datasophon-cli-go/internal/cli/init/util.go:49.21,51.3 1 1
github.com/88fantasy/datasophon/datasophon-cli-go/internal/cli/init/util.go:52.2,53.12 2 1
github.com/88fantasy/datasophon/datasophon-cli-go/internal/cli/create/cluster.go:22.53,27.55 2 0
github.com/88fantasy/datasophon/datasophon-cli-go/internal/cli/create/cluster.go:27.55,30.4 2 0
github.com/88fantasy/datasophon/datasophon-cli-go/internal/cli/create/cluster.go:33.2,41.55 4 0
github.com/88fantasy/datasophon/datasophon-cli-go/internal/cli/create/cluster.go:41.55,44.4 2 0
github.com/88fantasy/datasophon/datasophon-cli-go/internal/cli/create/cluster.go:46.2,52.55 2 0
github.com/88fantasy/datasophon/datasophon-cli-go/internal/cli/create/cluster.go:52.55,55.4 2 0
github.com/88fantasy/datasophon/datasophon-cli-go/internal/cli/create/cluster.go:57.2,60.12 3 0
github.com/88fantasy/datasophon/datasophon-cli-go/internal/cli/create/cluster.go:64.47,65.36 1 0
github.com/88fantasy/datasophon/datasophon-cli-go/internal/cli/create/cluster.go:65.36,67.3 1 0
github.com/88fantasy/datasophon/datasophon-cli-go/internal/cli/create/cluster.go:68.2,68.16 1 0
github.com/88fantasy/datasophon/datasophon-cli-go/internal/cli/create/cluster.go:68.16,70.3 1 0
github.com/88fantasy/datasophon/datasophon-cli-go/internal/cli/create/cluster.go:71.2,71.12 1 0
github.com/88fantasy/datasophon/datasophon-cli-go/internal/cli/create/cluster.go:71.12,75.55 4 0
github.com/88fantasy/datasophon/datasophon-cli-go/internal/cli/create/cluster.go:75.55,78.4 2 0
github.com/88fantasy/datasophon/datasophon-cli-go/internal/cli/create/cluster.go:80.2,80.21 1 0
github.com/88fantasy/datasophon/datasophon-cli-go/internal/cli/create/cluster.go:84.44,85.37 1 0
github.com/88fantasy/datasophon/datasophon-cli-go/internal/cli/create/cluster.go:85.37,87.3 1 0
github.com/88fantasy/datasophon/datasophon-cli-go/internal/cli/create/cluster.go:88.2,90.16 3 0
github.com/88fantasy/datasophon/datasophon-cli-go/internal/cli/create/cluster.go:90.16,92.3 1 0
github.com/88fantasy/datasophon/datasophon-cli-go/internal/cli/create/cluster.go:93.2,93.50 1 0
github.com/88fantasy/datasophon/datasophon-cli-go/internal/cli/create/cluster.go:93.50,95.3 1 0
github.com/88fantasy/datasophon/datasophon-cli-go/internal/cli/create/cluster.go:96.2,99.12 4 0
github.com/88fantasy/datasophon/datasophon-cli-go/internal/cli/create/cluster.go:103.45,104.37 1 0
github.com/88fantasy/datasophon/datasophon-cli-go/internal/cli/create/cluster.go:104.37,106.3 1 0
github.com/88fantasy/datasophon/datasophon-cli-go/internal/cli/create/cluster.go:107.2,108.69 2 0
github.com/88fantasy/datasophon/datasophon-cli-go/internal/cli/create/config.go:36.40,42.55 2 0
github.com/88fantasy/datasophon/datasophon-cli-go/internal/cli/create/config.go:42.55,44.4 1 0
github.com/88fantasy/datasophon/datasophon-cli-go/internal/cli/create/config.go:47.2,50.12 3 0
github.com/88fantasy/datasophon/datasophon-cli-go/internal/cli/create/config.go:53.39,55.16 2 0
github.com/88fantasy/datasophon/datasophon-cli-go/internal/cli/create/config.go:55.16,57.3 1 0
github.com/88fantasy/datasophon/datasophon-cli-go/internal/cli/create/config.go:59.2,59.62 1 0
github.com/88fantasy/datasophon/datasophon-cli-go/internal/cli/create/config.go:59.62,61.3 1 0
github.com/88fantasy/datasophon/datasophon-cli-go/internal/cli/create/config.go:63.2,64.16 2 0
github.com/88fantasy/datasophon/datasophon-cli-go/internal/cli/create/config.go:64.16,66.3 1 0
github.com/88fantasy/datasophon/datasophon-cli-go/internal/cli/create/config.go:68.2,69.16 2 0
github.com/88fantasy/datasophon/datasophon-cli-go/internal/cli/create/config.go:69.16,71.3 1 0
github.com/88fantasy/datasophon/datasophon-cli-go/internal/cli/create/config.go:72.2,73.16 2 0
github.com/88fantasy/datasophon/datasophon-cli-go/internal/cli/create/config.go:73.16,75.3 1 0
github.com/88fantasy/datasophon/datasophon-cli-go/internal/cli/create/config.go:76.2,77.16 2 0
github.com/88fantasy/datasophon/datasophon-cli-go/internal/cli/create/config.go:77.16,79.3 1 0
github.com/88fantasy/datasophon/datasophon-cli-go/internal/cli/create/config.go:80.2,81.16 2 0
github.com/88fantasy/datasophon/datasophon-cli-go/internal/cli/create/config.go:81.16,83.3 1 0
github.com/88fantasy/datasophon/datasophon-cli-go/internal/cli/create/config.go:85.2,86.16 2 0
github.com/88fantasy/datasophon/datasophon-cli-go/internal/cli/create/config.go:86.16,88.3 1 0
github.com/88fantasy/datasophon/datasophon-cli-go/internal/cli/create/config.go:90.2,96.17 2 0
github.com/88fantasy/datasophon/datasophon-cli-go/internal/cli/create/config.go:96.17,98.3 1 0
github.com/88fantasy/datasophon/datasophon-cli-go/internal/cli/create/config.go:100.2,100.77 1 0
github.com/88fantasy/datasophon/datasophon-cli-go/internal/cli/create/config.go:100.77,102.3 1 0
github.com/88fantasy/datasophon/datasophon-cli-go/internal/cli/create/config.go:104.2,108.12 5 0
github.com/88fantasy/datasophon/datasophon-cli-go/internal/cli/create/config.go:111.51,114.21 3 0
github.com/88fantasy/datasophon/datasophon-cli-go/internal/cli/create/config.go:114.21,116.17 2 0
github.com/88fantasy/datasophon/datasophon-cli-go/internal/cli/create/config.go:116.17,118.4 1 0
github.com/88fantasy/datasophon/datasophon-cli-go/internal/cli/create/config.go:119.3,119.38 1 0
github.com/88fantasy/datasophon/datasophon-cli-go/internal/cli/create/config.go:121.2,121.25 1 0
github.com/88fantasy/datasophon/datasophon-cli-go/internal/cli/create/config.go:124.38,126.16 2 0
github.com/88fantasy/datasophon/datasophon-cli-go/internal/cli/create/config.go:126.16,128.3 1 0
github.com/88fantasy/datasophon/datasophon-cli-go/internal/cli/create/config.go:129.2,129.29 1 0
github.com/88fantasy/datasophon/datasophon-cli-go/internal/cli/create/config.go:129.29,131.35 2 0
github.com/88fantasy/datasophon/datasophon-cli-go/internal/cli/create/config.go:131.35,132.12 1 0
github.com/88fantasy/datasophon/datasophon-cli-go/internal/cli/create/config.go:134.3,134.38 1 0
github.com/88fantasy/datasophon/datasophon-cli-go/internal/cli/create/config.go:134.38,136.4 1 0
github.com/88fantasy/datasophon/datasophon-cli-go/internal/cli/create/config.go:138.2,138.64 1 0
github.com/88fantasy/datasophon/datasophon-cli-go/internal/cli/create/create.go:6.52,21.2 11 0
github.com/88fantasy/datasophon/datasophon-cli-go/internal/cli/create/initializer.go:41.63,49.2 7 0
github.com/88fantasy/datasophon/datasophon-cli-go/internal/cli/create/initializer.go:51.66,52.89 1 0
github.com/88fantasy/datasophon/datasophon-cli-go/internal/cli/create/initializer.go:52.89,54.3 1 0
github.com/88fantasy/datasophon/datasophon-cli-go/internal/cli/create/initializer.go:55.2,57.53 2 0
github.com/88fantasy/datasophon/datasophon-cli-go/internal/cli/create/initializer.go:57.53,59.3 1 0
github.com/88fantasy/datasophon/datasophon-cli-go/internal/cli/create/initializer.go:60.2,60.50 1 0
github.com/88fantasy/datasophon/datasophon-cli-go/internal/cli/create/initializer.go:60.50,61.62 1 0
github.com/88fantasy/datasophon/datasophon-cli-go/internal/cli/create/initializer.go:61.62,63.4 1 0
github.com/88fantasy/datasophon/datasophon-cli-go/internal/cli/create/initializer.go:66.2,77.16 7 0
github.com/88fantasy/datasophon/datasophon-cli-go/internal/cli/create/initializer.go:77.16,79.3 1 0
github.com/88fantasy/datasophon/datasophon-cli-go/internal/cli/create/initializer.go:80.2,82.27 3 0
github.com/88fantasy/datasophon/datasophon-cli-go/internal/cli/create/initializer.go:82.27,84.3 1 0
github.com/88fantasy/datasophon/datasophon-cli-go/internal/cli/create/initializer.go:86.2,86.25 1 0
github.com/88fantasy/datasophon/datasophon-cli-go/internal/cli/create/initializer.go:86.25,88.3 1 0
github.com/88fantasy/datasophon/datasophon-cli-go/internal/cli/create/initializer.go:89.2,91.27 3 0
github.com/88fantasy/datasophon/datasophon-cli-go/internal/cli/create/initializer.go:91.27,92.35 1 0
github.com/88fantasy/datasophon/datasophon-cli-go/internal/cli/create/initializer.go:92.35,95.9 3 0
github.com/88fantasy/datasophon/datasophon-cli-go/internal/cli/create/initializer.go:99.2,100.17 2 0
github.com/88fantasy/datasophon/datasophon-cli-go/internal/cli/create/initializer.go:103.68,104.89 1 0
github.com/88fantasy/datasophon/datasophon-cli-go/internal/cli/create/initializer.go:104.89,106.3 1 0
github.com/88fantasy/datasophon/datasophon-cli-go/internal/cli/create/initializer.go:107.2,109.53 2 0
github.com/88fantasy/datasophon/datasophon-cli-go/internal/cli/create/initializer.go:109.53,111.3 1 0
github.com/88fantasy/datasophon/datasophon-cli-go/internal/cli/create/initializer.go:113.2,121.12 8 0
github.com/88fantasy/datasophon/datasophon-cli-go/internal/cli/create/initializer.go:125.63,140.2 1 0
github.com/88fantasy/datasophon/datasophon-cli-go/internal/cli/create/initializer.go:143.71,148.38 1 0
github.com/88fantasy/datasophon/datasophon-cli-go/internal/cli/create/initializer.go:148.38,148.98 1 0
github.com/88fantasy/datasophon/datasophon-cli-go/internal/cli/create/initializer.go:149.47,149.109 1 0
github.com/88fantasy/datasophon/datasophon-cli-go/internal/cli/create/initializer.go:150.36,150.100 1 0
github.com/88fantasy/datasophon/datasophon-cli-go/internal/cli/create/initializer.go:151.35,151.98 1 0
github.com/88fantasy/datasophon/datasophon-cli-go/internal/cli/create/initializer.go:152.32,152.92 1 0
github.com/88fantasy/datasophon/datasophon-cli-go/internal/cli/create/initializer.go:153.39,153.102 1 0
github.com/88fantasy/datasophon/datasophon-cli-go/internal/cli/create/initializer.go:154.33,154.99 1 0
github.com/88fantasy/datasophon/datasophon-cli-go/internal/cli/create/initializer.go:155.39,155.105 1 0
github.com/88fantasy/datasophon/datasophon-cli-go/internal/cli/create/initializer.go:156.36,158.4 1 0
github.com/88fantasy/datasophon/datasophon-cli-go/internal/cli/create/initializer.go:159.39,159.103 1 0
github.com/88fantasy/datasophon/datasophon-cli-go/internal/cli/create/initializer.go:162.2,162.26 1 0
github.com/88fantasy/datasophon/datasophon-cli-go/internal/cli/create/initializer.go:162.26,164.32 2 0
github.com/88fantasy/datasophon/datasophon-cli-go/internal/cli/create/initializer.go:164.32,166.4 1 0
github.com/88fantasy/datasophon/datasophon-cli-go/internal/cli/create/initializer.go:168.2,168.12 1 0
github.com/88fantasy/datasophon/datasophon-cli-go/internal/cli/create/initializer.go:172.92,173.17 1 0
github.com/88fantasy/datasophon/datasophon-cli-go/internal/cli/create/initializer.go:173.17,176.3 2 0
github.com/88fantasy/datasophon/datasophon-cli-go/internal/cli/create/initializer.go:177.2,180.20 4 0
github.com/88fantasy/datasophon/datasophon-cli-go/internal/cli/create/initializer.go:185.26,187.16 2 0
github.com/88fantasy/datasophon/datasophon-cli-go/internal/cli/create/initializer.go:187.16,189.3 1 0
github.com/88fantasy/datasophon/datasophon-cli-go/internal/cli/create/initializer.go:191.2,191.35 1 0
github.com/88fantasy/datasophon/datasophon-cli-go/internal/cli/create/initializer.go:191.35,192.34 1 0
github.com/88fantasy/datasophon/datasophon-cli-go/internal/cli/create/initializer.go:192.34,193.12 1 0
github.com/88fantasy/datasophon/datasophon-cli-go/internal/cli/create/initializer.go:195.3,195.40 1 0
github.com/88fantasy/datasophon/datasophon-cli-go/internal/cli/create/initializer.go:195.40,196.12 1 0
github.com/88fantasy/datasophon/datasophon-cli-go/internal/cli/create/initializer.go:199.3,200.17 2 0
github.com/88fantasy/datasophon/datasophon-cli-go/internal/cli/create/initializer.go:200.17,201.12 1 0
github.com/88fantasy/datasophon/datasophon-cli-go/internal/cli/create/initializer.go:204.3,204.30 1 0
github.com/88fantasy/datasophon/datasophon-cli-go/internal/cli/create/initializer.go:204.30,206.28 2 0
github.com/88fantasy/datasophon/datasophon-cli-go/internal/cli/create/initializer.go:207.20,208.14 1 0
github.com/88fantasy/datasophon/datasophon-cli-go/internal/cli/create/initializer.go:209.21,210.14 1 0
github.com/88fantasy/datasophon/datasophon-cli-go/internal/cli/create/initializer.go:213.4,213.36 1 0
github.com/88fantasy/datasophon/datasophon-cli-go/internal/cli/create/initializer.go:213.36,214.13 1 0
github.com/88fantasy/datasophon/datasophon-cli-go/internal/cli/create/initializer.go:217.4,218.17 2 0
github.com/88fantasy/datasophon/datasophon-cli-go/internal/cli/create/initializer.go:218.17,220.5 1 0
github.com/88fantasy/datasophon/datasophon-cli-go/internal/cli/create/initializer.go:224.2,224.11 1 0
github.com/88fantasy/datasophon/datasophon-cli-go/internal/cli/create/initializer.go:228.69,230.16 2 1
github.com/88fantasy/datasophon/datasophon-cli-go/internal/cli/create/initializer.go:230.16,232.3 1 0
github.com/88fantasy/datasophon/datasophon-cli-go/internal/cli/create/initializer.go:234.2,235.52 2 1
github.com/88fantasy/datasophon/datasophon-cli-go/internal/cli/create/initializer.go:235.52,237.3 1 0
github.com/88fantasy/datasophon/datasophon-cli-go/internal/cli/create/initializer.go:238.2,238.62 1 1
github.com/88fantasy/datasophon/datasophon-cli-go/internal/cli/create/initializer.go:238.62,240.3 1 0
github.com/88fantasy/datasophon/datasophon-cli-go/internal/cli/create/initializer.go:241.2,242.34 2 1
github.com/88fantasy/datasophon/datasophon-cli-go/internal/cli/create/initializer.go:242.34,244.3 1 0
github.com/88fantasy/datasophon/datasophon-cli-go/internal/cli/create/initializer.go:246.2,247.45 2 1
github.com/88fantasy/datasophon/datasophon-cli-go/internal/cli/create/initializer.go:247.45,248.38 1 1
github.com/88fantasy/datasophon/datasophon-cli-go/internal/cli/create/initializer.go:248.38,250.9 2 1
github.com/88fantasy/datasophon/datasophon-cli-go/internal/cli/create/initializer.go:253.2,253.59 1 1
github.com/88fantasy/datasophon/datasophon-cli-go/internal/cli/create/initializer.go:253.59,255.3 1 0
github.com/88fantasy/datasophon/datasophon-cli-go/internal/cli/create/initializer.go:257.2,257.40 1 1
github.com/88fantasy/datasophon/datasophon-cli-go/internal/cli/create/initializer.go:257.40,258.36 1 1
github.com/88fantasy/datasophon/datasophon-cli-go/internal/cli/create/initializer.go:258.36,259.12 1 0
github.com/88fantasy/datasophon/datasophon-cli-go/internal/cli/create/initializer.go:261.3,262.47 2 1
github.com/88fantasy/datasophon/datasophon-cli-go/internal/cli/create/initializer.go:262.47,263.33 1 1
github.com/88fantasy/datasophon/datasophon-cli-go/internal/cli/create/initializer.go:264.14,265.33 1 1
github.com/88fantasy/datasophon/datasophon-cli-go/internal/cli/create/initializer.go:266.20,267.33 1 1
github.com/88fantasy/datasophon/datasophon-cli-go/internal/cli/create/initializer.go:270.3,270.43 1 1
github.com/88fantasy/datasophon/datasophon-cli-go/internal/cli/create/initializer.go:270.43,272.4 1 1
github.com/88fantasy/datasophon/datasophon-cli-go/internal/cli/create/initializer.go:275.2,276.29 2 1
github.com/88fantasy/datasophon/datasophon-cli-go/internal/cli/create/initializer.go:276.29,281.3 1 1
github.com/88fantasy/datasophon/datasophon-cli-go/internal/cli/create/initializer.go:282.2,282.36 1 1
github.com/88fantasy/datasophon/datasophon-cli-go/internal/cli/create/initializer.go:282.36,287.3 1 1
github.com/88fantasy/datasophon/datasophon-cli-go/internal/cli/create/initializer.go:288.2,296.16 8 1
github.com/88fantasy/datasophon/datasophon-cli-go/internal/cli/create/initializer.go:296.16,298.3 1 0
github.com/88fantasy/datasophon/datasophon-cli-go/internal/cli/create/initializer.go:299.2,299.44 1 1
github.com/88fantasy/datasophon/datasophon-cli-go/internal/cli/create/mysql.go:36.35,36.59 1 0
github.com/88fantasy/datasophon/datasophon-cli-go/internal/cli/create/mysql.go:38.67,40.2 1 0
github.com/88fantasy/datasophon/datasophon-cli-go/internal/cli/create/mysql.go:42.57,44.42 2 0
github.com/88fantasy/datasophon/datasophon-cli-go/internal/cli/create/mysql.go:44.42,46.3 1 0
github.com/88fantasy/datasophon/datasophon-cli-go/internal/cli/create/mysql.go:47.2,53.39 4 0
github.com/88fantasy/datasophon/datasophon-cli-go/internal/cli/create/mysql.go:53.39,55.3 1 0
github.com/88fantasy/datasophon/datasophon-cli-go/internal/cli/create/mysql.go:57.2,58.23 2 0
github.com/88fantasy/datasophon/datasophon-cli-go/internal/cli/create/mysql.go:58.23,60.3 1 0
github.com/88fantasy/datasophon/datasophon-cli-go/internal/cli/create/mysql.go:62.2,62.86 1 0
github.com/88fantasy/datasophon/datasophon-cli-go/internal/cli/create/mysql.go:62.86,64.15 2 0
github.com/88fantasy/datasophon/datasophon-cli-go/internal/cli/create/mysql.go:64.15,66.4 1 0
github.com/88fantasy/datasophon/datasophon-cli-go/internal/cli/create/mysql.go:69.2,69.35 1 0
github.com/88fantasy/datasophon/datasophon-cli-go/internal/cli/create/mysql.go:69.35,72.3 2 0
[...]
github.com/88fantasy/datasophon/datasophon-cli-go/internal/plan/registry_task.go:94.40,97.4 2 0
github.com/88fantasy/datasophon/datasophon-cli-go/internal/plan/registry_task.go:98.3,101.13 4 0
github.com/88fantasy/datasophon/datasophon-cli-go/internal/plan/registry_task.go:103.2,104.41 2 0
github.com/88fantasy/datasophon/datasophon-cli-go/internal/plan/registry_task.go:107.64,109.15 2 0
github.com/88fantasy/datasophon/datasophon-cli-go/internal/plan/registry_task.go:109.15,112.3 2 0
github.com/88fantasy/datasophon/datasophon-cli-go/internal/plan/registry_task.go:113.2,114.14 2 0
github.com/88fantasy/datasophon/datasophon-cli-go/internal/plan/registry_task.go:117.73,120.16 3 0
github.com/88fantasy/datasophon/datasophon-cli-go/internal/plan/registry_task.go:120.16,123.3 2 0
github.com/88fantasy/datasophon/datasophon-cli-go/internal/plan/registry_task.go:124.2,130.16 6 0
github.com/88fantasy/datasophon/datasophon-cli-go/internal/plan/registry_task.go:130.16,133.3 2 0
github.com/88fantasy/datasophon/datasophon-cli-go/internal/plan/registry_task.go:134.2,135.28 2 0
github.com/88fantasy/datasophon/datasophon-cli-go/internal/plan/registry_task.go:135.28,138.3 2 0
github.com/88fantasy/datasophon/datasophon-cli-go/internal/plan/registry_task.go:139.2,141.14 3 0
github.com/88fantasy/datasophon/datasophon-cli-go/internal/plan/registry_task.go:144.56,152.16 4 0
github.com/88fantasy/datasophon/datasophon-cli-go/internal/plan/registry_task.go:152.16,155.3 2 0
github.com/88fantasy/datasophon/datasophon-cli-go/internal/plan/registry_task.go:156.2,157.28 2 0
github.com/88fantasy/datasophon/datasophon-cli-go/internal/plan/registry_task.go:157.28,160.3 2 0
github.com/88fantasy/datasophon/datasophon-cli-go/internal/plan/registry_task.go:161.2,162.14 2 0
github.com/88fantasy/datasophon/datasophon-cli-go/internal/plan/registry_task.go:165.57,167.38 2 0
github.com/88fantasy/datasophon/datasophon-cli-go/internal/plan/registry_task.go:167.38,169.10 2 0
github.com/88fantasy/datasophon/datasophon-cli-go/internal/plan/registry_task.go:170.40,171.43 1 0
github.com/88fantasy/datasophon/datasophon-cli-go/internal/plan/registry_task.go:172.40,173.34 1 0
github.com/88fantasy/datasophon/datasophon-cli-go/internal/plan/registry_task.go:174.40,175.34 1 0
github.com/88fantasy/datasophon/datasophon-cli-go/internal/plan/registry_task.go:176.43,178.27 2 0
github.com/88fantasy/datasophon/datasophon-cli-go/internal/plan/registry_task.go:179.41,180.31 1 0
github.com/88fantasy/datasophon/datasophon-cli-go/internal/plan/registry_task.go:181.11,182.64 1 0
github.com/88fantasy/datasophon/datasophon-cli-go/internal/plan/registry_task.go:187.81,190.16 3 0
github.com/88fantasy/datasophon/datasophon-cli-go/internal/plan/registry_task.go:190.16,193.3 2 0
github.com/88fantasy/datasophon/datasophon-cli-go/internal/plan/registry_task.go:194.2,195.28 2 0
github.com/88fantasy/datasophon/datasophon-cli-go/internal/plan/registry_task.go:195.28,198.3 2 0
github.com/88fantasy/datasophon/datasophon-cli-go/internal/plan/registry_task.go:199.2,201.14 3 0
github.com/88fantasy/datasophon/datasophon-cli-go/internal/plan/registry_task.go:204.69,207.2 1 0
github.com/88fantasy/datasophon/datasophon-cli-go/internal/plan/registry_task.go:209.69,212.2 1 0
github.com/88fantasy/datasophon/datasophon-cli-go/internal/plan/registry_task.go:214.83,217.2 1 0
github.com/88fantasy/datasophon/datasophon-cli-go/internal/plan/registry_task.go:219.66,222.2 1 0
github.com/88fantasy/datasophon/datasophon-cli-go/internal/plan/registry_task.go:224.68,227.2 1 0
github.com/88fantasy/datasophon/datasophon-cli-go/internal/plan/registry_task.go:229.58,233.16 3 0
github.com/88fantasy/datasophon/datasophon-cli-go/internal/plan/registry_task.go:233.16,236.3 2 0
github.com/88fantasy/datasophon/datasophon-cli-go/internal/plan/registry_task.go:237.2,238.28 2 0
github.com/88fantasy/datasophon/datasophon-cli-go/internal/plan/registry_task.go:238.28,241.3 2 0
github.com/88fantasy/datasophon/datasophon-cli-go/internal/plan/registry_task.go:242.2,243.14 2 0
github.com/88fantasy/datasophon/datasophon-cli-go/internal/plan/registry_task.go:246.115,249.16 3 0
github.com/88fantasy/datasophon/datasophon-cli-go/internal/plan/registry_task.go:249.16,251.3 1 0
github.com/88fantasy/datasophon/datasophon-cli-go/internal/plan/registry_task.go:252.2,254.35 3 0
github.com/88fantasy/datasophon/datasophon-cli-go/internal/plan/registry_task.go:257.114,260.16 3 0
github.com/88fantasy/datasophon/datasophon-cli-go/internal/plan/registry_task.go:260.16,262.3 1 0
github.com/88fantasy/datasophon/datasophon-cli-go/internal/plan/registry_task.go:263.2,265.35 3 0
github.com/88fantasy/datasophon/datasophon-cli-go/internal/plan/runner.go:12.86,13.28 1 1
github.com/88fantasy/datasophon/datasophon-cli-go/internal/plan/runner.go:13.28,14.65 1 1
github.com/88fantasy/datasophon/datasophon-cli-go/internal/plan/runner.go:14.65,16.4 1 1
github.com/88fantasy/datasophon/datasophon-cli-go/internal/plan/runner.go:18.2,18.12 1 0
github.com/88fantasy/datasophon/datasophon-cli-go/internal/plan/runner.go:22.83,23.19 1 1
github.com/88fantasy/datasophon/datasophon-cli-go/internal/plan/runner.go:23.19,26.3 2 0
github.com/88fantasy/datasophon/datasophon-cli-go/internal/plan/runner.go:27.2,30.23 4 1
github.com/88fantasy/datasophon/datasophon-cli-go/internal/plan/runner.go:34.70,35.17 1 1
github.com/88fantasy/datasophon/datasophon-cli-go/internal/plan/runner.go:35.17,37.3 1 0
github.com/88fantasy/datasophon/datasophon-cli-go/internal/plan/runner.go:38.2,38.67 1 1
github.com/88fantasy/datasophon/datasophon-cli-go/internal/plan/runner.go:42.94,44.9 2 1
github.com/88fantasy/datasophon/datasophon-cli-go/internal/plan/runner.go:44.9,46.3 1 0
github.com/88fantasy/datasophon/datasophon-cli-go/internal/plan/runner.go:47.2,47.18 1 1
github.com/88fantasy/datasophon/datasophon-cli-go/internal/plan/store.go:16.47,18.2 1 1
github.com/88fantasy/datasophon/datasophon-cli-go/internal/plan/store.go:21.48,24.47 3 1
github.com/88fantasy/datasophon/datasophon-cli-go/internal/plan/store.go:24.47,26.3 1 0
github.com/88fantasy/datasophon/datasophon-cli-go/internal/plan/store.go:27.2,29.16 3 1
github.com/88fantasy/datasophon/datasophon-cli-go/internal/plan/store.go:29.16,31.3 1 0
github.com/88fantasy/datasophon/datasophon-cli-go/internal/plan/store.go:32.2,32.55 1 1
github.com/88fantasy/datasophon/datasophon-cli-go/internal/plan/store.go:32.55,34.3 1 0
github.com/88fantasy/datasophon/datasophon-cli-go/internal/plan/store.go:35.2,35.12 1 1
github.com/88fantasy/datasophon/datasophon-cli-go/internal/plan/store.go:39.55,42.16 3 1
github.com/88fantasy/datasophon/datasophon-cli-go/internal/plan/store.go:42.16,43.25 1 1
github.com/88fantasy/datasophon/datasophon-cli-go/internal/plan/store.go:43.25,45.4 1 1
github.com/88fantasy/datasophon/datasophon-cli-go/internal/plan/store.go:46.3,46.62 1 0
github.com/88fantasy/datasophon/datasophon-cli-go/internal/plan/store.go:48.2,49.50 2 1
github.com/88fantasy/datasophon/datasophon-cli-go/internal/plan/store.go:49.50,51.3 1 0
github.com/88fantasy/datasophon/datasophon-cli-go/internal/plan/store.go:52.2,52.17 1 1
github.com/88fantasy/datasophon/datasophon-cli-go/internal/plan/store.go:56.47,59.2 2 0
github.com/88fantasy/datasophon/datasophon-cli-go/internal/plan/store.go:62.52,67.2 4 1
github.com/88fantasy/datasophon/datasophon-cli-go/internal/handler/chain.go:25.83,27.2 1 0
github.com/88fantasy/datasophon/datasophon-cli-go/internal/handler/chain.go:29.39,32.2 2 0
github.com/88fantasy/datasophon/datasophon-cli-go/internal/handler/chain.go:34.32,36.16 2 0
github.com/88fantasy/datasophon/datasophon-cli-go/internal/handler/chain.go:36.16,38.3 1 0
github.com/88fantasy/datasophon/datasophon-cli-go/internal/handler/chain.go:39.2,41.31 2 0
github.com/88fantasy/datasophon/datasophon-cli-go/internal/handler/chain.go:41.31,43.52 2 0
github.com/88fantasy/datasophon/datasophon-cli-go/internal/handler/chain.go:43.52,46.4 2 0
github.com/88fantasy/datasophon/datasophon-cli-go/internal/handler/chain.go:47.3,47.80 1 0
github.com/88fantasy/datasophon/datasophon-cli-go/internal/handler/chain.go:49.2,49.12 1 0
github.com/88fantasy/datasophon/datasophon-cli-go/internal/handler/chain.go:52.83,54.15 2 0
github.com/88fantasy/datasophon/datasophon-cli-go/internal/handler/chain.go:54.15,56.3 1 0
github.com/88fantasy/datasophon/datasophon-cli-go/internal/handler/chain.go:58.2,59.18 2 0
github.com/88fantasy/datasophon/datasophon-cli-go/internal/handler/chain.go:60.35,62.17 2 0
github.com/88fantasy/datasophon/datasophon-cli-go/internal/handler/chain.go:62.17,64.4 1 0
github.com/88fantasy/datasophon/datasophon-cli-go/internal/handler/chain.go:65.3,65.50 1 0
github.com/88fantasy/datasophon/datasophon-cli-go/internal/handler/chain.go:66.34,67.55 1 0
github.com/88fantasy/datasophon/datasophon-cli-go/internal/handler/chain.go:68.10,69.50 1 0
github.com/88fantasy/datasophon/datasophon-cli-go/internal/handler/chain.go:69.50,71.4 1 0
github.com/88fantasy/datasophon/datasophon-cli-go/internal/handler/chain.go:72.3,72.51 1 0
github.com/88fantasy/datasophon/datasophon-cli-go/internal/handler/chain.go:75.2,83.35 3 0
github.com/88fantasy/datasophon/datasophon-cli-go/internal/handler/chain.go:86.43,88.16 2 0
github.com/88fantasy/datasophon/datasophon-cli-go/internal/handler/chain.go:88.16,90.3 1 0
github.com/88fantasy/datasophon/datasophon-cli-go/internal/handler/chain.go:91.2,93.16 3 0
github.com/88fantasy/datasophon/datasophon-cli-go/internal/handler/chain.go:93.16,95.3 1 0
github.com/88fantasy/datasophon/datasophon-cli-go/internal/handler/chain.go:96.2,96.33 1 0
github.com/88fantasy/datasophon/datasophon-cli-go/internal/cli/root.go:13.28,31.2 7 0
github.com/88fantasy/datasophon/datasophon-cli-go/internal/cli/upload/registry.go:35.40,35.68 1 0
github.com/88fantasy/datasophon/datasophon-cli-go/internal/cli/upload/registry.go:37.72,39.2 1 0
github.com/88fantasy/datasophon/datasophon-cli-go/internal/cli/upload/registry.go:41.63,45.55 1 0
github.com/88fantasy/datasophon/datasophon-cli-go/internal/cli/upload/registry.go:45.55,47.4 1 0
github.com/88fantasy/datasophon/datasophon-cli-go/internal/cli/upload/registry.go:49.2,64.12 16 0
github.com/88fantasy/datasophon/datasophon-cli-go/internal/cli/upload/registry.go:67.62,68.23 1 0
github.com/88fantasy/datasophon/datasophon-cli-go/internal/cli/upload/registry.go:68.23,71.3 2 0
github.com/88fantasy/datasophon/datasophon-cli-go/internal/cli/upload/registry.go:72.2,72.66 1 0
github.com/88fantasy/datasophon/datasophon-cli-go/internal/cli/upload/registry.go:72.66,75.3 2 0
github.com/88fantasy/datasophon/datasophon-cli-go/internal/cli/upload/registry.go:77.2,78.30 2 0
github.com/88fantasy/datasophon/datasophon-cli-go/internal/cli/upload/registry.go:78.30,83.3 4 0
github.com/88fantasy/datasophon/datasophon-cli-go/internal/cli/upload/registry.go:84.2,84.12 1 0
github.com/88fantasy/datasophon/datasophon-cli-go/internal/cli/upload/registry.go:95.75,98.16 3 0
github.com/88fantasy/datasophon/datasophon-cli-go/internal/cli/upload/registry.go:98.16,101.3 2 0
github.com/88fantasy/datasophon/datasophon-cli-go/internal/cli/upload/registry.go:102.2,102.32 1 0
github.com/88fantasy/datasophon/datasophon-cli-go/internal/cli/upload/registry.go:102.32,103.21 1 0
github.com/88fantasy/datasophon/datasophon-cli-go/internal/cli/upload/registry.go:103.21,104.12 1 0
github.com/88fantasy/datasophon/datasophon-cli-go/internal/cli/upload/registry.go:106.3,108.19 3 0
github.com/88fantasy/datasophon/datasophon-cli-go/internal/cli/upload/registry.go:109.21,112.42 2 0
github.com/88fantasy/datasophon/datasophon-cli-go/internal/cli/upload/registry.go:112.42,113.27 1 0
github.com/88fantasy/datasophon/datasophon-cli-go/internal/cli/upload/registry.go:113.27,114.14 1 0
github.com/88fantasy/datasophon/datasophon-cli-go/internal/cli/upload/registry.go:116.5,118.39 3 0
github.com/88fantasy/datasophon/datasophon-cli-go/internal/cli/upload/registry.go:118.39,119.26 1 0
github.com/88fantasy/datasophon/datasophon-cli-go/internal/cli/upload/registry.go:119.26,120.15 1 0
github.com/88fantasy/datasophon/datasophon-cli-go/internal/cli/upload/registry.go:122.6,124.30 3 0
github.com/88fantasy/datasophon/datasophon-cli-go/internal/cli/upload/registry.go:124.30,125.20 1 0
github.com/88fantasy/datasophon/datasophon-cli-go/internal/cli/upload/registry.go:125.20,126.16 1 0
github.com/88fantasy/datasophon/datasophon-cli-go/internal/cli/upload/registry.go:128.7,129.13 2 0
github.com/88fantasy/datasophon/datasophon-cli-go/internal/cli/upload/registry.go:129.13,131.29 2 0
github.com/88fantasy/datasophon/datasophon-cli-go/internal/cli/upload/registry.go:131.29,133.9 1 0
github.com/88fantasy/datasophon/datasophon-cli-go/internal/cli/upload/registry.go:134.13,136.8 1 0
github.com/88fantasy/datasophon/datasophon-cli-go/internal/cli/upload/registry.go:140.14,143.28 3 0
github.com/88fantasy/datasophon/datasophon-cli-go/internal/cli/upload/registry.go:143.28,144.18 1 0
github.com/88fantasy/datasophon/datasophon-cli-go/internal/cli/upload/registry.go:144.18,145.14 1 0
github.com/88fantasy/datasophon/datasophon-cli-go/internal/cli/upload/registry.go:147.5,148.11 2 0
github.com/88fantasy/datasophon/datasophon-cli-go/internal/cli/upload/registry.go:148.11,150.27 2 0
github.com/88fantasy/datasophon/datasophon-cli-go/internal/cli/upload/registry.go:150.27,152.7 1 0
github.com/88fantasy/datasophon/datasophon-cli-go/internal/cli/upload/registry.go:153.11,155.6 1 0
github.com/88fantasy/datasophon/datasophon-cli-go/internal/cli/upload/registry.go:157.15,159.28 2 0
github.com/88fantasy/datasophon/datasophon-cli-go/internal/cli/upload/registry.go:159.28,160.18 1 0
github.com/88fantasy/datasophon/datasophon-cli-go/internal/cli/upload/registry.go:160.18,161.14 1 0
github.com/88fantasy/datasophon/datasophon-cli-go/internal/cli/upload/registry.go:163.5,164.11 2 0
github.com/88fantasy/datasophon/datasophon-cli-go/internal/cli/upload/registry.go:164.11,166.6 1 0
github.com/88fantasy/datasophon/datasophon-cli-go/internal/cli/upload/registry.go:166.11,168.6 1 0
github.com/88fantasy/datasophon/datasophon-cli-go/internal/cli/upload/registry.go:170.17,170.17 0 0
github.com/88fantasy/datasophon/datasophon-cli-go/internal/cli/upload/registry.go:172.11,173.71 1 0
github.com/88fantasy/datasophon/datasophon-cli-go/internal/cli/upload/registry.go:176.2,176.22 1 0
github.com/88fantasy/datasophon/datasophon-cli-go/internal/cli/upload/registry.go:180.78,182.16 2 0
github.com/88fantasy/datasophon/datasophon-cli-go/internal/cli/upload/registry.go:182.16,185.3 2 0
github.com/88fantasy/datasophon/datasophon-cli-go/internal/cli/upload/registry.go:186.2,191.16 5 0
github.com/88fantasy/datasophon/datasophon-cli-go/internal/cli/upload/registry.go:191.16,194.3 2 0
github.com/88fantasy/datasophon/datasophon-cli-go/internal/cli/upload/registry.go:195.2,195.46 1 0
github.com/88fantasy/datasophon/datasophon-cli-go/internal/cli/upload/registry.go:195.46,198.3 2 0
github.com/88fantasy/datasophon/datasophon-cli-go/internal/cli/upload/registry.go:199.2,203.16 4 0
github.com/88fantasy/datasophon/datasophon-cli-go/internal/cli/upload/registry.go:203.16,206.3 2 0
github.com/88fantasy/datasophon/datasophon-cli-go/internal/cli/upload/registry.go:207.2,212.16 5 0
github.com/88fantasy/datasophon/datasophon-cli-go/internal/cli/upload/registry.go:212.16,215.3 2 0
github.com/88fantasy/datasophon/datasophon-cli-go/internal/cli/upload/registry.go:216.2,217.80 2 0
github.com/88fantasy/datasophon/datasophon-cli-go/internal/cli/upload/registry.go:217.80,220.3 2 0
github.com/88fantasy/datasophon/datasophon-cli-go/internal/cli/upload/registry.go:221.2,223.14 3 0
github.com/88fantasy/datasophon/datasophon-cli-go/internal/cli/upload/registry.go:227.79,229.37 2 0
github.com/88fantasy/datasophon/datasophon-cli-go/internal/cli/upload/registry.go:229.37,231.3 1 0
github.com/88fantasy/datasophon/datasophon-cli-go/internal/cli/upload/registry.go:232.2,233.16 2 0
github.com/88fantasy/datasophon/datasophon-cli-go/internal/cli/upload/registry.go:233.16,235.3 1 0
github.com/88fantasy/datasophon/datasophon-cli-go/internal/cli/upload/registry.go:236.2,236.26 1 0
github.com/88fantasy/datasophon/datasophon-cli-go/internal/cli/upload/registry.go:236.26,237.16 1 0
github.com/88fantasy/datasophon/datasophon-cli-go/internal/cli/upload/registry.go:237.16,238.12 1 0
github.com/88fantasy/datasophon/datasophon-cli-go/internal/cli/upload/registry.go:240.3,243.55 4 0
github.com/88fantasy/datasophon/datasophon-cli-go/internal/cli/upload/registry.go:243.55,245.4 1 0
github.com/88fantasy/datasophon/datasophon-cli-go/internal/cli/upload/registry.go:246.3,249.16 4 0
github.com/88fantasy/datasophon/datasophon-cli-go/internal/cli/upload/registry.go:249.16,251.4 1 0
github.com/88fantasy/datasophon/datasophon-cli-go/internal/cli/upload/registry.go:251.9,253.4 1 0
github.com/88fantasy/datasophon/datasophon-cli-go/internal/cli/upload/upload.go:6.52,13.2 3 0
github.com/88fantasy/datasophon/datasophon-cli-go/internal/config/loader.go:11.48,13.16 2 0
github.com/88fantasy/datasophon/datasophon-cli-go/internal/config/loader.go:13.16,15.3 1 0
github.com/88fantasy/datasophon/datasophon-cli-go/internal/config/loader.go:17.2,18.51 2 0
github.com/88fantasy/datasophon/datasophon-cli-go/internal/config/loader.go:18.51,20.3 1 0
github.com/88fantasy/datasophon/datasophon-cli-go/internal/config/loader.go:21.2,21.18 1 0
github.com/88fantasy/datasophon/datasophon-cli-go/internal/config/loader.go:26.50,28.16 2 0
github.com/88fantasy/datasophon/datasophon-cli-go/internal/config/loader.go:28.16,30.3 1 0
github.com/88fantasy/datasophon/datasophon-cli-go/internal/config/loader.go:31.2,31.56 1 0
github.com/88fantasy/datasophon/datasophon-cli-go/internal/config/loader.go:31.56,33.3 1 0
github.com/88fantasy/datasophon/datasophon-cli-go/internal/config/loader.go:34.2,34.12 1 0
github.com/88fantasy/datasophon/datasophon-cli-go/internal/config/resources.go:24.44,25.28 1 0
github.com/88fantasy/datasophon/datasophon-cli-go/internal/config/resources.go:25.28,29.3 1 0
github.com/88fantasy/datasophon/datasophon-cli-go/internal/config/resources.go:30.2,30.24 1 0
github.com/88fantasy/datasophon/datasophon-cli-go/internal/config/resources.go:34.74,35.43 1 0
github.com/88fantasy/datasophon/datasophon-cli-go/internal/config/resources.go:35.43,37.3 1 0
github.com/88fantasy/datasophon/datasophon-cli-go/internal/config/resources.go:39.2,44.16 5 0
github.com/88fantasy/datasophon/datasophon-cli-go/internal/config/resources.go:44.16,46.3 1 0
github.com/88fantasy/datasophon/datasophon-cli-go/internal/config/resources.go:48.2,48.60 1 0
github.com/88fantasy/datasophon/datasophon-cli-go/internal/config/resources.go:48.60,50.3 1 0
github.com/88fantasy/datasophon/datasophon-cli-go/internal/config/resources.go:52.2,53.15 2 0
github.com/88fantasy/datasophon/datasophon-cli-go/internal/config/resources.go:57.72,60.16 3 0
github.com/88fantasy/datasophon/datasophon-cli-go/internal/config/resources.go:60.16,62.3 1 0
github.com/88fantasy/datasophon/datasophon-cli-go/internal/config/resources.go:63.2,63.18 1 0
github.com/88fantasy/datasophon/datasophon-cli-go/internal/config/resources.go:67.60,69.92 2 0
github.com/88fantasy/datasophon/datasophon-cli-go/internal/config/resources.go:69.92,70.17 1 0
github.com/88fantasy/datasophon/datasophon-cli-go/internal/config/resources.go:70.17,72.4 1 0
github.com/88fantasy/datasophon/datasophon-cli-go/internal/config/resources.go:73.3,73.49 1 0
github.com/88fantasy/datasophon/datasophon-cli-go/internal/config/resources.go:73.49,76.4 2 0
github.com/88fantasy/datasophon/datasophon-cli-go/internal/config/resources.go:77.3,77.13 1 0
github.com/88fantasy/datasophon/datasophon-cli-go/internal/config/resources.go:79.2,79.16 1 0
github.com/88fantasy/datasophon/datasophon-cli-go/internal/config/resources.go:79.16,81.3 1 0
github.com/88fantasy/datasophon/datasophon-cli-go/internal/config/resources.go:82.2,82.19 1 0
github.com/88fantasy/datasophon/datasophon-cli-go/internal/config/resources.go:86.49,89.2 2 0
